ARM GAS  /tmp/cckIpDuq.s 			page 1


   1              		.cpu cortex-m4
   2              		.eabi_attribute 27, 1
   3              		.eabi_attribute 28, 1
   4              		.eabi_attribute 20, 1
   5              		.eabi_attribute 21, 1
   6              		.eabi_attribute 23, 3
   7              		.eabi_attribute 24, 1
   8              		.eabi_attribute 25, 1
   9              		.eabi_attribute 26, 1
  10              		.eabi_attribute 30, 1
  11              		.eabi_attribute 34, 1
  12              		.eabi_attribute 18, 4
  13              		.file	"stm32f4xx_it.c"
  14              		.text
  15              	.Ltext0:
  16              		.cfi_sections	.debug_frame
  17              		.section	.text.NMI_Handler,"ax",%progbits
  18              		.align	1
  19              		.global	NMI_Handler
  20              		.syntax unified
  21              		.thumb
  22              		.thumb_func
  23              		.fpu fpv4-sp-d16
  25              	NMI_Handler:
  26              	.LFB130:
  27              		.file 1 "Src/stm32f4xx_it.c"
   1:Src/stm32f4xx_it.c **** /* USER CODE BEGIN Header */
   2:Src/stm32f4xx_it.c **** /**
   3:Src/stm32f4xx_it.c ****   ******************************************************************************
   4:Src/stm32f4xx_it.c ****   * @file    stm32f4xx_it.c
   5:Src/stm32f4xx_it.c ****   * @brief   Interrupt Service Routines.
   6:Src/stm32f4xx_it.c ****   ******************************************************************************
   7:Src/stm32f4xx_it.c ****   * @attention
   8:Src/stm32f4xx_it.c ****   *
   9:Src/stm32f4xx_it.c ****   * <h2><center>&copy; Copyright (c) 2019 STMicroelectronics.
  10:Src/stm32f4xx_it.c ****   * All rights reserved.</center></h2>
  11:Src/stm32f4xx_it.c ****   *
  12:Src/stm32f4xx_it.c ****   * This software component is licensed by ST under BSD 3-Clause license,
  13:Src/stm32f4xx_it.c ****   * the "License"; You may not use this file except in compliance with the
  14:Src/stm32f4xx_it.c ****   * License. You may obtain a copy of the License at:
  15:Src/stm32f4xx_it.c ****   *                        opensource.org/licenses/BSD-3-Clause
  16:Src/stm32f4xx_it.c ****   *
  17:Src/stm32f4xx_it.c ****   ******************************************************************************
  18:Src/stm32f4xx_it.c ****   */
  19:Src/stm32f4xx_it.c **** /* USER CODE END Header */
  20:Src/stm32f4xx_it.c **** 
  21:Src/stm32f4xx_it.c **** /* Includes ------------------------------------------------------------------*/
  22:Src/stm32f4xx_it.c **** #include "main.h"
  23:Src/stm32f4xx_it.c **** #include "stm32f4xx_it.h"
  24:Src/stm32f4xx_it.c **** /* Private includes ----------------------------------------------------------*/
  25:Src/stm32f4xx_it.c **** /* USER CODE BEGIN Includes */
  26:Src/stm32f4xx_it.c **** /* USER CODE END Includes */
  27:Src/stm32f4xx_it.c **** 
  28:Src/stm32f4xx_it.c **** /* Private typedef -----------------------------------------------------------*/
  29:Src/stm32f4xx_it.c **** /* USER CODE BEGIN TD */
  30:Src/stm32f4xx_it.c **** 
  31:Src/stm32f4xx_it.c **** /* USER CODE END TD */
ARM GAS  /tmp/cckIpDuq.s 			page 2


  32:Src/stm32f4xx_it.c **** 
  33:Src/stm32f4xx_it.c **** /* Private define ------------------------------------------------------------*/
  34:Src/stm32f4xx_it.c **** /* USER CODE BEGIN PD */
  35:Src/stm32f4xx_it.c ****  
  36:Src/stm32f4xx_it.c **** /* USER CODE END PD */
  37:Src/stm32f4xx_it.c **** 
  38:Src/stm32f4xx_it.c **** /* Private macro -------------------------------------------------------------*/
  39:Src/stm32f4xx_it.c **** /* USER CODE BEGIN PM */
  40:Src/stm32f4xx_it.c **** 
  41:Src/stm32f4xx_it.c **** /* USER CODE END PM */
  42:Src/stm32f4xx_it.c **** 
  43:Src/stm32f4xx_it.c **** /* Private variables ---------------------------------------------------------*/
  44:Src/stm32f4xx_it.c **** /* USER CODE BEGIN PV */
  45:Src/stm32f4xx_it.c **** 
  46:Src/stm32f4xx_it.c **** /* USER CODE END PV */
  47:Src/stm32f4xx_it.c **** 
  48:Src/stm32f4xx_it.c **** /* Private function prototypes -----------------------------------------------*/
  49:Src/stm32f4xx_it.c **** /* USER CODE BEGIN PFP */
  50:Src/stm32f4xx_it.c **** 
  51:Src/stm32f4xx_it.c **** /* USER CODE END PFP */
  52:Src/stm32f4xx_it.c **** 
  53:Src/stm32f4xx_it.c **** /* Private user code ---------------------------------------------------------*/
  54:Src/stm32f4xx_it.c **** /* USER CODE BEGIN 0 */
  55:Src/stm32f4xx_it.c **** 
  56:Src/stm32f4xx_it.c **** /* USER CODE END 0 */
  57:Src/stm32f4xx_it.c **** 
  58:Src/stm32f4xx_it.c **** /* External variables --------------------------------------------------------*/
  59:Src/stm32f4xx_it.c **** 
  60:Src/stm32f4xx_it.c **** /* USER CODE BEGIN EV */
  61:Src/stm32f4xx_it.c **** 
  62:Src/stm32f4xx_it.c **** /* USER CODE END EV */
  63:Src/stm32f4xx_it.c **** 
  64:Src/stm32f4xx_it.c **** /******************************************************************************/
  65:Src/stm32f4xx_it.c **** /*           Cortex-M4 Processor Interruption and Exception Handlers          */ 
  66:Src/stm32f4xx_it.c **** /******************************************************************************/
  67:Src/stm32f4xx_it.c **** /**
  68:Src/stm32f4xx_it.c ****   * @brief This function handles Non maskable interrupt.
  69:Src/stm32f4xx_it.c ****   */
  70:Src/stm32f4xx_it.c **** void NMI_Handler(void)
  71:Src/stm32f4xx_it.c **** {
  28              		.loc 1 71 0
  29              		.cfi_startproc
  30              		@ args = 0, pretend = 0, frame = 0
  31              		@ frame_needed = 0, uses_anonymous_args = 0
  32              		@ link register save eliminated.
  72:Src/stm32f4xx_it.c ****   /* USER CODE BEGIN NonMaskableInt_IRQn 0 */
  73:Src/stm32f4xx_it.c **** 
  74:Src/stm32f4xx_it.c ****   /* USER CODE END NonMaskableInt_IRQn 0 */
  75:Src/stm32f4xx_it.c ****   /* USER CODE BEGIN NonMaskableInt_IRQn 1 */
  76:Src/stm32f4xx_it.c **** 
  77:Src/stm32f4xx_it.c ****   /* USER CODE END NonMaskableInt_IRQn 1 */
  78:Src/stm32f4xx_it.c **** }
  33              		.loc 1 78 0
  34 0000 7047     		bx	lr
  35              		.cfi_endproc
  36              	.LFE130:
  38              		.section	.text.HardFault_Handler,"ax",%progbits
ARM GAS  /tmp/cckIpDuq.s 			page 3


  39              		.align	1
  40              		.global	HardFault_Handler
  41              		.syntax unified
  42              		.thumb
  43              		.thumb_func
  44              		.fpu fpv4-sp-d16
  46              	HardFault_Handler:
  47              	.LFB131:
  79:Src/stm32f4xx_it.c **** 
  80:Src/stm32f4xx_it.c **** /**
  81:Src/stm32f4xx_it.c ****   * @brief This function handles Hard fault interrupt.
  82:Src/stm32f4xx_it.c ****   */
  83:Src/stm32f4xx_it.c **** void HardFault_Handler(void)
  84:Src/stm32f4xx_it.c **** {
  48              		.loc 1 84 0
  49              		.cfi_startproc
  50              		@ Volatile: function does not return.
  51              		@ args = 0, pretend = 0, frame = 0
  52              		@ frame_needed = 0, uses_anonymous_args = 0
  53              		@ link register save eliminated.
  54              	.L3:
  55 0000 FEE7     		b	.L3
  56              		.cfi_endproc
  57              	.LFE131:
  59              		.section	.text.MemManage_Handler,"ax",%progbits
  60              		.align	1
  61              		.global	MemManage_Handler
  62              		.syntax unified
  63              		.thumb
  64              		.thumb_func
  65              		.fpu fpv4-sp-d16
  67              	MemManage_Handler:
  68              	.LFB132:
  85:Src/stm32f4xx_it.c ****   /* USER CODE BEGIN HardFault_IRQn 0 */
  86:Src/stm32f4xx_it.c **** 
  87:Src/stm32f4xx_it.c ****   /* USER CODE END HardFault_IRQn 0 */
  88:Src/stm32f4xx_it.c ****   while (1)
  89:Src/stm32f4xx_it.c ****   {
  90:Src/stm32f4xx_it.c ****     /* USER CODE BEGIN W1_HardFault_IRQn 0 */
  91:Src/stm32f4xx_it.c ****     /* USER CODE END W1_HardFault_IRQn 0 */
  92:Src/stm32f4xx_it.c ****   }
  93:Src/stm32f4xx_it.c **** }
  94:Src/stm32f4xx_it.c **** 
  95:Src/stm32f4xx_it.c **** /**
  96:Src/stm32f4xx_it.c ****   * @brief This function handles Memory management fault.
  97:Src/stm32f4xx_it.c ****   */
  98:Src/stm32f4xx_it.c **** void MemManage_Handler(void)
  99:Src/stm32f4xx_it.c **** {
  69              		.loc 1 99 0
  70              		.cfi_startproc
  71              		@ Volatile: function does not return.
  72              		@ args = 0, pretend = 0, frame = 0
  73              		@ frame_needed = 0, uses_anonymous_args = 0
  74              		@ link register save eliminated.
  75              	.L5:
  76 0000 FEE7     		b	.L5
  77              		.cfi_endproc
ARM GAS  /tmp/cckIpDuq.s 			page 4


  78              	.LFE132:
  80              		.section	.text.BusFault_Handler,"ax",%progbits
  81              		.align	1
  82              		.global	BusFault_Handler
  83              		.syntax unified
  84              		.thumb
  85              		.thumb_func
  86              		.fpu fpv4-sp-d16
  88              	BusFault_Handler:
  89              	.LFB133:
 100:Src/stm32f4xx_it.c ****   /* USER CODE BEGIN MemoryManagement_IRQn 0 */
 101:Src/stm32f4xx_it.c **** 
 102:Src/stm32f4xx_it.c ****   /* USER CODE END MemoryManagement_IRQn 0 */
 103:Src/stm32f4xx_it.c ****   while (1)
 104:Src/stm32f4xx_it.c ****   {
 105:Src/stm32f4xx_it.c ****     /* USER CODE BEGIN W1_MemoryManagement_IRQn 0 */
 106:Src/stm32f4xx_it.c ****     /* USER CODE END W1_MemoryManagement_IRQn 0 */
 107:Src/stm32f4xx_it.c ****   }
 108:Src/stm32f4xx_it.c **** }
 109:Src/stm32f4xx_it.c **** 
 110:Src/stm32f4xx_it.c **** /**
 111:Src/stm32f4xx_it.c ****   * @brief This function handles Pre-fetch fault, memory access fault.
 112:Src/stm32f4xx_it.c ****   */
 113:Src/stm32f4xx_it.c **** void BusFault_Handler(void)
 114:Src/stm32f4xx_it.c **** {
  90              		.loc 1 114 0
  91              		.cfi_startproc
  92              		@ Volatile: function does not return.
  93              		@ args = 0, pretend = 0, frame = 0
  94              		@ frame_needed = 0, uses_anonymous_args = 0
  95              		@ link register save eliminated.
  96              	.L7:
  97 0000 FEE7     		b	.L7
  98              		.cfi_endproc
  99              	.LFE133:
 101              		.section	.text.UsageFault_Handler,"ax",%progbits
 102              		.align	1
 103              		.global	UsageFault_Handler
 104              		.syntax unified
 105              		.thumb
 106              		.thumb_func
 107              		.fpu fpv4-sp-d16
 109              	UsageFault_Handler:
 110              	.LFB134:
 115:Src/stm32f4xx_it.c ****   /* USER CODE BEGIN BusFault_IRQn 0 */
 116:Src/stm32f4xx_it.c **** 
 117:Src/stm32f4xx_it.c ****   /* USER CODE END BusFault_IRQn 0 */
 118:Src/stm32f4xx_it.c ****   while (1)
 119:Src/stm32f4xx_it.c ****   {
 120:Src/stm32f4xx_it.c ****     /* USER CODE BEGIN W1_BusFault_IRQn 0 */
 121:Src/stm32f4xx_it.c ****     /* USER CODE END W1_BusFault_IRQn 0 */
 122:Src/stm32f4xx_it.c ****   }
 123:Src/stm32f4xx_it.c **** }
 124:Src/stm32f4xx_it.c **** 
 125:Src/stm32f4xx_it.c **** /**
 126:Src/stm32f4xx_it.c ****   * @brief This function handles Undefined instruction or illegal state.
 127:Src/stm32f4xx_it.c ****   */
ARM GAS  /tmp/cckIpDuq.s 			page 5


 128:Src/stm32f4xx_it.c **** void UsageFault_Handler(void)
 129:Src/stm32f4xx_it.c **** {
 111              		.loc 1 129 0
 112              		.cfi_startproc
 113              		@ Volatile: function does not return.
 114              		@ args = 0, pretend = 0, frame = 0
 115              		@ frame_needed = 0, uses_anonymous_args = 0
 116              		@ link register save eliminated.
 117              	.L9:
 118 0000 FEE7     		b	.L9
 119              		.cfi_endproc
 120              	.LFE134:
 122              		.section	.text.SVC_Handler,"ax",%progbits
 123              		.align	1
 124              		.global	SVC_Handler
 125              		.syntax unified
 126              		.thumb
 127              		.thumb_func
 128              		.fpu fpv4-sp-d16
 130              	SVC_Handler:
 131              	.LFB135:
 130:Src/stm32f4xx_it.c ****   /* USER CODE BEGIN UsageFault_IRQn 0 */
 131:Src/stm32f4xx_it.c **** 
 132:Src/stm32f4xx_it.c ****   /* USER CODE END UsageFault_IRQn 0 */
 133:Src/stm32f4xx_it.c ****   while (1)
 134:Src/stm32f4xx_it.c ****   {
 135:Src/stm32f4xx_it.c ****     /* USER CODE BEGIN W1_UsageFault_IRQn 0 */
 136:Src/stm32f4xx_it.c ****     /* USER CODE END W1_UsageFault_IRQn 0 */
 137:Src/stm32f4xx_it.c ****   }
 138:Src/stm32f4xx_it.c **** }
 139:Src/stm32f4xx_it.c **** 
 140:Src/stm32f4xx_it.c **** /**
 141:Src/stm32f4xx_it.c ****   * @brief This function handles System service call via SWI instruction.
 142:Src/stm32f4xx_it.c ****   */
 143:Src/stm32f4xx_it.c **** void SVC_Handler(void)
 144:Src/stm32f4xx_it.c **** {
 132              		.loc 1 144 0
 133              		.cfi_startproc
 134              		@ args = 0, pretend = 0, frame = 0
 135              		@ frame_needed = 0, uses_anonymous_args = 0
 136              		@ link register save eliminated.
 145:Src/stm32f4xx_it.c ****   /* USER CODE BEGIN SVCall_IRQn 0 */
 146:Src/stm32f4xx_it.c **** 
 147:Src/stm32f4xx_it.c ****   /* USER CODE END SVCall_IRQn 0 */
 148:Src/stm32f4xx_it.c ****   /* USER CODE BEGIN SVCall_IRQn 1 */
 149:Src/stm32f4xx_it.c **** 
 150:Src/stm32f4xx_it.c ****   /* USER CODE END SVCall_IRQn 1 */
 151:Src/stm32f4xx_it.c **** }
 137              		.loc 1 151 0
 138 0000 7047     		bx	lr
 139              		.cfi_endproc
 140              	.LFE135:
 142              		.section	.text.DebugMon_Handler,"ax",%progbits
 143              		.align	1
 144              		.global	DebugMon_Handler
 145              		.syntax unified
 146              		.thumb
ARM GAS  /tmp/cckIpDuq.s 			page 6


 147              		.thumb_func
 148              		.fpu fpv4-sp-d16
 150              	DebugMon_Handler:
 151              	.LFB136:
 152:Src/stm32f4xx_it.c **** 
 153:Src/stm32f4xx_it.c **** /**
 154:Src/stm32f4xx_it.c ****   * @brief This function handles Debug monitor.
 155:Src/stm32f4xx_it.c ****   */
 156:Src/stm32f4xx_it.c **** void DebugMon_Handler(void)
 157:Src/stm32f4xx_it.c **** {
 152              		.loc 1 157 0
 153              		.cfi_startproc
 154              		@ args = 0, pretend = 0, frame = 0
 155              		@ frame_needed = 0, uses_anonymous_args = 0
 156              		@ link register save eliminated.
 158:Src/stm32f4xx_it.c ****   /* USER CODE BEGIN DebugMonitor_IRQn 0 */
 159:Src/stm32f4xx_it.c **** 
 160:Src/stm32f4xx_it.c ****   /* USER CODE END DebugMonitor_IRQn 0 */
 161:Src/stm32f4xx_it.c ****   /* USER CODE BEGIN DebugMonitor_IRQn 1 */
 162:Src/stm32f4xx_it.c **** 
 163:Src/stm32f4xx_it.c ****   /* USER CODE END DebugMonitor_IRQn 1 */
 164:Src/stm32f4xx_it.c **** }
 157              		.loc 1 164 0
 158 0000 7047     		bx	lr
 159              		.cfi_endproc
 160              	.LFE136:
 162              		.section	.text.PendSV_Handler,"ax",%progbits
 163              		.align	1
 164              		.global	PendSV_Handler
 165              		.syntax unified
 166              		.thumb
 167              		.thumb_func
 168              		.fpu fpv4-sp-d16
 170              	PendSV_Handler:
 171              	.LFB137:
 165:Src/stm32f4xx_it.c **** 
 166:Src/stm32f4xx_it.c **** /**
 167:Src/stm32f4xx_it.c ****   * @brief This function handles Pendable request for system service.
 168:Src/stm32f4xx_it.c ****   */
 169:Src/stm32f4xx_it.c **** void PendSV_Handler(void)
 170:Src/stm32f4xx_it.c **** {
 172              		.loc 1 170 0
 173              		.cfi_startproc
 174              		@ args = 0, pretend = 0, frame = 0
 175              		@ frame_needed = 0, uses_anonymous_args = 0
 176              		@ link register save eliminated.
 171:Src/stm32f4xx_it.c ****   /* USER CODE BEGIN PendSV_IRQn 0 */
 172:Src/stm32f4xx_it.c **** 
 173:Src/stm32f4xx_it.c ****   /* USER CODE END PendSV_IRQn 0 */
 174:Src/stm32f4xx_it.c ****   /* USER CODE BEGIN PendSV_IRQn 1 */
 175:Src/stm32f4xx_it.c **** 
 176:Src/stm32f4xx_it.c ****   /* USER CODE END PendSV_IRQn 1 */
 177:Src/stm32f4xx_it.c **** }
 177              		.loc 1 177 0
 178 0000 7047     		bx	lr
 179              		.cfi_endproc
 180              	.LFE137:
ARM GAS  /tmp/cckIpDuq.s 			page 7


 182              		.section	.text.SysTick_Handler,"ax",%progbits
 183              		.align	1
 184              		.global	SysTick_Handler
 185              		.syntax unified
 186              		.thumb
 187              		.thumb_func
 188              		.fpu fpv4-sp-d16
 190              	SysTick_Handler:
 191              	.LFB138:
 178:Src/stm32f4xx_it.c **** 
 179:Src/stm32f4xx_it.c **** /**
 180:Src/stm32f4xx_it.c ****   * @brief This function handles System tick timer.
 181:Src/stm32f4xx_it.c ****   */
 182:Src/stm32f4xx_it.c **** void SysTick_Handler(void)
 183:Src/stm32f4xx_it.c **** {
 192              		.loc 1 183 0
 193              		.cfi_startproc
 194              		@ args = 0, pretend = 0, frame = 0
 195              		@ frame_needed = 0, uses_anonymous_args = 0
 196 0000 08B5     		push	{r3, lr}
 197              	.LCFI0:
 198              		.cfi_def_cfa_offset 8
 199              		.cfi_offset 3, -8
 200              		.cfi_offset 14, -4
 184:Src/stm32f4xx_it.c ****   /* USER CODE BEGIN SysTick_IRQn 0 */
 185:Src/stm32f4xx_it.c **** 
 186:Src/stm32f4xx_it.c ****   /* USER CODE END SysTick_IRQn 0 */
 187:Src/stm32f4xx_it.c ****   HAL_IncTick();
 201              		.loc 1 187 0
 202 0002 FFF7FEFF 		bl	HAL_IncTick
 203              	.LVL0:
 188:Src/stm32f4xx_it.c ****   /* USER CODE BEGIN SysTick_IRQn 1 */
 189:Src/stm32f4xx_it.c **** 
 190:Src/stm32f4xx_it.c ****   /* USER CODE END SysTick_IRQn 1 */
 191:Src/stm32f4xx_it.c **** }
 204              		.loc 1 191 0
 205 0006 08BD     		pop	{r3, pc}
 206              		.cfi_endproc
 207              	.LFE138:
 209              		.text
 210              	.Letext0:
 211              		.file 2 "/home/gianluca/gcc-arm-none-eabi-7-2018-q2-update/arm-none-eabi/include/machine/_default_
 212              		.file 3 "/home/gianluca/gcc-arm-none-eabi-7-2018-q2-update/arm-none-eabi/include/sys/_stdint.h"
 213              		.file 4 "Drivers/CMSIS/Include/core_cm4.h"
 214              		.file 5 "Drivers/CMSIS/Device/ST/STM32F4xx/Include/system_stm32f4xx.h"
 215              		.file 6 "Drivers/STM32F4xx_HAL_Driver/Inc/stm32f4xx_hal.h"
ARM GAS  /tmp/cckIpDuq.s 			page 8


DEFINED SYMBOLS
                            *ABS*:0000000000000000 stm32f4xx_it.c
     /tmp/cckIpDuq.s:18     .text.NMI_Handler:0000000000000000 $t
     /tmp/cckIpDuq.s:25     .text.NMI_Handler:0000000000000000 NMI_Handler
     /tmp/cckIpDuq.s:39     .text.HardFault_Handler:0000000000000000 $t
     /tmp/cckIpDuq.s:46     .text.HardFault_Handler:0000000000000000 HardFault_Handler
     /tmp/cckIpDuq.s:60     .text.MemManage_Handler:0000000000000000 $t
     /tmp/cckIpDuq.s:67     .text.MemManage_Handler:0000000000000000 MemManage_Handler
     /tmp/cckIpDuq.s:81     .text.BusFault_Handler:0000000000000000 $t
     /tmp/cckIpDuq.s:88     .text.BusFault_Handler:0000000000000000 BusFault_Handler
     /tmp/cckIpDuq.s:102    .text.UsageFault_Handler:0000000000000000 $t
     /tmp/cckIpDuq.s:109    .text.UsageFault_Handler:0000000000000000 UsageFault_Handler
     /tmp/cckIpDuq.s:123    .text.SVC_Handler:0000000000000000 $t
     /tmp/cckIpDuq.s:130    .text.SVC_Handler:0000000000000000 SVC_Handler
     /tmp/cckIpDuq.s:143    .text.DebugMon_Handler:0000000000000000 $t
     /tmp/cckIpDuq.s:150    .text.DebugMon_Handler:0000000000000000 DebugMon_Handler
     /tmp/cckIpDuq.s:163    .text.PendSV_Handler:0000000000000000 $t
     /tmp/cckIpDuq.s:170    .text.PendSV_Handler:0000000000000000 PendSV_Handler
     /tmp/cckIpDuq.s:183    .text.SysTick_Handler:0000000000000000 $t
     /tmp/cckIpDuq.s:190    .text.SysTick_Handler:0000000000000000 SysTick_Handler

UNDEFINED SYMBOLS
HAL_IncTick
