ARM GAS  /tmp/ccuK8gWv.s 			page 1


   1              		.cpu cortex-m4
   2              		.eabi_attribute 27, 1
   3              		.eabi_attribute 28, 1
   4              		.eabi_attribute 20, 1
   5              		.eabi_attribute 21, 1
   6              		.eabi_attribute 23, 3
   7              		.eabi_attribute 24, 1
   8              		.eabi_attribute 25, 1
   9              		.eabi_attribute 26, 1
  10              		.eabi_attribute 30, 1
  11              		.eabi_attribute 34, 1
  12              		.eabi_attribute 18, 4
  13              		.file	"stm32f4xx_hal_msp.c"
  14              		.text
  15              	.Ltext0:
  16              		.cfi_sections	.debug_frame
  17              		.section	.text.HAL_FSMC_MspInit,"ax",%progbits
  18              		.align	1
  19              		.syntax unified
  20              		.thumb
  21              		.thumb_func
  22              		.fpu fpv4-sp-d16
  24              	HAL_FSMC_MspInit:
  25              	.LFB133:
  26              		.file 1 "Src/stm32f4xx_hal_msp.c"
   1:Src/stm32f4xx_hal_msp.c **** /* USER CODE BEGIN Header */
   2:Src/stm32f4xx_hal_msp.c **** /**
   3:Src/stm32f4xx_hal_msp.c ****   ******************************************************************************
   4:Src/stm32f4xx_hal_msp.c ****   * File Name          : stm32f4xx_hal_msp.c
   5:Src/stm32f4xx_hal_msp.c ****   * Description        : This file provides code for the MSP Initialization 
   6:Src/stm32f4xx_hal_msp.c ****   *                      and de-Initialization codes.
   7:Src/stm32f4xx_hal_msp.c ****   ******************************************************************************
   8:Src/stm32f4xx_hal_msp.c ****   * @attention
   9:Src/stm32f4xx_hal_msp.c ****   *
  10:Src/stm32f4xx_hal_msp.c ****   * <h2><center>&copy; Copyright (c) 2019 STMicroelectronics.
  11:Src/stm32f4xx_hal_msp.c ****   * All rights reserved.</center></h2>
  12:Src/stm32f4xx_hal_msp.c ****   *
  13:Src/stm32f4xx_hal_msp.c ****   * This software component is licensed by ST under BSD 3-Clause license,
  14:Src/stm32f4xx_hal_msp.c ****   * the "License"; You may not use this file except in compliance with the
  15:Src/stm32f4xx_hal_msp.c ****   * License. You may obtain a copy of the License at:
  16:Src/stm32f4xx_hal_msp.c ****   *                        opensource.org/licenses/BSD-3-Clause
  17:Src/stm32f4xx_hal_msp.c ****   *
  18:Src/stm32f4xx_hal_msp.c ****   ******************************************************************************
  19:Src/stm32f4xx_hal_msp.c ****   */
  20:Src/stm32f4xx_hal_msp.c **** /* USER CODE END Header */
  21:Src/stm32f4xx_hal_msp.c **** 
  22:Src/stm32f4xx_hal_msp.c **** /* Includes ------------------------------------------------------------------*/
  23:Src/stm32f4xx_hal_msp.c **** #include "main.h"
  24:Src/stm32f4xx_hal_msp.c **** /* USER CODE BEGIN Includes */
  25:Src/stm32f4xx_hal_msp.c **** 
  26:Src/stm32f4xx_hal_msp.c **** /* USER CODE END Includes */
  27:Src/stm32f4xx_hal_msp.c **** 
  28:Src/stm32f4xx_hal_msp.c **** /* Private typedef -----------------------------------------------------------*/
  29:Src/stm32f4xx_hal_msp.c **** /* USER CODE BEGIN TD */
  30:Src/stm32f4xx_hal_msp.c **** 
  31:Src/stm32f4xx_hal_msp.c **** /* USER CODE END TD */
  32:Src/stm32f4xx_hal_msp.c **** 
ARM GAS  /tmp/ccuK8gWv.s 			page 2


  33:Src/stm32f4xx_hal_msp.c **** /* Private define ------------------------------------------------------------*/
  34:Src/stm32f4xx_hal_msp.c **** /* USER CODE BEGIN Define */
  35:Src/stm32f4xx_hal_msp.c ****  
  36:Src/stm32f4xx_hal_msp.c **** /* USER CODE END Define */
  37:Src/stm32f4xx_hal_msp.c **** 
  38:Src/stm32f4xx_hal_msp.c **** /* Private macro -------------------------------------------------------------*/
  39:Src/stm32f4xx_hal_msp.c **** /* USER CODE BEGIN Macro */
  40:Src/stm32f4xx_hal_msp.c **** 
  41:Src/stm32f4xx_hal_msp.c **** /* USER CODE END Macro */
  42:Src/stm32f4xx_hal_msp.c **** 
  43:Src/stm32f4xx_hal_msp.c **** /* Private variables ---------------------------------------------------------*/
  44:Src/stm32f4xx_hal_msp.c **** /* USER CODE BEGIN PV */
  45:Src/stm32f4xx_hal_msp.c **** 
  46:Src/stm32f4xx_hal_msp.c **** /* USER CODE END PV */
  47:Src/stm32f4xx_hal_msp.c **** 
  48:Src/stm32f4xx_hal_msp.c **** /* Private function prototypes -----------------------------------------------*/
  49:Src/stm32f4xx_hal_msp.c **** /* USER CODE BEGIN PFP */
  50:Src/stm32f4xx_hal_msp.c **** 
  51:Src/stm32f4xx_hal_msp.c **** /* USER CODE END PFP */
  52:Src/stm32f4xx_hal_msp.c **** 
  53:Src/stm32f4xx_hal_msp.c **** /* External functions --------------------------------------------------------*/
  54:Src/stm32f4xx_hal_msp.c **** /* USER CODE BEGIN ExternalFunctions */
  55:Src/stm32f4xx_hal_msp.c **** 
  56:Src/stm32f4xx_hal_msp.c **** /* USER CODE END ExternalFunctions */
  57:Src/stm32f4xx_hal_msp.c **** 
  58:Src/stm32f4xx_hal_msp.c **** /* USER CODE BEGIN 0 */
  59:Src/stm32f4xx_hal_msp.c **** 
  60:Src/stm32f4xx_hal_msp.c **** /* USER CODE END 0 */
  61:Src/stm32f4xx_hal_msp.c **** /**
  62:Src/stm32f4xx_hal_msp.c ****   * Initializes the Global MSP.
  63:Src/stm32f4xx_hal_msp.c ****   */
  64:Src/stm32f4xx_hal_msp.c **** void HAL_MspInit(void)
  65:Src/stm32f4xx_hal_msp.c **** {
  66:Src/stm32f4xx_hal_msp.c ****   /* USER CODE BEGIN MspInit 0 */
  67:Src/stm32f4xx_hal_msp.c **** 
  68:Src/stm32f4xx_hal_msp.c ****   /* USER CODE END MspInit 0 */
  69:Src/stm32f4xx_hal_msp.c **** 
  70:Src/stm32f4xx_hal_msp.c ****   __HAL_RCC_SYSCFG_CLK_ENABLE();
  71:Src/stm32f4xx_hal_msp.c ****   __HAL_RCC_PWR_CLK_ENABLE();
  72:Src/stm32f4xx_hal_msp.c **** 
  73:Src/stm32f4xx_hal_msp.c ****   /* System interrupt init*/
  74:Src/stm32f4xx_hal_msp.c **** 
  75:Src/stm32f4xx_hal_msp.c ****   /* USER CODE BEGIN MspInit 1 */
  76:Src/stm32f4xx_hal_msp.c **** 
  77:Src/stm32f4xx_hal_msp.c ****   /* USER CODE END MspInit 1 */
  78:Src/stm32f4xx_hal_msp.c **** }
  79:Src/stm32f4xx_hal_msp.c **** 
  80:Src/stm32f4xx_hal_msp.c **** /**
  81:Src/stm32f4xx_hal_msp.c **** * @brief UART MSP Initialization
  82:Src/stm32f4xx_hal_msp.c **** * This function configures the hardware resources used in this example
  83:Src/stm32f4xx_hal_msp.c **** * @param huart: UART handle pointer
  84:Src/stm32f4xx_hal_msp.c **** * @retval None
  85:Src/stm32f4xx_hal_msp.c **** */
  86:Src/stm32f4xx_hal_msp.c **** void HAL_UART_MspInit(UART_HandleTypeDef* huart)
  87:Src/stm32f4xx_hal_msp.c **** {
  88:Src/stm32f4xx_hal_msp.c ****   GPIO_InitTypeDef GPIO_InitStruct = {0};
  89:Src/stm32f4xx_hal_msp.c ****   if(huart->Instance==USART1)
ARM GAS  /tmp/ccuK8gWv.s 			page 3


  90:Src/stm32f4xx_hal_msp.c ****   {
  91:Src/stm32f4xx_hal_msp.c ****   /* USER CODE BEGIN USART1_MspInit 0 */
  92:Src/stm32f4xx_hal_msp.c **** 
  93:Src/stm32f4xx_hal_msp.c ****   /* USER CODE END USART1_MspInit 0 */
  94:Src/stm32f4xx_hal_msp.c ****     /* Peripheral clock enable */
  95:Src/stm32f4xx_hal_msp.c ****     __HAL_RCC_USART1_CLK_ENABLE();
  96:Src/stm32f4xx_hal_msp.c ****   
  97:Src/stm32f4xx_hal_msp.c ****     __HAL_RCC_GPIOA_CLK_ENABLE();
  98:Src/stm32f4xx_hal_msp.c ****     /**USART1 GPIO Configuration    
  99:Src/stm32f4xx_hal_msp.c ****     PA9     ------> USART1_TX
 100:Src/stm32f4xx_hal_msp.c ****     PA10     ------> USART1_RX 
 101:Src/stm32f4xx_hal_msp.c ****     */
 102:Src/stm32f4xx_hal_msp.c ****     GPIO_InitStruct.Pin = GPIO_PIN_9|GPIO_PIN_10;
 103:Src/stm32f4xx_hal_msp.c ****     GPIO_InitStruct.Mode = GPIO_MODE_AF_PP;
 104:Src/stm32f4xx_hal_msp.c ****     GPIO_InitStruct.Pull = GPIO_PULLUP;
 105:Src/stm32f4xx_hal_msp.c ****     GPIO_InitStruct.Speed = GPIO_SPEED_FREQ_VERY_HIGH;
 106:Src/stm32f4xx_hal_msp.c ****     GPIO_InitStruct.Alternate = GPIO_AF7_USART1;
 107:Src/stm32f4xx_hal_msp.c ****     HAL_GPIO_Init(GPIOA, &GPIO_InitStruct);
 108:Src/stm32f4xx_hal_msp.c **** 
 109:Src/stm32f4xx_hal_msp.c ****   /* USER CODE BEGIN USART1_MspInit 1 */
 110:Src/stm32f4xx_hal_msp.c **** 
 111:Src/stm32f4xx_hal_msp.c ****   /* USER CODE END USART1_MspInit 1 */
 112:Src/stm32f4xx_hal_msp.c ****   }
 113:Src/stm32f4xx_hal_msp.c **** 
 114:Src/stm32f4xx_hal_msp.c **** }
 115:Src/stm32f4xx_hal_msp.c **** 
 116:Src/stm32f4xx_hal_msp.c **** /**
 117:Src/stm32f4xx_hal_msp.c **** * @brief UART MSP De-Initialization
 118:Src/stm32f4xx_hal_msp.c **** * This function freeze the hardware resources used in this example
 119:Src/stm32f4xx_hal_msp.c **** * @param huart: UART handle pointer
 120:Src/stm32f4xx_hal_msp.c **** * @retval None
 121:Src/stm32f4xx_hal_msp.c **** */
 122:Src/stm32f4xx_hal_msp.c **** void HAL_UART_MspDeInit(UART_HandleTypeDef* huart)
 123:Src/stm32f4xx_hal_msp.c **** {
 124:Src/stm32f4xx_hal_msp.c ****   if(huart->Instance==USART1)
 125:Src/stm32f4xx_hal_msp.c ****   {
 126:Src/stm32f4xx_hal_msp.c ****   /* USER CODE BEGIN USART1_MspDeInit 0 */
 127:Src/stm32f4xx_hal_msp.c **** 
 128:Src/stm32f4xx_hal_msp.c ****   /* USER CODE END USART1_MspDeInit 0 */
 129:Src/stm32f4xx_hal_msp.c ****     /* Peripheral clock disable */
 130:Src/stm32f4xx_hal_msp.c ****     __HAL_RCC_USART1_CLK_DISABLE();
 131:Src/stm32f4xx_hal_msp.c ****   
 132:Src/stm32f4xx_hal_msp.c ****     /**USART1 GPIO Configuration    
 133:Src/stm32f4xx_hal_msp.c ****     PA9     ------> USART1_TX
 134:Src/stm32f4xx_hal_msp.c ****     PA10     ------> USART1_RX 
 135:Src/stm32f4xx_hal_msp.c ****     */
 136:Src/stm32f4xx_hal_msp.c ****     HAL_GPIO_DeInit(GPIOA, GPIO_PIN_9|GPIO_PIN_10);
 137:Src/stm32f4xx_hal_msp.c **** 
 138:Src/stm32f4xx_hal_msp.c ****   /* USER CODE BEGIN USART1_MspDeInit 1 */
 139:Src/stm32f4xx_hal_msp.c **** 
 140:Src/stm32f4xx_hal_msp.c ****   /* USER CODE END USART1_MspDeInit 1 */
 141:Src/stm32f4xx_hal_msp.c ****   }
 142:Src/stm32f4xx_hal_msp.c **** 
 143:Src/stm32f4xx_hal_msp.c **** }
 144:Src/stm32f4xx_hal_msp.c **** 
 145:Src/stm32f4xx_hal_msp.c **** static uint32_t FSMC_Initialized = 0;
 146:Src/stm32f4xx_hal_msp.c **** 
ARM GAS  /tmp/ccuK8gWv.s 			page 4


 147:Src/stm32f4xx_hal_msp.c **** static void HAL_FSMC_MspInit(void){
  27              		.loc 1 147 0
  28              		.cfi_startproc
  29              		@ args = 0, pretend = 0, frame = 24
  30              		@ frame_needed = 0, uses_anonymous_args = 0
  31 0000 F0B5     		push	{r4, r5, r6, r7, lr}
  32              	.LCFI0:
  33              		.cfi_def_cfa_offset 20
  34              		.cfi_offset 4, -20
  35              		.cfi_offset 5, -16
  36              		.cfi_offset 6, -12
  37              		.cfi_offset 7, -8
  38              		.cfi_offset 14, -4
  39 0002 87B0     		sub	sp, sp, #28
  40              	.LCFI1:
  41              		.cfi_def_cfa_offset 48
 148:Src/stm32f4xx_hal_msp.c ****   /* USER CODE BEGIN FSMC_MspInit 0 */
 149:Src/stm32f4xx_hal_msp.c **** 
 150:Src/stm32f4xx_hal_msp.c ****   /* USER CODE END FSMC_MspInit 0 */
 151:Src/stm32f4xx_hal_msp.c ****   GPIO_InitTypeDef GPIO_InitStruct ={0};
  42              		.loc 1 151 0
  43 0004 0023     		movs	r3, #0
  44 0006 0193     		str	r3, [sp, #4]
  45 0008 0293     		str	r3, [sp, #8]
  46 000a 0393     		str	r3, [sp, #12]
  47 000c 0493     		str	r3, [sp, #16]
  48 000e 0593     		str	r3, [sp, #20]
 152:Src/stm32f4xx_hal_msp.c ****   if (FSMC_Initialized) {
  49              		.loc 1 152 0
  50 0010 214B     		ldr	r3, .L6
  51 0012 1B68     		ldr	r3, [r3]
  52 0014 0BB1     		cbz	r3, .L5
  53              	.L1:
 153:Src/stm32f4xx_hal_msp.c ****     return;
 154:Src/stm32f4xx_hal_msp.c ****   }
 155:Src/stm32f4xx_hal_msp.c ****   FSMC_Initialized = 1;
 156:Src/stm32f4xx_hal_msp.c ****   /* Peripheral clock enable */
 157:Src/stm32f4xx_hal_msp.c ****   __HAL_RCC_FSMC_CLK_ENABLE();
 158:Src/stm32f4xx_hal_msp.c ****   
 159:Src/stm32f4xx_hal_msp.c ****   /** FSMC GPIO Configuration  
 160:Src/stm32f4xx_hal_msp.c ****   PF0   ------> FSMC_A0
 161:Src/stm32f4xx_hal_msp.c ****   PF1   ------> FSMC_A1
 162:Src/stm32f4xx_hal_msp.c ****   PF2   ------> FSMC_A2
 163:Src/stm32f4xx_hal_msp.c ****   PF3   ------> FSMC_A3
 164:Src/stm32f4xx_hal_msp.c ****   PF4   ------> FSMC_A4
 165:Src/stm32f4xx_hal_msp.c ****   PF5   ------> FSMC_A5
 166:Src/stm32f4xx_hal_msp.c ****   PF12   ------> FSMC_A6
 167:Src/stm32f4xx_hal_msp.c ****   PF13   ------> FSMC_A7
 168:Src/stm32f4xx_hal_msp.c ****   PF14   ------> FSMC_A8
 169:Src/stm32f4xx_hal_msp.c ****   PF15   ------> FSMC_A9
 170:Src/stm32f4xx_hal_msp.c ****   PG0   ------> FSMC_A10
 171:Src/stm32f4xx_hal_msp.c ****   PG1   ------> FSMC_A11
 172:Src/stm32f4xx_hal_msp.c ****   PE7   ------> FSMC_D4
 173:Src/stm32f4xx_hal_msp.c ****   PE8   ------> FSMC_D5
 174:Src/stm32f4xx_hal_msp.c ****   PE9   ------> FSMC_D6
 175:Src/stm32f4xx_hal_msp.c ****   PE10   ------> FSMC_D7
 176:Src/stm32f4xx_hal_msp.c ****   PD11   ------> FSMC_A16
ARM GAS  /tmp/ccuK8gWv.s 			page 5


 177:Src/stm32f4xx_hal_msp.c ****   PD12   ------> FSMC_A17
 178:Src/stm32f4xx_hal_msp.c ****   PD13   ------> FSMC_A18
 179:Src/stm32f4xx_hal_msp.c ****   PD14   ------> FSMC_D0
 180:Src/stm32f4xx_hal_msp.c ****   PD15   ------> FSMC_D1
 181:Src/stm32f4xx_hal_msp.c ****   PG2   ------> FSMC_A12
 182:Src/stm32f4xx_hal_msp.c ****   PG3   ------> FSMC_A13
 183:Src/stm32f4xx_hal_msp.c ****   PG4   ------> FSMC_A14
 184:Src/stm32f4xx_hal_msp.c ****   PG5   ------> FSMC_A15
 185:Src/stm32f4xx_hal_msp.c ****   PD0   ------> FSMC_D2
 186:Src/stm32f4xx_hal_msp.c ****   PD1   ------> FSMC_D3
 187:Src/stm32f4xx_hal_msp.c ****   PD4   ------> FSMC_NOE
 188:Src/stm32f4xx_hal_msp.c ****   PD5   ------> FSMC_NWE
 189:Src/stm32f4xx_hal_msp.c ****   PD7   ------> FSMC_NE1
 190:Src/stm32f4xx_hal_msp.c ****   PG9   ------> FSMC_NE2
 191:Src/stm32f4xx_hal_msp.c ****   */
 192:Src/stm32f4xx_hal_msp.c ****   GPIO_InitStruct.Pin = GPIO_PIN_0|GPIO_PIN_1|GPIO_PIN_2|GPIO_PIN_3 
 193:Src/stm32f4xx_hal_msp.c ****                           |GPIO_PIN_4|GPIO_PIN_5|GPIO_PIN_12|GPIO_PIN_13 
 194:Src/stm32f4xx_hal_msp.c ****                           |GPIO_PIN_14|GPIO_PIN_15;
 195:Src/stm32f4xx_hal_msp.c ****   GPIO_InitStruct.Mode = GPIO_MODE_AF_PP;
 196:Src/stm32f4xx_hal_msp.c ****   GPIO_InitStruct.Pull = GPIO_NOPULL;
 197:Src/stm32f4xx_hal_msp.c ****   GPIO_InitStruct.Speed = GPIO_SPEED_FREQ_VERY_HIGH;
 198:Src/stm32f4xx_hal_msp.c ****   GPIO_InitStruct.Alternate = GPIO_AF12_FSMC;
 199:Src/stm32f4xx_hal_msp.c ****   HAL_GPIO_Init(GPIOF, &GPIO_InitStruct);
 200:Src/stm32f4xx_hal_msp.c **** 
 201:Src/stm32f4xx_hal_msp.c ****   GPIO_InitStruct.Pin = GPIO_PIN_0|GPIO_PIN_1|GPIO_PIN_2|GPIO_PIN_3 
 202:Src/stm32f4xx_hal_msp.c ****                           |GPIO_PIN_4|GPIO_PIN_5|GPIO_PIN_9;
 203:Src/stm32f4xx_hal_msp.c ****   GPIO_InitStruct.Mode = GPIO_MODE_AF_PP;
 204:Src/stm32f4xx_hal_msp.c ****   GPIO_InitStruct.Pull = GPIO_NOPULL;
 205:Src/stm32f4xx_hal_msp.c ****   GPIO_InitStruct.Speed = GPIO_SPEED_FREQ_VERY_HIGH;
 206:Src/stm32f4xx_hal_msp.c ****   GPIO_InitStruct.Alternate = GPIO_AF12_FSMC;
 207:Src/stm32f4xx_hal_msp.c ****   HAL_GPIO_Init(GPIOG, &GPIO_InitStruct);
 208:Src/stm32f4xx_hal_msp.c **** 
 209:Src/stm32f4xx_hal_msp.c ****   GPIO_InitStruct.Pin = GPIO_PIN_7|GPIO_PIN_8|GPIO_PIN_9|GPIO_PIN_10;
 210:Src/stm32f4xx_hal_msp.c ****   GPIO_InitStruct.Mode = GPIO_MODE_AF_PP;
 211:Src/stm32f4xx_hal_msp.c ****   GPIO_InitStruct.Pull = GPIO_NOPULL;
 212:Src/stm32f4xx_hal_msp.c ****   GPIO_InitStruct.Speed = GPIO_SPEED_FREQ_VERY_HIGH;
 213:Src/stm32f4xx_hal_msp.c ****   GPIO_InitStruct.Alternate = GPIO_AF12_FSMC;
 214:Src/stm32f4xx_hal_msp.c ****   HAL_GPIO_Init(GPIOE, &GPIO_InitStruct);
 215:Src/stm32f4xx_hal_msp.c **** 
 216:Src/stm32f4xx_hal_msp.c ****   GPIO_InitStruct.Pin = GPIO_PIN_11|GPIO_PIN_12|GPIO_PIN_13|GPIO_PIN_14 
 217:Src/stm32f4xx_hal_msp.c ****                           |GPIO_PIN_15|GPIO_PIN_0|GPIO_PIN_1|GPIO_PIN_4 
 218:Src/stm32f4xx_hal_msp.c ****                           |GPIO_PIN_5|GPIO_PIN_7;
 219:Src/stm32f4xx_hal_msp.c ****   GPIO_InitStruct.Mode = GPIO_MODE_AF_PP;
 220:Src/stm32f4xx_hal_msp.c ****   GPIO_InitStruct.Pull = GPIO_NOPULL;
 221:Src/stm32f4xx_hal_msp.c ****   GPIO_InitStruct.Speed = GPIO_SPEED_FREQ_VERY_HIGH;
 222:Src/stm32f4xx_hal_msp.c ****   GPIO_InitStruct.Alternate = GPIO_AF12_FSMC;
 223:Src/stm32f4xx_hal_msp.c ****   HAL_GPIO_Init(GPIOD, &GPIO_InitStruct);
 224:Src/stm32f4xx_hal_msp.c **** 
 225:Src/stm32f4xx_hal_msp.c ****   /* USER CODE BEGIN FSMC_MspInit 1 */
 226:Src/stm32f4xx_hal_msp.c **** 
 227:Src/stm32f4xx_hal_msp.c ****   /* USER CODE END FSMC_MspInit 1 */
 228:Src/stm32f4xx_hal_msp.c **** }
  54              		.loc 1 228 0
  55 0016 07B0     		add	sp, sp, #28
  56              	.LCFI2:
  57              		.cfi_remember_state
  58              		.cfi_def_cfa_offset 20
ARM GAS  /tmp/ccuK8gWv.s 			page 6


  59              		@ sp needed
  60 0018 F0BD     		pop	{r4, r5, r6, r7, pc}
  61              	.L5:
  62              	.LCFI3:
  63              		.cfi_restore_state
 155:Src/stm32f4xx_hal_msp.c ****   /* Peripheral clock enable */
  64              		.loc 1 155 0
  65 001a 1F4B     		ldr	r3, .L6
  66 001c 0122     		movs	r2, #1
  67 001e 1A60     		str	r2, [r3]
  68              	.LBB2:
 157:Src/stm32f4xx_hal_msp.c ****   
  69              		.loc 1 157 0
  70 0020 0026     		movs	r6, #0
  71 0022 0096     		str	r6, [sp]
  72 0024 1D4B     		ldr	r3, .L6+4
  73 0026 9A6B     		ldr	r2, [r3, #56]
  74 0028 42F00102 		orr	r2, r2, #1
  75 002c 9A63     		str	r2, [r3, #56]
  76 002e 9B6B     		ldr	r3, [r3, #56]
  77 0030 03F00103 		and	r3, r3, #1
  78 0034 0093     		str	r3, [sp]
  79 0036 009B     		ldr	r3, [sp]
  80              	.LBE2:
 192:Src/stm32f4xx_hal_msp.c ****                           |GPIO_PIN_4|GPIO_PIN_5|GPIO_PIN_12|GPIO_PIN_13 
  81              		.loc 1 192 0
  82 0038 4FF23F03 		movw	r3, #61503
  83 003c 0193     		str	r3, [sp, #4]
 195:Src/stm32f4xx_hal_msp.c ****   GPIO_InitStruct.Pull = GPIO_NOPULL;
  84              		.loc 1 195 0
  85 003e 0227     		movs	r7, #2
  86 0040 0297     		str	r7, [sp, #8]
 197:Src/stm32f4xx_hal_msp.c ****   GPIO_InitStruct.Alternate = GPIO_AF12_FSMC;
  87              		.loc 1 197 0
  88 0042 0325     		movs	r5, #3
  89 0044 0495     		str	r5, [sp, #16]
 198:Src/stm32f4xx_hal_msp.c ****   HAL_GPIO_Init(GPIOF, &GPIO_InitStruct);
  90              		.loc 1 198 0
  91 0046 0C24     		movs	r4, #12
  92 0048 0594     		str	r4, [sp, #20]
 199:Src/stm32f4xx_hal_msp.c **** 
  93              		.loc 1 199 0
  94 004a 01A9     		add	r1, sp, #4
  95 004c 1448     		ldr	r0, .L6+8
  96 004e FFF7FEFF 		bl	HAL_GPIO_Init
  97              	.LVL0:
 201:Src/stm32f4xx_hal_msp.c ****                           |GPIO_PIN_4|GPIO_PIN_5|GPIO_PIN_9;
  98              		.loc 1 201 0
  99 0052 40F23F23 		movw	r3, #575
 100 0056 0193     		str	r3, [sp, #4]
 203:Src/stm32f4xx_hal_msp.c ****   GPIO_InitStruct.Pull = GPIO_NOPULL;
 101              		.loc 1 203 0
 102 0058 0297     		str	r7, [sp, #8]
 204:Src/stm32f4xx_hal_msp.c ****   GPIO_InitStruct.Speed = GPIO_SPEED_FREQ_VERY_HIGH;
 103              		.loc 1 204 0
 104 005a 0396     		str	r6, [sp, #12]
 205:Src/stm32f4xx_hal_msp.c ****   GPIO_InitStruct.Alternate = GPIO_AF12_FSMC;
ARM GAS  /tmp/ccuK8gWv.s 			page 7


 105              		.loc 1 205 0
 106 005c 0495     		str	r5, [sp, #16]
 206:Src/stm32f4xx_hal_msp.c ****   HAL_GPIO_Init(GPIOG, &GPIO_InitStruct);
 107              		.loc 1 206 0
 108 005e 0594     		str	r4, [sp, #20]
 207:Src/stm32f4xx_hal_msp.c **** 
 109              		.loc 1 207 0
 110 0060 01A9     		add	r1, sp, #4
 111 0062 1048     		ldr	r0, .L6+12
 112 0064 FFF7FEFF 		bl	HAL_GPIO_Init
 113              	.LVL1:
 209:Src/stm32f4xx_hal_msp.c ****   GPIO_InitStruct.Mode = GPIO_MODE_AF_PP;
 114              		.loc 1 209 0
 115 0068 4FF4F063 		mov	r3, #1920
 116 006c 0193     		str	r3, [sp, #4]
 210:Src/stm32f4xx_hal_msp.c ****   GPIO_InitStruct.Pull = GPIO_NOPULL;
 117              		.loc 1 210 0
 118 006e 0297     		str	r7, [sp, #8]
 211:Src/stm32f4xx_hal_msp.c ****   GPIO_InitStruct.Speed = GPIO_SPEED_FREQ_VERY_HIGH;
 119              		.loc 1 211 0
 120 0070 0396     		str	r6, [sp, #12]
 212:Src/stm32f4xx_hal_msp.c ****   GPIO_InitStruct.Alternate = GPIO_AF12_FSMC;
 121              		.loc 1 212 0
 122 0072 0495     		str	r5, [sp, #16]
 213:Src/stm32f4xx_hal_msp.c ****   HAL_GPIO_Init(GPIOE, &GPIO_InitStruct);
 123              		.loc 1 213 0
 124 0074 0594     		str	r4, [sp, #20]
 214:Src/stm32f4xx_hal_msp.c **** 
 125              		.loc 1 214 0
 126 0076 01A9     		add	r1, sp, #4
 127 0078 0B48     		ldr	r0, .L6+16
 128 007a FFF7FEFF 		bl	HAL_GPIO_Init
 129              	.LVL2:
 216:Src/stm32f4xx_hal_msp.c ****                           |GPIO_PIN_15|GPIO_PIN_0|GPIO_PIN_1|GPIO_PIN_4 
 130              		.loc 1 216 0
 131 007e 4FF6B303 		movw	r3, #63667
 132 0082 0193     		str	r3, [sp, #4]
 219:Src/stm32f4xx_hal_msp.c ****   GPIO_InitStruct.Pull = GPIO_NOPULL;
 133              		.loc 1 219 0
 134 0084 0297     		str	r7, [sp, #8]
 220:Src/stm32f4xx_hal_msp.c ****   GPIO_InitStruct.Speed = GPIO_SPEED_FREQ_VERY_HIGH;
 135              		.loc 1 220 0
 136 0086 0396     		str	r6, [sp, #12]
 221:Src/stm32f4xx_hal_msp.c ****   GPIO_InitStruct.Alternate = GPIO_AF12_FSMC;
 137              		.loc 1 221 0
 138 0088 0495     		str	r5, [sp, #16]
 222:Src/stm32f4xx_hal_msp.c ****   HAL_GPIO_Init(GPIOD, &GPIO_InitStruct);
 139              		.loc 1 222 0
 140 008a 0594     		str	r4, [sp, #20]
 223:Src/stm32f4xx_hal_msp.c **** 
 141              		.loc 1 223 0
 142 008c 01A9     		add	r1, sp, #4
 143 008e 0748     		ldr	r0, .L6+20
 144 0090 FFF7FEFF 		bl	HAL_GPIO_Init
 145              	.LVL3:
 146 0094 BFE7     		b	.L1
 147              	.L7:
ARM GAS  /tmp/ccuK8gWv.s 			page 8


 148 0096 00BF     		.align	2
 149              	.L6:
 150 0098 00000000 		.word	.LANCHOR0
 151 009c 00380240 		.word	1073887232
 152 00a0 00140240 		.word	1073878016
 153 00a4 00180240 		.word	1073879040
 154 00a8 00100240 		.word	1073876992
 155 00ac 000C0240 		.word	1073875968
 156              		.cfi_endproc
 157              	.LFE133:
 159              		.section	.text.HAL_FSMC_MspDeInit,"ax",%progbits
 160              		.align	1
 161              		.syntax unified
 162              		.thumb
 163              		.thumb_func
 164              		.fpu fpv4-sp-d16
 166              	HAL_FSMC_MspDeInit:
 167              	.LFB135:
 229:Src/stm32f4xx_hal_msp.c **** 
 230:Src/stm32f4xx_hal_msp.c **** void HAL_SRAM_MspInit(SRAM_HandleTypeDef* hsram){
 231:Src/stm32f4xx_hal_msp.c ****   /* USER CODE BEGIN SRAM_MspInit 0 */
 232:Src/stm32f4xx_hal_msp.c **** 
 233:Src/stm32f4xx_hal_msp.c ****   /* USER CODE END SRAM_MspInit 0 */
 234:Src/stm32f4xx_hal_msp.c ****   HAL_FSMC_MspInit();
 235:Src/stm32f4xx_hal_msp.c ****   /* USER CODE BEGIN SRAM_MspInit 1 */
 236:Src/stm32f4xx_hal_msp.c **** 
 237:Src/stm32f4xx_hal_msp.c ****   /* USER CODE END SRAM_MspInit 1 */
 238:Src/stm32f4xx_hal_msp.c **** }
 239:Src/stm32f4xx_hal_msp.c **** 
 240:Src/stm32f4xx_hal_msp.c **** static uint32_t FSMC_DeInitialized = 0;
 241:Src/stm32f4xx_hal_msp.c **** 
 242:Src/stm32f4xx_hal_msp.c **** static void HAL_FSMC_MspDeInit(void){
 168              		.loc 1 242 0
 169              		.cfi_startproc
 170              		@ args = 0, pretend = 0, frame = 0
 171              		@ frame_needed = 0, uses_anonymous_args = 0
 172 0000 08B5     		push	{r3, lr}
 173              	.LCFI4:
 174              		.cfi_def_cfa_offset 8
 175              		.cfi_offset 3, -8
 176              		.cfi_offset 14, -4
 243:Src/stm32f4xx_hal_msp.c ****   /* USER CODE BEGIN FSMC_MspDeInit 0 */
 244:Src/stm32f4xx_hal_msp.c **** 
 245:Src/stm32f4xx_hal_msp.c ****   /* USER CODE END FSMC_MspDeInit 0 */
 246:Src/stm32f4xx_hal_msp.c ****   if (FSMC_DeInitialized) {
 177              		.loc 1 246 0
 178 0002 104B     		ldr	r3, .L12
 179 0004 1B68     		ldr	r3, [r3]
 180 0006 03B1     		cbz	r3, .L11
 181              	.L8:
 247:Src/stm32f4xx_hal_msp.c ****     return;
 248:Src/stm32f4xx_hal_msp.c ****   }
 249:Src/stm32f4xx_hal_msp.c ****   FSMC_DeInitialized = 1;
 250:Src/stm32f4xx_hal_msp.c ****   /* Peripheral clock enable */
 251:Src/stm32f4xx_hal_msp.c ****   __HAL_RCC_FSMC_CLK_DISABLE();
 252:Src/stm32f4xx_hal_msp.c ****   
 253:Src/stm32f4xx_hal_msp.c ****   /** FSMC GPIO Configuration  
ARM GAS  /tmp/ccuK8gWv.s 			page 9


 254:Src/stm32f4xx_hal_msp.c ****   PF0   ------> FSMC_A0
 255:Src/stm32f4xx_hal_msp.c ****   PF1   ------> FSMC_A1
 256:Src/stm32f4xx_hal_msp.c ****   PF2   ------> FSMC_A2
 257:Src/stm32f4xx_hal_msp.c ****   PF3   ------> FSMC_A3
 258:Src/stm32f4xx_hal_msp.c ****   PF4   ------> FSMC_A4
 259:Src/stm32f4xx_hal_msp.c ****   PF5   ------> FSMC_A5
 260:Src/stm32f4xx_hal_msp.c ****   PF12   ------> FSMC_A6
 261:Src/stm32f4xx_hal_msp.c ****   PF13   ------> FSMC_A7
 262:Src/stm32f4xx_hal_msp.c ****   PF14   ------> FSMC_A8
 263:Src/stm32f4xx_hal_msp.c ****   PF15   ------> FSMC_A9
 264:Src/stm32f4xx_hal_msp.c ****   PG0   ------> FSMC_A10
 265:Src/stm32f4xx_hal_msp.c ****   PG1   ------> FSMC_A11
 266:Src/stm32f4xx_hal_msp.c ****   PE7   ------> FSMC_D4
 267:Src/stm32f4xx_hal_msp.c ****   PE8   ------> FSMC_D5
 268:Src/stm32f4xx_hal_msp.c ****   PE9   ------> FSMC_D6
 269:Src/stm32f4xx_hal_msp.c ****   PE10   ------> FSMC_D7
 270:Src/stm32f4xx_hal_msp.c ****   PD11   ------> FSMC_A16
 271:Src/stm32f4xx_hal_msp.c ****   PD12   ------> FSMC_A17
 272:Src/stm32f4xx_hal_msp.c ****   PD13   ------> FSMC_A18
 273:Src/stm32f4xx_hal_msp.c ****   PD14   ------> FSMC_D0
 274:Src/stm32f4xx_hal_msp.c ****   PD15   ------> FSMC_D1
 275:Src/stm32f4xx_hal_msp.c ****   PG2   ------> FSMC_A12
 276:Src/stm32f4xx_hal_msp.c ****   PG3   ------> FSMC_A13
 277:Src/stm32f4xx_hal_msp.c ****   PG4   ------> FSMC_A14
 278:Src/stm32f4xx_hal_msp.c ****   PG5   ------> FSMC_A15
 279:Src/stm32f4xx_hal_msp.c ****   PD0   ------> FSMC_D2
 280:Src/stm32f4xx_hal_msp.c ****   PD1   ------> FSMC_D3
 281:Src/stm32f4xx_hal_msp.c ****   PD4   ------> FSMC_NOE
 282:Src/stm32f4xx_hal_msp.c ****   PD5   ------> FSMC_NWE
 283:Src/stm32f4xx_hal_msp.c ****   PD7   ------> FSMC_NE1
 284:Src/stm32f4xx_hal_msp.c ****   PG9   ------> FSMC_NE2
 285:Src/stm32f4xx_hal_msp.c ****   */
 286:Src/stm32f4xx_hal_msp.c ****   HAL_GPIO_DeInit(GPIOF, GPIO_PIN_0|GPIO_PIN_1|GPIO_PIN_2|GPIO_PIN_3 
 287:Src/stm32f4xx_hal_msp.c ****                           |GPIO_PIN_4|GPIO_PIN_5|GPIO_PIN_12|GPIO_PIN_13 
 288:Src/stm32f4xx_hal_msp.c ****                           |GPIO_PIN_14|GPIO_PIN_15);
 289:Src/stm32f4xx_hal_msp.c **** 
 290:Src/stm32f4xx_hal_msp.c ****   HAL_GPIO_DeInit(GPIOG, GPIO_PIN_0|GPIO_PIN_1|GPIO_PIN_2|GPIO_PIN_3 
 291:Src/stm32f4xx_hal_msp.c ****                           |GPIO_PIN_4|GPIO_PIN_5|GPIO_PIN_9);
 292:Src/stm32f4xx_hal_msp.c **** 
 293:Src/stm32f4xx_hal_msp.c ****   HAL_GPIO_DeInit(GPIOE, GPIO_PIN_7|GPIO_PIN_8|GPIO_PIN_9|GPIO_PIN_10);
 294:Src/stm32f4xx_hal_msp.c **** 
 295:Src/stm32f4xx_hal_msp.c ****   HAL_GPIO_DeInit(GPIOD, GPIO_PIN_11|GPIO_PIN_12|GPIO_PIN_13|GPIO_PIN_14 
 296:Src/stm32f4xx_hal_msp.c ****                           |GPIO_PIN_15|GPIO_PIN_0|GPIO_PIN_1|GPIO_PIN_4 
 297:Src/stm32f4xx_hal_msp.c ****                           |GPIO_PIN_5|GPIO_PIN_7);
 298:Src/stm32f4xx_hal_msp.c **** 
 299:Src/stm32f4xx_hal_msp.c ****   /* USER CODE BEGIN FSMC_MspDeInit 1 */
 300:Src/stm32f4xx_hal_msp.c **** 
 301:Src/stm32f4xx_hal_msp.c ****   /* USER CODE END FSMC_MspDeInit 1 */
 302:Src/stm32f4xx_hal_msp.c **** }
 182              		.loc 1 302 0
 183 0008 08BD     		pop	{r3, pc}
 184              	.L11:
 249:Src/stm32f4xx_hal_msp.c ****   /* Peripheral clock enable */
 185              		.loc 1 249 0
 186 000a 0E4B     		ldr	r3, .L12
 187 000c 0122     		movs	r2, #1
 188 000e 1A60     		str	r2, [r3]
ARM GAS  /tmp/ccuK8gWv.s 			page 10


 251:Src/stm32f4xx_hal_msp.c ****   
 189              		.loc 1 251 0
 190 0010 0D4A     		ldr	r2, .L12+4
 191 0012 936B     		ldr	r3, [r2, #56]
 192 0014 23F00103 		bic	r3, r3, #1
 193 0018 9363     		str	r3, [r2, #56]
 286:Src/stm32f4xx_hal_msp.c ****                           |GPIO_PIN_4|GPIO_PIN_5|GPIO_PIN_12|GPIO_PIN_13 
 194              		.loc 1 286 0
 195 001a 4FF23F01 		movw	r1, #61503
 196 001e 0B48     		ldr	r0, .L12+8
 197 0020 FFF7FEFF 		bl	HAL_GPIO_DeInit
 198              	.LVL4:
 290:Src/stm32f4xx_hal_msp.c ****                           |GPIO_PIN_4|GPIO_PIN_5|GPIO_PIN_9);
 199              		.loc 1 290 0
 200 0024 40F23F21 		movw	r1, #575
 201 0028 0948     		ldr	r0, .L12+12
 202 002a FFF7FEFF 		bl	HAL_GPIO_DeInit
 203              	.LVL5:
 293:Src/stm32f4xx_hal_msp.c **** 
 204              		.loc 1 293 0
 205 002e 4FF4F061 		mov	r1, #1920
 206 0032 0848     		ldr	r0, .L12+16
 207 0034 FFF7FEFF 		bl	HAL_GPIO_DeInit
 208              	.LVL6:
 295:Src/stm32f4xx_hal_msp.c ****                           |GPIO_PIN_15|GPIO_PIN_0|GPIO_PIN_1|GPIO_PIN_4 
 209              		.loc 1 295 0
 210 0038 4FF6B301 		movw	r1, #63667
 211 003c 0648     		ldr	r0, .L12+20
 212 003e FFF7FEFF 		bl	HAL_GPIO_DeInit
 213              	.LVL7:
 214 0042 E1E7     		b	.L8
 215              	.L13:
 216              		.align	2
 217              	.L12:
 218 0044 00000000 		.word	.LANCHOR1
 219 0048 00380240 		.word	1073887232
 220 004c 00140240 		.word	1073878016
 221 0050 00180240 		.word	1073879040
 222 0054 00100240 		.word	1073876992
 223 0058 000C0240 		.word	1073875968
 224              		.cfi_endproc
 225              	.LFE135:
 227              		.section	.text.HAL_MspInit,"ax",%progbits
 228              		.align	1
 229              		.global	HAL_MspInit
 230              		.syntax unified
 231              		.thumb
 232              		.thumb_func
 233              		.fpu fpv4-sp-d16
 235              	HAL_MspInit:
 236              	.LFB130:
  65:Src/stm32f4xx_hal_msp.c ****   /* USER CODE BEGIN MspInit 0 */
 237              		.loc 1 65 0
 238              		.cfi_startproc
 239              		@ args = 0, pretend = 0, frame = 8
 240              		@ frame_needed = 0, uses_anonymous_args = 0
 241              		@ link register save eliminated.
ARM GAS  /tmp/ccuK8gWv.s 			page 11


 242 0000 82B0     		sub	sp, sp, #8
 243              	.LCFI5:
 244              		.cfi_def_cfa_offset 8
 245              	.LBB3:
  70:Src/stm32f4xx_hal_msp.c ****   __HAL_RCC_PWR_CLK_ENABLE();
 246              		.loc 1 70 0
 247 0002 0021     		movs	r1, #0
 248 0004 0091     		str	r1, [sp]
 249 0006 0B4B     		ldr	r3, .L16
 250 0008 5A6C     		ldr	r2, [r3, #68]
 251 000a 42F48042 		orr	r2, r2, #16384
 252 000e 5A64     		str	r2, [r3, #68]
 253 0010 5A6C     		ldr	r2, [r3, #68]
 254 0012 02F48042 		and	r2, r2, #16384
 255 0016 0092     		str	r2, [sp]
 256 0018 009A     		ldr	r2, [sp]
 257              	.LBE3:
 258              	.LBB4:
  71:Src/stm32f4xx_hal_msp.c **** 
 259              		.loc 1 71 0
 260 001a 0191     		str	r1, [sp, #4]
 261 001c 1A6C     		ldr	r2, [r3, #64]
 262 001e 42F08052 		orr	r2, r2, #268435456
 263 0022 1A64     		str	r2, [r3, #64]
 264 0024 1B6C     		ldr	r3, [r3, #64]
 265 0026 03F08053 		and	r3, r3, #268435456
 266 002a 0193     		str	r3, [sp, #4]
 267 002c 019B     		ldr	r3, [sp, #4]
 268              	.LBE4:
  78:Src/stm32f4xx_hal_msp.c **** 
 269              		.loc 1 78 0
 270 002e 02B0     		add	sp, sp, #8
 271              	.LCFI6:
 272              		.cfi_def_cfa_offset 0
 273              		@ sp needed
 274 0030 7047     		bx	lr
 275              	.L17:
 276 0032 00BF     		.align	2
 277              	.L16:
 278 0034 00380240 		.word	1073887232
 279              		.cfi_endproc
 280              	.LFE130:
 282              		.section	.text.HAL_UART_MspInit,"ax",%progbits
 283              		.align	1
 284              		.global	HAL_UART_MspInit
 285              		.syntax unified
 286              		.thumb
 287              		.thumb_func
 288              		.fpu fpv4-sp-d16
 290              	HAL_UART_MspInit:
 291              	.LFB131:
  87:Src/stm32f4xx_hal_msp.c ****   GPIO_InitTypeDef GPIO_InitStruct = {0};
 292              		.loc 1 87 0
 293              		.cfi_startproc
 294              		@ args = 0, pretend = 0, frame = 32
 295              		@ frame_needed = 0, uses_anonymous_args = 0
 296              	.LVL8:
ARM GAS  /tmp/ccuK8gWv.s 			page 12


 297 0000 00B5     		push	{lr}
 298              	.LCFI7:
 299              		.cfi_def_cfa_offset 4
 300              		.cfi_offset 14, -4
 301 0002 89B0     		sub	sp, sp, #36
 302              	.LCFI8:
 303              		.cfi_def_cfa_offset 40
  88:Src/stm32f4xx_hal_msp.c ****   if(huart->Instance==USART1)
 304              		.loc 1 88 0
 305 0004 0023     		movs	r3, #0
 306 0006 0393     		str	r3, [sp, #12]
 307 0008 0493     		str	r3, [sp, #16]
 308 000a 0593     		str	r3, [sp, #20]
 309 000c 0693     		str	r3, [sp, #24]
 310 000e 0793     		str	r3, [sp, #28]
  89:Src/stm32f4xx_hal_msp.c ****   {
 311              		.loc 1 89 0
 312 0010 0268     		ldr	r2, [r0]
 313 0012 03F18043 		add	r3, r3, #1073741824
 314 0016 03F58833 		add	r3, r3, #69632
 315 001a 9A42     		cmp	r2, r3
 316 001c 02D0     		beq	.L21
 317              	.LVL9:
 318              	.L18:
 114:Src/stm32f4xx_hal_msp.c **** 
 319              		.loc 1 114 0
 320 001e 09B0     		add	sp, sp, #36
 321              	.LCFI9:
 322              		.cfi_remember_state
 323              		.cfi_def_cfa_offset 4
 324              		@ sp needed
 325 0020 5DF804FB 		ldr	pc, [sp], #4
 326              	.LVL10:
 327              	.L21:
 328              	.LCFI10:
 329              		.cfi_restore_state
 330              	.LBB5:
  95:Src/stm32f4xx_hal_msp.c ****   
 331              		.loc 1 95 0
 332 0024 0021     		movs	r1, #0
 333 0026 0191     		str	r1, [sp, #4]
 334 0028 03F59433 		add	r3, r3, #75776
 335 002c 5A6C     		ldr	r2, [r3, #68]
 336 002e 42F01002 		orr	r2, r2, #16
 337 0032 5A64     		str	r2, [r3, #68]
 338 0034 5A6C     		ldr	r2, [r3, #68]
 339 0036 02F01002 		and	r2, r2, #16
 340 003a 0192     		str	r2, [sp, #4]
 341 003c 019A     		ldr	r2, [sp, #4]
 342              	.LBE5:
 343              	.LBB6:
  97:Src/stm32f4xx_hal_msp.c ****     /**USART1 GPIO Configuration    
 344              		.loc 1 97 0
 345 003e 0291     		str	r1, [sp, #8]
 346 0040 1A6B     		ldr	r2, [r3, #48]
 347 0042 42F00102 		orr	r2, r2, #1
 348 0046 1A63     		str	r2, [r3, #48]
ARM GAS  /tmp/ccuK8gWv.s 			page 13


 349 0048 1B6B     		ldr	r3, [r3, #48]
 350 004a 03F00103 		and	r3, r3, #1
 351 004e 0293     		str	r3, [sp, #8]
 352 0050 029B     		ldr	r3, [sp, #8]
 353              	.LBE6:
 102:Src/stm32f4xx_hal_msp.c ****     GPIO_InitStruct.Mode = GPIO_MODE_AF_PP;
 354              		.loc 1 102 0
 355 0052 4FF4C063 		mov	r3, #1536
 356 0056 0393     		str	r3, [sp, #12]
 103:Src/stm32f4xx_hal_msp.c ****     GPIO_InitStruct.Pull = GPIO_PULLUP;
 357              		.loc 1 103 0
 358 0058 0223     		movs	r3, #2
 359 005a 0493     		str	r3, [sp, #16]
 104:Src/stm32f4xx_hal_msp.c ****     GPIO_InitStruct.Speed = GPIO_SPEED_FREQ_VERY_HIGH;
 360              		.loc 1 104 0
 361 005c 0123     		movs	r3, #1
 362 005e 0593     		str	r3, [sp, #20]
 105:Src/stm32f4xx_hal_msp.c ****     GPIO_InitStruct.Alternate = GPIO_AF7_USART1;
 363              		.loc 1 105 0
 364 0060 0323     		movs	r3, #3
 365 0062 0693     		str	r3, [sp, #24]
 106:Src/stm32f4xx_hal_msp.c ****     HAL_GPIO_Init(GPIOA, &GPIO_InitStruct);
 366              		.loc 1 106 0
 367 0064 0723     		movs	r3, #7
 368 0066 0793     		str	r3, [sp, #28]
 107:Src/stm32f4xx_hal_msp.c **** 
 369              		.loc 1 107 0
 370 0068 03A9     		add	r1, sp, #12
 371 006a 0248     		ldr	r0, .L22
 372              	.LVL11:
 373 006c FFF7FEFF 		bl	HAL_GPIO_Init
 374              	.LVL12:
 114:Src/stm32f4xx_hal_msp.c **** 
 375              		.loc 1 114 0
 376 0070 D5E7     		b	.L18
 377              	.L23:
 378 0072 00BF     		.align	2
 379              	.L22:
 380 0074 00000240 		.word	1073872896
 381              		.cfi_endproc
 382              	.LFE131:
 384              		.section	.text.HAL_UART_MspDeInit,"ax",%progbits
 385              		.align	1
 386              		.global	HAL_UART_MspDeInit
 387              		.syntax unified
 388              		.thumb
 389              		.thumb_func
 390              		.fpu fpv4-sp-d16
 392              	HAL_UART_MspDeInit:
 393              	.LFB132:
 123:Src/stm32f4xx_hal_msp.c ****   if(huart->Instance==USART1)
 394              		.loc 1 123 0
 395              		.cfi_startproc
 396              		@ args = 0, pretend = 0, frame = 0
 397              		@ frame_needed = 0, uses_anonymous_args = 0
 398              	.LVL13:
 399 0000 08B5     		push	{r3, lr}
ARM GAS  /tmp/ccuK8gWv.s 			page 14


 400              	.LCFI11:
 401              		.cfi_def_cfa_offset 8
 402              		.cfi_offset 3, -8
 403              		.cfi_offset 14, -4
 124:Src/stm32f4xx_hal_msp.c ****   {
 404              		.loc 1 124 0
 405 0002 0268     		ldr	r2, [r0]
 406 0004 074B     		ldr	r3, .L28
 407 0006 9A42     		cmp	r2, r3
 408 0008 00D0     		beq	.L27
 409              	.LVL14:
 410              	.L24:
 143:Src/stm32f4xx_hal_msp.c **** 
 411              		.loc 1 143 0
 412 000a 08BD     		pop	{r3, pc}
 413              	.LVL15:
 414              	.L27:
 130:Src/stm32f4xx_hal_msp.c ****   
 415              		.loc 1 130 0
 416 000c 064A     		ldr	r2, .L28+4
 417 000e 536C     		ldr	r3, [r2, #68]
 418 0010 23F01003 		bic	r3, r3, #16
 419 0014 5364     		str	r3, [r2, #68]
 136:Src/stm32f4xx_hal_msp.c **** 
 420              		.loc 1 136 0
 421 0016 4FF4C061 		mov	r1, #1536
 422 001a 0448     		ldr	r0, .L28+8
 423              	.LVL16:
 424 001c FFF7FEFF 		bl	HAL_GPIO_DeInit
 425              	.LVL17:
 143:Src/stm32f4xx_hal_msp.c **** 
 426              		.loc 1 143 0
 427 0020 F3E7     		b	.L24
 428              	.L29:
 429 0022 00BF     		.align	2
 430              	.L28:
 431 0024 00100140 		.word	1073811456
 432 0028 00380240 		.word	1073887232
 433 002c 00000240 		.word	1073872896
 434              		.cfi_endproc
 435              	.LFE132:
 437              		.section	.text.HAL_SRAM_MspInit,"ax",%progbits
 438              		.align	1
 439              		.global	HAL_SRAM_MspInit
 440              		.syntax unified
 441              		.thumb
 442              		.thumb_func
 443              		.fpu fpv4-sp-d16
 445              	HAL_SRAM_MspInit:
 446              	.LFB134:
 230:Src/stm32f4xx_hal_msp.c ****   /* USER CODE BEGIN SRAM_MspInit 0 */
 447              		.loc 1 230 0
 448              		.cfi_startproc
 449              		@ args = 0, pretend = 0, frame = 0
 450              		@ frame_needed = 0, uses_anonymous_args = 0
 451              	.LVL18:
 452 0000 08B5     		push	{r3, lr}
ARM GAS  /tmp/ccuK8gWv.s 			page 15


 453              	.LCFI12:
 454              		.cfi_def_cfa_offset 8
 455              		.cfi_offset 3, -8
 456              		.cfi_offset 14, -4
 234:Src/stm32f4xx_hal_msp.c ****   /* USER CODE BEGIN SRAM_MspInit 1 */
 457              		.loc 1 234 0
 458 0002 FFF7FEFF 		bl	HAL_FSMC_MspInit
 459              	.LVL19:
 238:Src/stm32f4xx_hal_msp.c **** 
 460              		.loc 1 238 0
 461 0006 08BD     		pop	{r3, pc}
 462              		.cfi_endproc
 463              	.LFE134:
 465              		.section	.text.HAL_SRAM_MspDeInit,"ax",%progbits
 466              		.align	1
 467              		.global	HAL_SRAM_MspDeInit
 468              		.syntax unified
 469              		.thumb
 470              		.thumb_func
 471              		.fpu fpv4-sp-d16
 473              	HAL_SRAM_MspDeInit:
 474              	.LFB136:
 303:Src/stm32f4xx_hal_msp.c **** 
 304:Src/stm32f4xx_hal_msp.c **** void HAL_SRAM_MspDeInit(SRAM_HandleTypeDef* hsram){
 475              		.loc 1 304 0
 476              		.cfi_startproc
 477              		@ args = 0, pretend = 0, frame = 0
 478              		@ frame_needed = 0, uses_anonymous_args = 0
 479              	.LVL20:
 480 0000 08B5     		push	{r3, lr}
 481              	.LCFI13:
 482              		.cfi_def_cfa_offset 8
 483              		.cfi_offset 3, -8
 484              		.cfi_offset 14, -4
 305:Src/stm32f4xx_hal_msp.c ****   /* USER CODE BEGIN SRAM_MspDeInit 0 */
 306:Src/stm32f4xx_hal_msp.c **** 
 307:Src/stm32f4xx_hal_msp.c ****   /* USER CODE END SRAM_MspDeInit 0 */
 308:Src/stm32f4xx_hal_msp.c ****   HAL_FSMC_MspDeInit();
 485              		.loc 1 308 0
 486 0002 FFF7FEFF 		bl	HAL_FSMC_MspDeInit
 487              	.LVL21:
 309:Src/stm32f4xx_hal_msp.c ****   /* USER CODE BEGIN SRAM_MspDeInit 1 */
 310:Src/stm32f4xx_hal_msp.c **** 
 311:Src/stm32f4xx_hal_msp.c ****   /* USER CODE END SRAM_MspDeInit 1 */
 312:Src/stm32f4xx_hal_msp.c **** }
 488              		.loc 1 312 0
 489 0006 08BD     		pop	{r3, pc}
 490              		.cfi_endproc
 491              	.LFE136:
 493              		.section	.bss.FSMC_DeInitialized,"aw",%nobits
 494              		.align	2
 495              		.set	.LANCHOR1,. + 0
 498              	FSMC_DeInitialized:
 499 0000 00000000 		.space	4
 500              		.section	.bss.FSMC_Initialized,"aw",%nobits
 501              		.align	2
 502              		.set	.LANCHOR0,. + 0
ARM GAS  /tmp/ccuK8gWv.s 			page 16


 505              	FSMC_Initialized:
 506 0000 00000000 		.space	4
 507              		.text
 508              	.Letext0:
 509              		.file 2 "/home/gianluca/gcc-arm-none-eabi-7-2018-q2-update/arm-none-eabi/include/machine/_default_
 510              		.file 3 "/home/gianluca/gcc-arm-none-eabi-7-2018-q2-update/arm-none-eabi/include/sys/_stdint.h"
 511              		.file 4 "Drivers/CMSIS/Include/core_cm4.h"
 512              		.file 5 "Drivers/CMSIS/Device/ST/STM32F4xx/Include/system_stm32f4xx.h"
 513              		.file 6 "Drivers/CMSIS/Device/ST/STM32F4xx/Include/stm32f407xx.h"
 514              		.file 7 "Drivers/STM32F4xx_HAL_Driver/Inc/stm32f4xx_hal_def.h"
 515              		.file 8 "Drivers/STM32F4xx_HAL_Driver/Inc/stm32f4xx_hal_gpio.h"
 516              		.file 9 "Drivers/STM32F4xx_HAL_Driver/Inc/stm32f4xx_hal_dma.h"
 517              		.file 10 "Drivers/STM32F4xx_HAL_Driver/Inc/stm32f4xx_ll_fsmc.h"
 518              		.file 11 "Drivers/STM32F4xx_HAL_Driver/Inc/stm32f4xx_hal_sram.h"
 519              		.file 12 "Drivers/STM32F4xx_HAL_Driver/Inc/stm32f4xx_hal_uart.h"
ARM GAS  /tmp/ccuK8gWv.s 			page 17


DEFINED SYMBOLS
                            *ABS*:0000000000000000 stm32f4xx_hal_msp.c
     /tmp/ccuK8gWv.s:18     .text.HAL_FSMC_MspInit:0000000000000000 $t
     /tmp/ccuK8gWv.s:24     .text.HAL_FSMC_MspInit:0000000000000000 HAL_FSMC_MspInit
     /tmp/ccuK8gWv.s:150    .text.HAL_FSMC_MspInit:0000000000000098 $d
     /tmp/ccuK8gWv.s:160    .text.HAL_FSMC_MspDeInit:0000000000000000 $t
     /tmp/ccuK8gWv.s:166    .text.HAL_FSMC_MspDeInit:0000000000000000 HAL_FSMC_MspDeInit
     /tmp/ccuK8gWv.s:218    .text.HAL_FSMC_MspDeInit:0000000000000044 $d
     /tmp/ccuK8gWv.s:228    .text.HAL_MspInit:0000000000000000 $t
     /tmp/ccuK8gWv.s:235    .text.HAL_MspInit:0000000000000000 HAL_MspInit
     /tmp/ccuK8gWv.s:278    .text.HAL_MspInit:0000000000000034 $d
     /tmp/ccuK8gWv.s:283    .text.HAL_UART_MspInit:0000000000000000 $t
     /tmp/ccuK8gWv.s:290    .text.HAL_UART_MspInit:0000000000000000 HAL_UART_MspInit
     /tmp/ccuK8gWv.s:380    .text.HAL_UART_MspInit:0000000000000074 $d
     /tmp/ccuK8gWv.s:385    .text.HAL_UART_MspDeInit:0000000000000000 $t
     /tmp/ccuK8gWv.s:392    .text.HAL_UART_MspDeInit:0000000000000000 HAL_UART_MspDeInit
     /tmp/ccuK8gWv.s:431    .text.HAL_UART_MspDeInit:0000000000000024 $d
     /tmp/ccuK8gWv.s:438    .text.HAL_SRAM_MspInit:0000000000000000 $t
     /tmp/ccuK8gWv.s:445    .text.HAL_SRAM_MspInit:0000000000000000 HAL_SRAM_MspInit
     /tmp/ccuK8gWv.s:466    .text.HAL_SRAM_MspDeInit:0000000000000000 $t
     /tmp/ccuK8gWv.s:473    .text.HAL_SRAM_MspDeInit:0000000000000000 HAL_SRAM_MspDeInit
     /tmp/ccuK8gWv.s:494    .bss.FSMC_DeInitialized:0000000000000000 $d
     /tmp/ccuK8gWv.s:498    .bss.FSMC_DeInitialized:0000000000000000 FSMC_DeInitialized
     /tmp/ccuK8gWv.s:501    .bss.FSMC_Initialized:0000000000000000 $d
     /tmp/ccuK8gWv.s:505    .bss.FSMC_Initialized:0000000000000000 FSMC_Initialized

UNDEFINED SYMBOLS
HAL_GPIO_Init
HAL_GPIO_DeInit
