ARM GAS  /tmp/ccJWaHdN.s 			page 1


   1              		.cpu cortex-m4
   2              		.eabi_attribute 27, 1
   3              		.eabi_attribute 28, 1
   4              		.eabi_attribute 20, 1
   5              		.eabi_attribute 21, 1
   6              		.eabi_attribute 23, 3
   7              		.eabi_attribute 24, 1
   8              		.eabi_attribute 25, 1
   9              		.eabi_attribute 26, 1
  10              		.eabi_attribute 30, 1
  11              		.eabi_attribute 34, 1
  12              		.eabi_attribute 18, 4
  13              		.file	"stm32f4xx_hal.c"
  14              		.text
  15              	.Ltext0:
  16              		.cfi_sections	.debug_frame
  17              		.section	.text.HAL_MspInit,"ax",%progbits
  18              		.align	1
  19              		.weak	HAL_MspInit
  20              		.syntax unified
  21              		.thumb
  22              		.thumb_func
  23              		.fpu fpv4-sp-d16
  25              	HAL_MspInit:
  26              	.LFB132:
  27              		.file 1 "Drivers/STM32F4xx_HAL_Driver/Src/stm32f4xx_hal.c"
   1:Drivers/STM32F4xx_HAL_Driver/Src/stm32f4xx_hal.c **** /**
   2:Drivers/STM32F4xx_HAL_Driver/Src/stm32f4xx_hal.c ****   ******************************************************************************
   3:Drivers/STM32F4xx_HAL_Driver/Src/stm32f4xx_hal.c ****   * @file    stm32f4xx_hal.c
   4:Drivers/STM32F4xx_HAL_Driver/Src/stm32f4xx_hal.c ****   * @author  MCD Application Team
   5:Drivers/STM32F4xx_HAL_Driver/Src/stm32f4xx_hal.c ****   * @brief   HAL module driver.
   6:Drivers/STM32F4xx_HAL_Driver/Src/stm32f4xx_hal.c ****   *          This is the common part of the HAL initialization
   7:Drivers/STM32F4xx_HAL_Driver/Src/stm32f4xx_hal.c ****   *
   8:Drivers/STM32F4xx_HAL_Driver/Src/stm32f4xx_hal.c ****   @verbatim
   9:Drivers/STM32F4xx_HAL_Driver/Src/stm32f4xx_hal.c ****   ==============================================================================
  10:Drivers/STM32F4xx_HAL_Driver/Src/stm32f4xx_hal.c ****                      ##### How to use this driver #####
  11:Drivers/STM32F4xx_HAL_Driver/Src/stm32f4xx_hal.c ****   ==============================================================================
  12:Drivers/STM32F4xx_HAL_Driver/Src/stm32f4xx_hal.c ****     [..]
  13:Drivers/STM32F4xx_HAL_Driver/Src/stm32f4xx_hal.c ****     The common HAL driver contains a set of generic and common APIs that can be
  14:Drivers/STM32F4xx_HAL_Driver/Src/stm32f4xx_hal.c ****     used by the PPP peripheral drivers and the user to start using the HAL. 
  15:Drivers/STM32F4xx_HAL_Driver/Src/stm32f4xx_hal.c ****     [..]
  16:Drivers/STM32F4xx_HAL_Driver/Src/stm32f4xx_hal.c ****     The HAL contains two APIs' categories: 
  17:Drivers/STM32F4xx_HAL_Driver/Src/stm32f4xx_hal.c ****          (+) Common HAL APIs
  18:Drivers/STM32F4xx_HAL_Driver/Src/stm32f4xx_hal.c ****          (+) Services HAL APIs
  19:Drivers/STM32F4xx_HAL_Driver/Src/stm32f4xx_hal.c **** 
  20:Drivers/STM32F4xx_HAL_Driver/Src/stm32f4xx_hal.c ****   @endverbatim
  21:Drivers/STM32F4xx_HAL_Driver/Src/stm32f4xx_hal.c ****   ******************************************************************************
  22:Drivers/STM32F4xx_HAL_Driver/Src/stm32f4xx_hal.c ****   * @attention
  23:Drivers/STM32F4xx_HAL_Driver/Src/stm32f4xx_hal.c ****   *
  24:Drivers/STM32F4xx_HAL_Driver/Src/stm32f4xx_hal.c ****   * <h2><center>&copy; Copyright (c) 2017 STMicroelectronics.
  25:Drivers/STM32F4xx_HAL_Driver/Src/stm32f4xx_hal.c ****   * All rights reserved.</center></h2>
  26:Drivers/STM32F4xx_HAL_Driver/Src/stm32f4xx_hal.c ****   *
  27:Drivers/STM32F4xx_HAL_Driver/Src/stm32f4xx_hal.c ****   * This software component is licensed by ST under BSD 3-Clause license,
  28:Drivers/STM32F4xx_HAL_Driver/Src/stm32f4xx_hal.c ****   * the "License"; You may not use this file except in compliance with the
  29:Drivers/STM32F4xx_HAL_Driver/Src/stm32f4xx_hal.c ****   * License. You may obtain a copy of the License at:
  30:Drivers/STM32F4xx_HAL_Driver/Src/stm32f4xx_hal.c ****   *                        opensource.org/licenses/BSD-3-Clause
  31:Drivers/STM32F4xx_HAL_Driver/Src/stm32f4xx_hal.c ****   *
ARM GAS  /tmp/ccJWaHdN.s 			page 2


  32:Drivers/STM32F4xx_HAL_Driver/Src/stm32f4xx_hal.c ****   ******************************************************************************
  33:Drivers/STM32F4xx_HAL_Driver/Src/stm32f4xx_hal.c ****   */ 
  34:Drivers/STM32F4xx_HAL_Driver/Src/stm32f4xx_hal.c **** 
  35:Drivers/STM32F4xx_HAL_Driver/Src/stm32f4xx_hal.c **** /* Includes ------------------------------------------------------------------*/
  36:Drivers/STM32F4xx_HAL_Driver/Src/stm32f4xx_hal.c **** #include "stm32f4xx_hal.h"
  37:Drivers/STM32F4xx_HAL_Driver/Src/stm32f4xx_hal.c **** 
  38:Drivers/STM32F4xx_HAL_Driver/Src/stm32f4xx_hal.c **** /** @addtogroup STM32F4xx_HAL_Driver
  39:Drivers/STM32F4xx_HAL_Driver/Src/stm32f4xx_hal.c ****   * @{
  40:Drivers/STM32F4xx_HAL_Driver/Src/stm32f4xx_hal.c ****   */
  41:Drivers/STM32F4xx_HAL_Driver/Src/stm32f4xx_hal.c **** 
  42:Drivers/STM32F4xx_HAL_Driver/Src/stm32f4xx_hal.c **** /** @defgroup HAL HAL
  43:Drivers/STM32F4xx_HAL_Driver/Src/stm32f4xx_hal.c ****   * @brief HAL module driver.
  44:Drivers/STM32F4xx_HAL_Driver/Src/stm32f4xx_hal.c ****   * @{
  45:Drivers/STM32F4xx_HAL_Driver/Src/stm32f4xx_hal.c ****   */
  46:Drivers/STM32F4xx_HAL_Driver/Src/stm32f4xx_hal.c **** 
  47:Drivers/STM32F4xx_HAL_Driver/Src/stm32f4xx_hal.c **** /* Private typedef -----------------------------------------------------------*/
  48:Drivers/STM32F4xx_HAL_Driver/Src/stm32f4xx_hal.c **** /* Private define ------------------------------------------------------------*/
  49:Drivers/STM32F4xx_HAL_Driver/Src/stm32f4xx_hal.c **** /** @addtogroup HAL_Private_Constants
  50:Drivers/STM32F4xx_HAL_Driver/Src/stm32f4xx_hal.c ****   * @{
  51:Drivers/STM32F4xx_HAL_Driver/Src/stm32f4xx_hal.c ****   */
  52:Drivers/STM32F4xx_HAL_Driver/Src/stm32f4xx_hal.c **** /**
  53:Drivers/STM32F4xx_HAL_Driver/Src/stm32f4xx_hal.c ****   * @brief STM32F4xx HAL Driver version number V1.7.6
  54:Drivers/STM32F4xx_HAL_Driver/Src/stm32f4xx_hal.c ****   */
  55:Drivers/STM32F4xx_HAL_Driver/Src/stm32f4xx_hal.c **** #define __STM32F4xx_HAL_VERSION_MAIN   (0x01U) /*!< [31:24] main version */
  56:Drivers/STM32F4xx_HAL_Driver/Src/stm32f4xx_hal.c **** #define __STM32F4xx_HAL_VERSION_SUB1   (0x07U) /*!< [23:16] sub1 version */
  57:Drivers/STM32F4xx_HAL_Driver/Src/stm32f4xx_hal.c **** #define __STM32F4xx_HAL_VERSION_SUB2   (0x06U) /*!< [15:8]  sub2 version */
  58:Drivers/STM32F4xx_HAL_Driver/Src/stm32f4xx_hal.c **** #define __STM32F4xx_HAL_VERSION_RC     (0x00U) /*!< [7:0]  release candidate */ 
  59:Drivers/STM32F4xx_HAL_Driver/Src/stm32f4xx_hal.c **** #define __STM32F4xx_HAL_VERSION         ((__STM32F4xx_HAL_VERSION_MAIN << 24U)\
  60:Drivers/STM32F4xx_HAL_Driver/Src/stm32f4xx_hal.c ****                                         |(__STM32F4xx_HAL_VERSION_SUB1 << 16U)\
  61:Drivers/STM32F4xx_HAL_Driver/Src/stm32f4xx_hal.c ****                                         |(__STM32F4xx_HAL_VERSION_SUB2 << 8U )\
  62:Drivers/STM32F4xx_HAL_Driver/Src/stm32f4xx_hal.c ****                                         |(__STM32F4xx_HAL_VERSION_RC))
  63:Drivers/STM32F4xx_HAL_Driver/Src/stm32f4xx_hal.c ****                                         
  64:Drivers/STM32F4xx_HAL_Driver/Src/stm32f4xx_hal.c **** #define IDCODE_DEVID_MASK    0x00000FFFU
  65:Drivers/STM32F4xx_HAL_Driver/Src/stm32f4xx_hal.c **** 
  66:Drivers/STM32F4xx_HAL_Driver/Src/stm32f4xx_hal.c **** /* ------------ RCC registers bit address in the alias region ----------- */
  67:Drivers/STM32F4xx_HAL_Driver/Src/stm32f4xx_hal.c **** #define SYSCFG_OFFSET             (SYSCFG_BASE - PERIPH_BASE)
  68:Drivers/STM32F4xx_HAL_Driver/Src/stm32f4xx_hal.c **** /* ---  MEMRMP Register ---*/ 
  69:Drivers/STM32F4xx_HAL_Driver/Src/stm32f4xx_hal.c **** /* Alias word address of UFB_MODE bit */ 
  70:Drivers/STM32F4xx_HAL_Driver/Src/stm32f4xx_hal.c **** #define MEMRMP_OFFSET             SYSCFG_OFFSET 
  71:Drivers/STM32F4xx_HAL_Driver/Src/stm32f4xx_hal.c **** #define UFB_MODE_BIT_NUMBER       SYSCFG_MEMRMP_UFB_MODE_Pos
  72:Drivers/STM32F4xx_HAL_Driver/Src/stm32f4xx_hal.c **** #define UFB_MODE_BB               (uint32_t)(PERIPH_BB_BASE + (MEMRMP_OFFSET * 32U) + (UFB_MODE_BIT
  73:Drivers/STM32F4xx_HAL_Driver/Src/stm32f4xx_hal.c **** 
  74:Drivers/STM32F4xx_HAL_Driver/Src/stm32f4xx_hal.c **** /* ---  CMPCR Register ---*/ 
  75:Drivers/STM32F4xx_HAL_Driver/Src/stm32f4xx_hal.c **** /* Alias word address of CMP_PD bit */ 
  76:Drivers/STM32F4xx_HAL_Driver/Src/stm32f4xx_hal.c **** #define CMPCR_OFFSET              (SYSCFG_OFFSET + 0x20U) 
  77:Drivers/STM32F4xx_HAL_Driver/Src/stm32f4xx_hal.c **** #define CMP_PD_BIT_NUMBER         SYSCFG_CMPCR_CMP_PD_Pos
  78:Drivers/STM32F4xx_HAL_Driver/Src/stm32f4xx_hal.c **** #define CMPCR_CMP_PD_BB           (uint32_t)(PERIPH_BB_BASE + (CMPCR_OFFSET * 32U) + (CMP_PD_BIT_NU
  79:Drivers/STM32F4xx_HAL_Driver/Src/stm32f4xx_hal.c **** 
  80:Drivers/STM32F4xx_HAL_Driver/Src/stm32f4xx_hal.c **** /* ---  MCHDLYCR Register ---*/ 
  81:Drivers/STM32F4xx_HAL_Driver/Src/stm32f4xx_hal.c **** /* Alias word address of BSCKSEL bit */ 
  82:Drivers/STM32F4xx_HAL_Driver/Src/stm32f4xx_hal.c **** #define MCHDLYCR_OFFSET            (SYSCFG_OFFSET + 0x30U) 
  83:Drivers/STM32F4xx_HAL_Driver/Src/stm32f4xx_hal.c **** #define BSCKSEL_BIT_NUMBER         SYSCFG_MCHDLYCR_BSCKSEL_Pos
  84:Drivers/STM32F4xx_HAL_Driver/Src/stm32f4xx_hal.c **** #define MCHDLYCR_BSCKSEL_BB        (uint32_t)(PERIPH_BB_BASE + (MCHDLYCR_OFFSET * 32U) + (BSCKSEL_B
  85:Drivers/STM32F4xx_HAL_Driver/Src/stm32f4xx_hal.c **** /**
  86:Drivers/STM32F4xx_HAL_Driver/Src/stm32f4xx_hal.c ****   * @}
  87:Drivers/STM32F4xx_HAL_Driver/Src/stm32f4xx_hal.c ****   */
  88:Drivers/STM32F4xx_HAL_Driver/Src/stm32f4xx_hal.c **** 
ARM GAS  /tmp/ccJWaHdN.s 			page 3


  89:Drivers/STM32F4xx_HAL_Driver/Src/stm32f4xx_hal.c **** /* Private macro -------------------------------------------------------------*/
  90:Drivers/STM32F4xx_HAL_Driver/Src/stm32f4xx_hal.c **** /* Private variables ---------------------------------------------------------*/
  91:Drivers/STM32F4xx_HAL_Driver/Src/stm32f4xx_hal.c **** /** @addtogroup HAL_Private_Variables
  92:Drivers/STM32F4xx_HAL_Driver/Src/stm32f4xx_hal.c ****   * @{
  93:Drivers/STM32F4xx_HAL_Driver/Src/stm32f4xx_hal.c ****   */
  94:Drivers/STM32F4xx_HAL_Driver/Src/stm32f4xx_hal.c **** __IO uint32_t uwTick;
  95:Drivers/STM32F4xx_HAL_Driver/Src/stm32f4xx_hal.c **** uint32_t uwTickPrio   = (1UL << __NVIC_PRIO_BITS); /* Invalid PRIO */
  96:Drivers/STM32F4xx_HAL_Driver/Src/stm32f4xx_hal.c **** HAL_TickFreqTypeDef uwTickFreq = HAL_TICK_FREQ_DEFAULT;  /* 1KHz */
  97:Drivers/STM32F4xx_HAL_Driver/Src/stm32f4xx_hal.c **** /**
  98:Drivers/STM32F4xx_HAL_Driver/Src/stm32f4xx_hal.c ****   * @}
  99:Drivers/STM32F4xx_HAL_Driver/Src/stm32f4xx_hal.c ****   */
 100:Drivers/STM32F4xx_HAL_Driver/Src/stm32f4xx_hal.c **** /* Private function prototypes -----------------------------------------------*/
 101:Drivers/STM32F4xx_HAL_Driver/Src/stm32f4xx_hal.c **** /* Private functions ---------------------------------------------------------*/
 102:Drivers/STM32F4xx_HAL_Driver/Src/stm32f4xx_hal.c **** 
 103:Drivers/STM32F4xx_HAL_Driver/Src/stm32f4xx_hal.c **** /** @defgroup HAL_Exported_Functions HAL Exported Functions
 104:Drivers/STM32F4xx_HAL_Driver/Src/stm32f4xx_hal.c ****   * @{
 105:Drivers/STM32F4xx_HAL_Driver/Src/stm32f4xx_hal.c ****   */
 106:Drivers/STM32F4xx_HAL_Driver/Src/stm32f4xx_hal.c **** 
 107:Drivers/STM32F4xx_HAL_Driver/Src/stm32f4xx_hal.c **** /** @defgroup HAL_Exported_Functions_Group1 Initialization and de-initialization Functions 
 108:Drivers/STM32F4xx_HAL_Driver/Src/stm32f4xx_hal.c ****  *  @brief    Initialization and de-initialization functions
 109:Drivers/STM32F4xx_HAL_Driver/Src/stm32f4xx_hal.c ****  *
 110:Drivers/STM32F4xx_HAL_Driver/Src/stm32f4xx_hal.c **** @verbatim    
 111:Drivers/STM32F4xx_HAL_Driver/Src/stm32f4xx_hal.c ****  ===============================================================================
 112:Drivers/STM32F4xx_HAL_Driver/Src/stm32f4xx_hal.c ****               ##### Initialization and Configuration functions #####
 113:Drivers/STM32F4xx_HAL_Driver/Src/stm32f4xx_hal.c ****  ===============================================================================
 114:Drivers/STM32F4xx_HAL_Driver/Src/stm32f4xx_hal.c ****     [..]  This section provides functions allowing to:
 115:Drivers/STM32F4xx_HAL_Driver/Src/stm32f4xx_hal.c ****       (+) Initializes the Flash interface the NVIC allocation and initial clock 
 116:Drivers/STM32F4xx_HAL_Driver/Src/stm32f4xx_hal.c ****           configuration. It initializes the systick also when timeout is needed 
 117:Drivers/STM32F4xx_HAL_Driver/Src/stm32f4xx_hal.c ****           and the backup domain when enabled.
 118:Drivers/STM32F4xx_HAL_Driver/Src/stm32f4xx_hal.c ****       (+) De-Initializes common part of the HAL.
 119:Drivers/STM32F4xx_HAL_Driver/Src/stm32f4xx_hal.c ****       (+) Configure the time base source to have 1ms time base with a dedicated 
 120:Drivers/STM32F4xx_HAL_Driver/Src/stm32f4xx_hal.c ****           Tick interrupt priority. 
 121:Drivers/STM32F4xx_HAL_Driver/Src/stm32f4xx_hal.c ****         (++) SysTick timer is used by default as source of time base, but user
 122:Drivers/STM32F4xx_HAL_Driver/Src/stm32f4xx_hal.c ****              can eventually implement his proper time base source (a general purpose 
 123:Drivers/STM32F4xx_HAL_Driver/Src/stm32f4xx_hal.c ****              timer for example or other time source), keeping in mind that Time base 
 124:Drivers/STM32F4xx_HAL_Driver/Src/stm32f4xx_hal.c ****              duration should be kept 1ms since PPP_TIMEOUT_VALUEs are defined and 
 125:Drivers/STM32F4xx_HAL_Driver/Src/stm32f4xx_hal.c ****              handled in milliseconds basis.
 126:Drivers/STM32F4xx_HAL_Driver/Src/stm32f4xx_hal.c ****         (++) Time base configuration function (HAL_InitTick ()) is called automatically 
 127:Drivers/STM32F4xx_HAL_Driver/Src/stm32f4xx_hal.c ****              at the beginning of the program after reset by HAL_Init() or at any time 
 128:Drivers/STM32F4xx_HAL_Driver/Src/stm32f4xx_hal.c ****              when clock is configured, by HAL_RCC_ClockConfig(). 
 129:Drivers/STM32F4xx_HAL_Driver/Src/stm32f4xx_hal.c ****         (++) Source of time base is configured  to generate interrupts at regular 
 130:Drivers/STM32F4xx_HAL_Driver/Src/stm32f4xx_hal.c ****              time intervals. Care must be taken if HAL_Delay() is called from a 
 131:Drivers/STM32F4xx_HAL_Driver/Src/stm32f4xx_hal.c ****              peripheral ISR process, the Tick interrupt line must have higher priority 
 132:Drivers/STM32F4xx_HAL_Driver/Src/stm32f4xx_hal.c ****             (numerically lower) than the peripheral interrupt. Otherwise the caller 
 133:Drivers/STM32F4xx_HAL_Driver/Src/stm32f4xx_hal.c ****             ISR process will be blocked. 
 134:Drivers/STM32F4xx_HAL_Driver/Src/stm32f4xx_hal.c ****        (++) functions affecting time base configurations are declared as __weak  
 135:Drivers/STM32F4xx_HAL_Driver/Src/stm32f4xx_hal.c ****              to make  override possible  in case of other  implementations in user file.
 136:Drivers/STM32F4xx_HAL_Driver/Src/stm32f4xx_hal.c **** @endverbatim
 137:Drivers/STM32F4xx_HAL_Driver/Src/stm32f4xx_hal.c ****   * @{
 138:Drivers/STM32F4xx_HAL_Driver/Src/stm32f4xx_hal.c ****   */
 139:Drivers/STM32F4xx_HAL_Driver/Src/stm32f4xx_hal.c **** 
 140:Drivers/STM32F4xx_HAL_Driver/Src/stm32f4xx_hal.c **** /**
 141:Drivers/STM32F4xx_HAL_Driver/Src/stm32f4xx_hal.c ****   * @brief  This function is used to initialize the HAL Library; it must be the first 
 142:Drivers/STM32F4xx_HAL_Driver/Src/stm32f4xx_hal.c ****   *         instruction to be executed in the main program (before to call any other
 143:Drivers/STM32F4xx_HAL_Driver/Src/stm32f4xx_hal.c ****   *         HAL function), it performs the following:
 144:Drivers/STM32F4xx_HAL_Driver/Src/stm32f4xx_hal.c ****   *           Configure the Flash prefetch, instruction and Data caches.
 145:Drivers/STM32F4xx_HAL_Driver/Src/stm32f4xx_hal.c ****   *           Configures the SysTick to generate an interrupt each 1 millisecond,
ARM GAS  /tmp/ccJWaHdN.s 			page 4


 146:Drivers/STM32F4xx_HAL_Driver/Src/stm32f4xx_hal.c ****   *           which is clocked by the HSI (at this stage, the clock is not yet
 147:Drivers/STM32F4xx_HAL_Driver/Src/stm32f4xx_hal.c ****   *           configured and thus the system is running from the internal HSI at 16 MHz).
 148:Drivers/STM32F4xx_HAL_Driver/Src/stm32f4xx_hal.c ****   *           Set NVIC Group Priority to 4.
 149:Drivers/STM32F4xx_HAL_Driver/Src/stm32f4xx_hal.c ****   *           Calls the HAL_MspInit() callback function defined in user file 
 150:Drivers/STM32F4xx_HAL_Driver/Src/stm32f4xx_hal.c ****   *           "stm32f4xx_hal_msp.c" to do the global low level hardware initialization 
 151:Drivers/STM32F4xx_HAL_Driver/Src/stm32f4xx_hal.c ****   *            
 152:Drivers/STM32F4xx_HAL_Driver/Src/stm32f4xx_hal.c ****   * @note   SysTick is used as time base for the HAL_Delay() function, the application
 153:Drivers/STM32F4xx_HAL_Driver/Src/stm32f4xx_hal.c ****   *         need to ensure that the SysTick time base is always set to 1 millisecond
 154:Drivers/STM32F4xx_HAL_Driver/Src/stm32f4xx_hal.c ****   *         to have correct HAL operation.
 155:Drivers/STM32F4xx_HAL_Driver/Src/stm32f4xx_hal.c ****   * @retval HAL status
 156:Drivers/STM32F4xx_HAL_Driver/Src/stm32f4xx_hal.c ****   */
 157:Drivers/STM32F4xx_HAL_Driver/Src/stm32f4xx_hal.c **** HAL_StatusTypeDef HAL_Init(void)
 158:Drivers/STM32F4xx_HAL_Driver/Src/stm32f4xx_hal.c **** {
 159:Drivers/STM32F4xx_HAL_Driver/Src/stm32f4xx_hal.c ****   /* Configure Flash prefetch, Instruction cache, Data cache */ 
 160:Drivers/STM32F4xx_HAL_Driver/Src/stm32f4xx_hal.c **** #if (INSTRUCTION_CACHE_ENABLE != 0U)
 161:Drivers/STM32F4xx_HAL_Driver/Src/stm32f4xx_hal.c ****   __HAL_FLASH_INSTRUCTION_CACHE_ENABLE();
 162:Drivers/STM32F4xx_HAL_Driver/Src/stm32f4xx_hal.c **** #endif /* INSTRUCTION_CACHE_ENABLE */
 163:Drivers/STM32F4xx_HAL_Driver/Src/stm32f4xx_hal.c **** 
 164:Drivers/STM32F4xx_HAL_Driver/Src/stm32f4xx_hal.c **** #if (DATA_CACHE_ENABLE != 0U)
 165:Drivers/STM32F4xx_HAL_Driver/Src/stm32f4xx_hal.c ****   __HAL_FLASH_DATA_CACHE_ENABLE();
 166:Drivers/STM32F4xx_HAL_Driver/Src/stm32f4xx_hal.c **** #endif /* DATA_CACHE_ENABLE */
 167:Drivers/STM32F4xx_HAL_Driver/Src/stm32f4xx_hal.c **** 
 168:Drivers/STM32F4xx_HAL_Driver/Src/stm32f4xx_hal.c **** #if (PREFETCH_ENABLE != 0U)
 169:Drivers/STM32F4xx_HAL_Driver/Src/stm32f4xx_hal.c ****   __HAL_FLASH_PREFETCH_BUFFER_ENABLE();
 170:Drivers/STM32F4xx_HAL_Driver/Src/stm32f4xx_hal.c **** #endif /* PREFETCH_ENABLE */
 171:Drivers/STM32F4xx_HAL_Driver/Src/stm32f4xx_hal.c **** 
 172:Drivers/STM32F4xx_HAL_Driver/Src/stm32f4xx_hal.c ****   /* Set Interrupt Group Priority */
 173:Drivers/STM32F4xx_HAL_Driver/Src/stm32f4xx_hal.c ****   HAL_NVIC_SetPriorityGrouping(NVIC_PRIORITYGROUP_4);
 174:Drivers/STM32F4xx_HAL_Driver/Src/stm32f4xx_hal.c **** 
 175:Drivers/STM32F4xx_HAL_Driver/Src/stm32f4xx_hal.c ****   /* Use systick as time base source and configure 1ms tick (default clock after Reset is HSI) */
 176:Drivers/STM32F4xx_HAL_Driver/Src/stm32f4xx_hal.c ****   HAL_InitTick(TICK_INT_PRIORITY);
 177:Drivers/STM32F4xx_HAL_Driver/Src/stm32f4xx_hal.c **** 
 178:Drivers/STM32F4xx_HAL_Driver/Src/stm32f4xx_hal.c ****   /* Init the low level hardware */
 179:Drivers/STM32F4xx_HAL_Driver/Src/stm32f4xx_hal.c ****   HAL_MspInit();
 180:Drivers/STM32F4xx_HAL_Driver/Src/stm32f4xx_hal.c **** 
 181:Drivers/STM32F4xx_HAL_Driver/Src/stm32f4xx_hal.c ****   /* Return function status */
 182:Drivers/STM32F4xx_HAL_Driver/Src/stm32f4xx_hal.c ****   return HAL_OK;
 183:Drivers/STM32F4xx_HAL_Driver/Src/stm32f4xx_hal.c **** }
 184:Drivers/STM32F4xx_HAL_Driver/Src/stm32f4xx_hal.c **** 
 185:Drivers/STM32F4xx_HAL_Driver/Src/stm32f4xx_hal.c **** /**
 186:Drivers/STM32F4xx_HAL_Driver/Src/stm32f4xx_hal.c ****   * @brief  This function de-Initializes common part of the HAL and stops the systick.
 187:Drivers/STM32F4xx_HAL_Driver/Src/stm32f4xx_hal.c ****   *         This function is optional.   
 188:Drivers/STM32F4xx_HAL_Driver/Src/stm32f4xx_hal.c ****   * @retval HAL status
 189:Drivers/STM32F4xx_HAL_Driver/Src/stm32f4xx_hal.c ****   */
 190:Drivers/STM32F4xx_HAL_Driver/Src/stm32f4xx_hal.c **** HAL_StatusTypeDef HAL_DeInit(void)
 191:Drivers/STM32F4xx_HAL_Driver/Src/stm32f4xx_hal.c **** {
 192:Drivers/STM32F4xx_HAL_Driver/Src/stm32f4xx_hal.c ****   /* Reset of all peripherals */
 193:Drivers/STM32F4xx_HAL_Driver/Src/stm32f4xx_hal.c ****   __HAL_RCC_APB1_FORCE_RESET();
 194:Drivers/STM32F4xx_HAL_Driver/Src/stm32f4xx_hal.c ****   __HAL_RCC_APB1_RELEASE_RESET();
 195:Drivers/STM32F4xx_HAL_Driver/Src/stm32f4xx_hal.c **** 
 196:Drivers/STM32F4xx_HAL_Driver/Src/stm32f4xx_hal.c ****   __HAL_RCC_APB2_FORCE_RESET();
 197:Drivers/STM32F4xx_HAL_Driver/Src/stm32f4xx_hal.c ****   __HAL_RCC_APB2_RELEASE_RESET();
 198:Drivers/STM32F4xx_HAL_Driver/Src/stm32f4xx_hal.c **** 
 199:Drivers/STM32F4xx_HAL_Driver/Src/stm32f4xx_hal.c ****   __HAL_RCC_AHB1_FORCE_RESET();
 200:Drivers/STM32F4xx_HAL_Driver/Src/stm32f4xx_hal.c ****   __HAL_RCC_AHB1_RELEASE_RESET();
 201:Drivers/STM32F4xx_HAL_Driver/Src/stm32f4xx_hal.c **** 
 202:Drivers/STM32F4xx_HAL_Driver/Src/stm32f4xx_hal.c ****   __HAL_RCC_AHB2_FORCE_RESET();
ARM GAS  /tmp/ccJWaHdN.s 			page 5


 203:Drivers/STM32F4xx_HAL_Driver/Src/stm32f4xx_hal.c ****   __HAL_RCC_AHB2_RELEASE_RESET();
 204:Drivers/STM32F4xx_HAL_Driver/Src/stm32f4xx_hal.c **** 
 205:Drivers/STM32F4xx_HAL_Driver/Src/stm32f4xx_hal.c ****   __HAL_RCC_AHB3_FORCE_RESET();
 206:Drivers/STM32F4xx_HAL_Driver/Src/stm32f4xx_hal.c ****   __HAL_RCC_AHB3_RELEASE_RESET();
 207:Drivers/STM32F4xx_HAL_Driver/Src/stm32f4xx_hal.c **** 
 208:Drivers/STM32F4xx_HAL_Driver/Src/stm32f4xx_hal.c ****   /* De-Init the low level hardware */
 209:Drivers/STM32F4xx_HAL_Driver/Src/stm32f4xx_hal.c ****   HAL_MspDeInit();
 210:Drivers/STM32F4xx_HAL_Driver/Src/stm32f4xx_hal.c ****     
 211:Drivers/STM32F4xx_HAL_Driver/Src/stm32f4xx_hal.c ****   /* Return function status */
 212:Drivers/STM32F4xx_HAL_Driver/Src/stm32f4xx_hal.c ****   return HAL_OK;
 213:Drivers/STM32F4xx_HAL_Driver/Src/stm32f4xx_hal.c **** }
 214:Drivers/STM32F4xx_HAL_Driver/Src/stm32f4xx_hal.c **** 
 215:Drivers/STM32F4xx_HAL_Driver/Src/stm32f4xx_hal.c **** /**
 216:Drivers/STM32F4xx_HAL_Driver/Src/stm32f4xx_hal.c ****   * @brief  Initialize the MSP.
 217:Drivers/STM32F4xx_HAL_Driver/Src/stm32f4xx_hal.c ****   * @retval None
 218:Drivers/STM32F4xx_HAL_Driver/Src/stm32f4xx_hal.c ****   */
 219:Drivers/STM32F4xx_HAL_Driver/Src/stm32f4xx_hal.c **** __weak void HAL_MspInit(void)
 220:Drivers/STM32F4xx_HAL_Driver/Src/stm32f4xx_hal.c **** {
  28              		.loc 1 220 0
  29              		.cfi_startproc
  30              		@ args = 0, pretend = 0, frame = 0
  31              		@ frame_needed = 0, uses_anonymous_args = 0
  32              		@ link register save eliminated.
 221:Drivers/STM32F4xx_HAL_Driver/Src/stm32f4xx_hal.c ****   /* NOTE : This function should not be modified, when the callback is needed,
 222:Drivers/STM32F4xx_HAL_Driver/Src/stm32f4xx_hal.c ****             the HAL_MspInit could be implemented in the user file
 223:Drivers/STM32F4xx_HAL_Driver/Src/stm32f4xx_hal.c ****    */
 224:Drivers/STM32F4xx_HAL_Driver/Src/stm32f4xx_hal.c **** }
  33              		.loc 1 224 0
  34 0000 7047     		bx	lr
  35              		.cfi_endproc
  36              	.LFE132:
  38              		.section	.text.HAL_MspDeInit,"ax",%progbits
  39              		.align	1
  40              		.weak	HAL_MspDeInit
  41              		.syntax unified
  42              		.thumb
  43              		.thumb_func
  44              		.fpu fpv4-sp-d16
  46              	HAL_MspDeInit:
  47              	.LFB133:
 225:Drivers/STM32F4xx_HAL_Driver/Src/stm32f4xx_hal.c **** 
 226:Drivers/STM32F4xx_HAL_Driver/Src/stm32f4xx_hal.c **** /**
 227:Drivers/STM32F4xx_HAL_Driver/Src/stm32f4xx_hal.c ****   * @brief  DeInitializes the MSP.
 228:Drivers/STM32F4xx_HAL_Driver/Src/stm32f4xx_hal.c ****   * @retval None
 229:Drivers/STM32F4xx_HAL_Driver/Src/stm32f4xx_hal.c ****   */
 230:Drivers/STM32F4xx_HAL_Driver/Src/stm32f4xx_hal.c **** __weak void HAL_MspDeInit(void)
 231:Drivers/STM32F4xx_HAL_Driver/Src/stm32f4xx_hal.c **** {
  48              		.loc 1 231 0
  49              		.cfi_startproc
  50              		@ args = 0, pretend = 0, frame = 0
  51              		@ frame_needed = 0, uses_anonymous_args = 0
  52              		@ link register save eliminated.
 232:Drivers/STM32F4xx_HAL_Driver/Src/stm32f4xx_hal.c ****   /* NOTE : This function should not be modified, when the callback is needed,
 233:Drivers/STM32F4xx_HAL_Driver/Src/stm32f4xx_hal.c ****             the HAL_MspDeInit could be implemented in the user file
 234:Drivers/STM32F4xx_HAL_Driver/Src/stm32f4xx_hal.c ****    */ 
 235:Drivers/STM32F4xx_HAL_Driver/Src/stm32f4xx_hal.c **** }
  53              		.loc 1 235 0
ARM GAS  /tmp/ccJWaHdN.s 			page 6


  54 0000 7047     		bx	lr
  55              		.cfi_endproc
  56              	.LFE133:
  58              		.section	.text.HAL_DeInit,"ax",%progbits
  59              		.align	1
  60              		.global	HAL_DeInit
  61              		.syntax unified
  62              		.thumb
  63              		.thumb_func
  64              		.fpu fpv4-sp-d16
  66              	HAL_DeInit:
  67              	.LFB131:
 191:Drivers/STM32F4xx_HAL_Driver/Src/stm32f4xx_hal.c ****   /* Reset of all peripherals */
  68              		.loc 1 191 0
  69              		.cfi_startproc
  70              		@ args = 0, pretend = 0, frame = 0
  71              		@ frame_needed = 0, uses_anonymous_args = 0
  72 0000 10B5     		push	{r4, lr}
  73              	.LCFI0:
  74              		.cfi_def_cfa_offset 8
  75              		.cfi_offset 4, -8
  76              		.cfi_offset 14, -4
 193:Drivers/STM32F4xx_HAL_Driver/Src/stm32f4xx_hal.c ****   __HAL_RCC_APB1_RELEASE_RESET();
  77              		.loc 1 193 0
  78 0002 094B     		ldr	r3, .L5
  79 0004 4FF0FF32 		mov	r2, #-1
  80 0008 1A62     		str	r2, [r3, #32]
 194:Drivers/STM32F4xx_HAL_Driver/Src/stm32f4xx_hal.c **** 
  81              		.loc 1 194 0
  82 000a 0024     		movs	r4, #0
  83 000c 1C62     		str	r4, [r3, #32]
 196:Drivers/STM32F4xx_HAL_Driver/Src/stm32f4xx_hal.c ****   __HAL_RCC_APB2_RELEASE_RESET();
  84              		.loc 1 196 0
  85 000e 5A62     		str	r2, [r3, #36]
 197:Drivers/STM32F4xx_HAL_Driver/Src/stm32f4xx_hal.c **** 
  86              		.loc 1 197 0
  87 0010 5C62     		str	r4, [r3, #36]
 199:Drivers/STM32F4xx_HAL_Driver/Src/stm32f4xx_hal.c ****   __HAL_RCC_AHB1_RELEASE_RESET();
  88              		.loc 1 199 0
  89 0012 1A61     		str	r2, [r3, #16]
 200:Drivers/STM32F4xx_HAL_Driver/Src/stm32f4xx_hal.c **** 
  90              		.loc 1 200 0
  91 0014 1C61     		str	r4, [r3, #16]
 202:Drivers/STM32F4xx_HAL_Driver/Src/stm32f4xx_hal.c ****   __HAL_RCC_AHB2_RELEASE_RESET();
  92              		.loc 1 202 0
  93 0016 5A61     		str	r2, [r3, #20]
 203:Drivers/STM32F4xx_HAL_Driver/Src/stm32f4xx_hal.c **** 
  94              		.loc 1 203 0
  95 0018 5C61     		str	r4, [r3, #20]
 205:Drivers/STM32F4xx_HAL_Driver/Src/stm32f4xx_hal.c ****   __HAL_RCC_AHB3_RELEASE_RESET();
  96              		.loc 1 205 0
  97 001a 9A61     		str	r2, [r3, #24]
 206:Drivers/STM32F4xx_HAL_Driver/Src/stm32f4xx_hal.c **** 
  98              		.loc 1 206 0
  99 001c 9C61     		str	r4, [r3, #24]
 209:Drivers/STM32F4xx_HAL_Driver/Src/stm32f4xx_hal.c ****     
 100              		.loc 1 209 0
ARM GAS  /tmp/ccJWaHdN.s 			page 7


 101 001e FFF7FEFF 		bl	HAL_MspDeInit
 102              	.LVL0:
 213:Drivers/STM32F4xx_HAL_Driver/Src/stm32f4xx_hal.c **** 
 103              		.loc 1 213 0
 104 0022 2046     		mov	r0, r4
 105 0024 10BD     		pop	{r4, pc}
 106              	.L6:
 107 0026 00BF     		.align	2
 108              	.L5:
 109 0028 00380240 		.word	1073887232
 110              		.cfi_endproc
 111              	.LFE131:
 113              		.section	.text.HAL_InitTick,"ax",%progbits
 114              		.align	1
 115              		.weak	HAL_InitTick
 116              		.syntax unified
 117              		.thumb
 118              		.thumb_func
 119              		.fpu fpv4-sp-d16
 121              	HAL_InitTick:
 122              	.LFB134:
 236:Drivers/STM32F4xx_HAL_Driver/Src/stm32f4xx_hal.c **** 
 237:Drivers/STM32F4xx_HAL_Driver/Src/stm32f4xx_hal.c **** /**
 238:Drivers/STM32F4xx_HAL_Driver/Src/stm32f4xx_hal.c ****   * @brief This function configures the source of the time base.
 239:Drivers/STM32F4xx_HAL_Driver/Src/stm32f4xx_hal.c ****   *        The time source is configured  to have 1ms time base with a dedicated 
 240:Drivers/STM32F4xx_HAL_Driver/Src/stm32f4xx_hal.c ****   *        Tick interrupt priority.
 241:Drivers/STM32F4xx_HAL_Driver/Src/stm32f4xx_hal.c ****   * @note This function is called  automatically at the beginning of program after
 242:Drivers/STM32F4xx_HAL_Driver/Src/stm32f4xx_hal.c ****   *       reset by HAL_Init() or at any time when clock is reconfigured  by HAL_RCC_ClockConfig().
 243:Drivers/STM32F4xx_HAL_Driver/Src/stm32f4xx_hal.c ****   * @note In the default implementation, SysTick timer is the source of time base. 
 244:Drivers/STM32F4xx_HAL_Driver/Src/stm32f4xx_hal.c ****   *       It is used to generate interrupts at regular time intervals. 
 245:Drivers/STM32F4xx_HAL_Driver/Src/stm32f4xx_hal.c ****   *       Care must be taken if HAL_Delay() is called from a peripheral ISR process, 
 246:Drivers/STM32F4xx_HAL_Driver/Src/stm32f4xx_hal.c ****   *       The SysTick interrupt must have higher priority (numerically lower)
 247:Drivers/STM32F4xx_HAL_Driver/Src/stm32f4xx_hal.c ****   *       than the peripheral interrupt. Otherwise the caller ISR process will be blocked.
 248:Drivers/STM32F4xx_HAL_Driver/Src/stm32f4xx_hal.c ****   *       The function is declared as __weak  to be overwritten  in case of other
 249:Drivers/STM32F4xx_HAL_Driver/Src/stm32f4xx_hal.c ****   *       implementation  in user file.
 250:Drivers/STM32F4xx_HAL_Driver/Src/stm32f4xx_hal.c ****   * @param TickPriority Tick interrupt priority.
 251:Drivers/STM32F4xx_HAL_Driver/Src/stm32f4xx_hal.c ****   * @retval HAL status
 252:Drivers/STM32F4xx_HAL_Driver/Src/stm32f4xx_hal.c ****   */
 253:Drivers/STM32F4xx_HAL_Driver/Src/stm32f4xx_hal.c **** __weak HAL_StatusTypeDef HAL_InitTick(uint32_t TickPriority)
 254:Drivers/STM32F4xx_HAL_Driver/Src/stm32f4xx_hal.c **** {
 123              		.loc 1 254 0
 124              		.cfi_startproc
 125              		@ args = 0, pretend = 0, frame = 0
 126              		@ frame_needed = 0, uses_anonymous_args = 0
 127              	.LVL1:
 128 0000 10B5     		push	{r4, lr}
 129              	.LCFI1:
 130              		.cfi_def_cfa_offset 8
 131              		.cfi_offset 4, -8
 132              		.cfi_offset 14, -4
 133 0002 0446     		mov	r4, r0
 255:Drivers/STM32F4xx_HAL_Driver/Src/stm32f4xx_hal.c ****   /* Configure the SysTick to have interrupt in 1ms time basis*/
 256:Drivers/STM32F4xx_HAL_Driver/Src/stm32f4xx_hal.c ****   if (HAL_SYSTICK_Config(SystemCoreClock / (1000U / uwTickFreq)) > 0U)
 134              		.loc 1 256 0
 135 0004 0E4B     		ldr	r3, .L13
 136 0006 1878     		ldrb	r0, [r3]	@ zero_extendqisi2
 137              	.LVL2:
ARM GAS  /tmp/ccJWaHdN.s 			page 8


 138 0008 4FF47A73 		mov	r3, #1000
 139 000c B3FBF0F3 		udiv	r3, r3, r0
 140 0010 0C4A     		ldr	r2, .L13+4
 141 0012 1068     		ldr	r0, [r2]
 142 0014 B0FBF3F0 		udiv	r0, r0, r3
 143 0018 FFF7FEFF 		bl	HAL_SYSTICK_Config
 144              	.LVL3:
 145 001c 68B9     		cbnz	r0, .L9
 257:Drivers/STM32F4xx_HAL_Driver/Src/stm32f4xx_hal.c ****   {
 258:Drivers/STM32F4xx_HAL_Driver/Src/stm32f4xx_hal.c ****     return HAL_ERROR;
 259:Drivers/STM32F4xx_HAL_Driver/Src/stm32f4xx_hal.c ****   }
 260:Drivers/STM32F4xx_HAL_Driver/Src/stm32f4xx_hal.c **** 
 261:Drivers/STM32F4xx_HAL_Driver/Src/stm32f4xx_hal.c ****   /* Configure the SysTick IRQ priority */
 262:Drivers/STM32F4xx_HAL_Driver/Src/stm32f4xx_hal.c ****   if (TickPriority < (1UL << __NVIC_PRIO_BITS))
 146              		.loc 1 262 0
 147 001e 0F2C     		cmp	r4, #15
 148 0020 01D9     		bls	.L12
 263:Drivers/STM32F4xx_HAL_Driver/Src/stm32f4xx_hal.c ****   {
 264:Drivers/STM32F4xx_HAL_Driver/Src/stm32f4xx_hal.c ****     HAL_NVIC_SetPriority(SysTick_IRQn, TickPriority, 0U);
 265:Drivers/STM32F4xx_HAL_Driver/Src/stm32f4xx_hal.c ****     uwTickPrio = TickPriority;
 266:Drivers/STM32F4xx_HAL_Driver/Src/stm32f4xx_hal.c ****   }
 267:Drivers/STM32F4xx_HAL_Driver/Src/stm32f4xx_hal.c ****   else
 268:Drivers/STM32F4xx_HAL_Driver/Src/stm32f4xx_hal.c ****   {
 269:Drivers/STM32F4xx_HAL_Driver/Src/stm32f4xx_hal.c ****     return HAL_ERROR;
 149              		.loc 1 269 0
 150 0022 0120     		movs	r0, #1
 151 0024 0AE0     		b	.L8
 152              	.L12:
 264:Drivers/STM32F4xx_HAL_Driver/Src/stm32f4xx_hal.c ****     uwTickPrio = TickPriority;
 153              		.loc 1 264 0
 154 0026 0022     		movs	r2, #0
 155 0028 2146     		mov	r1, r4
 156 002a 4FF0FF30 		mov	r0, #-1
 157 002e FFF7FEFF 		bl	HAL_NVIC_SetPriority
 158              	.LVL4:
 265:Drivers/STM32F4xx_HAL_Driver/Src/stm32f4xx_hal.c ****   }
 159              		.loc 1 265 0
 160 0032 054B     		ldr	r3, .L13+8
 161 0034 1C60     		str	r4, [r3]
 270:Drivers/STM32F4xx_HAL_Driver/Src/stm32f4xx_hal.c ****   }
 271:Drivers/STM32F4xx_HAL_Driver/Src/stm32f4xx_hal.c **** 
 272:Drivers/STM32F4xx_HAL_Driver/Src/stm32f4xx_hal.c ****   /* Return function status */
 273:Drivers/STM32F4xx_HAL_Driver/Src/stm32f4xx_hal.c ****   return HAL_OK;
 162              		.loc 1 273 0
 163 0036 0020     		movs	r0, #0
 164 0038 00E0     		b	.L8
 165              	.L9:
 258:Drivers/STM32F4xx_HAL_Driver/Src/stm32f4xx_hal.c ****   }
 166              		.loc 1 258 0
 167 003a 0120     		movs	r0, #1
 168              	.L8:
 274:Drivers/STM32F4xx_HAL_Driver/Src/stm32f4xx_hal.c **** }
 169              		.loc 1 274 0
 170 003c 10BD     		pop	{r4, pc}
 171              	.LVL5:
 172              	.L14:
 173 003e 00BF     		.align	2
ARM GAS  /tmp/ccJWaHdN.s 			page 9


 174              	.L13:
 175 0040 00000000 		.word	.LANCHOR0
 176 0044 00000000 		.word	SystemCoreClock
 177 0048 00000000 		.word	.LANCHOR1
 178              		.cfi_endproc
 179              	.LFE134:
 181              		.section	.text.HAL_Init,"ax",%progbits
 182              		.align	1
 183              		.global	HAL_Init
 184              		.syntax unified
 185              		.thumb
 186              		.thumb_func
 187              		.fpu fpv4-sp-d16
 189              	HAL_Init:
 190              	.LFB130:
 158:Drivers/STM32F4xx_HAL_Driver/Src/stm32f4xx_hal.c ****   /* Configure Flash prefetch, Instruction cache, Data cache */ 
 191              		.loc 1 158 0
 192              		.cfi_startproc
 193              		@ args = 0, pretend = 0, frame = 0
 194              		@ frame_needed = 0, uses_anonymous_args = 0
 195 0000 08B5     		push	{r3, lr}
 196              	.LCFI2:
 197              		.cfi_def_cfa_offset 8
 198              		.cfi_offset 3, -8
 199              		.cfi_offset 14, -4
 161:Drivers/STM32F4xx_HAL_Driver/Src/stm32f4xx_hal.c **** #endif /* INSTRUCTION_CACHE_ENABLE */
 200              		.loc 1 161 0
 201 0002 0B4B     		ldr	r3, .L17
 202 0004 1A68     		ldr	r2, [r3]
 203 0006 42F40072 		orr	r2, r2, #512
 204 000a 1A60     		str	r2, [r3]
 165:Drivers/STM32F4xx_HAL_Driver/Src/stm32f4xx_hal.c **** #endif /* DATA_CACHE_ENABLE */
 205              		.loc 1 165 0
 206 000c 1A68     		ldr	r2, [r3]
 207 000e 42F48062 		orr	r2, r2, #1024
 208 0012 1A60     		str	r2, [r3]
 169:Drivers/STM32F4xx_HAL_Driver/Src/stm32f4xx_hal.c **** #endif /* PREFETCH_ENABLE */
 209              		.loc 1 169 0
 210 0014 1A68     		ldr	r2, [r3]
 211 0016 42F48072 		orr	r2, r2, #256
 212 001a 1A60     		str	r2, [r3]
 173:Drivers/STM32F4xx_HAL_Driver/Src/stm32f4xx_hal.c **** 
 213              		.loc 1 173 0
 214 001c 0320     		movs	r0, #3
 215 001e FFF7FEFF 		bl	HAL_NVIC_SetPriorityGrouping
 216              	.LVL6:
 176:Drivers/STM32F4xx_HAL_Driver/Src/stm32f4xx_hal.c **** 
 217              		.loc 1 176 0
 218 0022 0020     		movs	r0, #0
 219 0024 FFF7FEFF 		bl	HAL_InitTick
 220              	.LVL7:
 179:Drivers/STM32F4xx_HAL_Driver/Src/stm32f4xx_hal.c **** 
 221              		.loc 1 179 0
 222 0028 FFF7FEFF 		bl	HAL_MspInit
 223              	.LVL8:
 183:Drivers/STM32F4xx_HAL_Driver/Src/stm32f4xx_hal.c **** 
 224              		.loc 1 183 0
ARM GAS  /tmp/ccJWaHdN.s 			page 10


 225 002c 0020     		movs	r0, #0
 226 002e 08BD     		pop	{r3, pc}
 227              	.L18:
 228              		.align	2
 229              	.L17:
 230 0030 003C0240 		.word	1073888256
 231              		.cfi_endproc
 232              	.LFE130:
 234              		.section	.text.HAL_IncTick,"ax",%progbits
 235              		.align	1
 236              		.weak	HAL_IncTick
 237              		.syntax unified
 238              		.thumb
 239              		.thumb_func
 240              		.fpu fpv4-sp-d16
 242              	HAL_IncTick:
 243              	.LFB135:
 275:Drivers/STM32F4xx_HAL_Driver/Src/stm32f4xx_hal.c **** 
 276:Drivers/STM32F4xx_HAL_Driver/Src/stm32f4xx_hal.c **** /**
 277:Drivers/STM32F4xx_HAL_Driver/Src/stm32f4xx_hal.c ****   * @}
 278:Drivers/STM32F4xx_HAL_Driver/Src/stm32f4xx_hal.c ****   */
 279:Drivers/STM32F4xx_HAL_Driver/Src/stm32f4xx_hal.c **** 
 280:Drivers/STM32F4xx_HAL_Driver/Src/stm32f4xx_hal.c **** /** @defgroup HAL_Exported_Functions_Group2 HAL Control functions 
 281:Drivers/STM32F4xx_HAL_Driver/Src/stm32f4xx_hal.c ****  *  @brief    HAL Control functions
 282:Drivers/STM32F4xx_HAL_Driver/Src/stm32f4xx_hal.c ****  *
 283:Drivers/STM32F4xx_HAL_Driver/Src/stm32f4xx_hal.c **** @verbatim
 284:Drivers/STM32F4xx_HAL_Driver/Src/stm32f4xx_hal.c ****  ===============================================================================
 285:Drivers/STM32F4xx_HAL_Driver/Src/stm32f4xx_hal.c ****                       ##### HAL Control functions #####
 286:Drivers/STM32F4xx_HAL_Driver/Src/stm32f4xx_hal.c ****  ===============================================================================
 287:Drivers/STM32F4xx_HAL_Driver/Src/stm32f4xx_hal.c ****     [..]  This section provides functions allowing to:
 288:Drivers/STM32F4xx_HAL_Driver/Src/stm32f4xx_hal.c ****       (+) Provide a tick value in millisecond
 289:Drivers/STM32F4xx_HAL_Driver/Src/stm32f4xx_hal.c ****       (+) Provide a blocking delay in millisecond
 290:Drivers/STM32F4xx_HAL_Driver/Src/stm32f4xx_hal.c ****       (+) Suspend the time base source interrupt
 291:Drivers/STM32F4xx_HAL_Driver/Src/stm32f4xx_hal.c ****       (+) Resume the time base source interrupt
 292:Drivers/STM32F4xx_HAL_Driver/Src/stm32f4xx_hal.c ****       (+) Get the HAL API driver version
 293:Drivers/STM32F4xx_HAL_Driver/Src/stm32f4xx_hal.c ****       (+) Get the device identifier
 294:Drivers/STM32F4xx_HAL_Driver/Src/stm32f4xx_hal.c ****       (+) Get the device revision identifier
 295:Drivers/STM32F4xx_HAL_Driver/Src/stm32f4xx_hal.c ****       (+) Enable/Disable Debug module during SLEEP mode
 296:Drivers/STM32F4xx_HAL_Driver/Src/stm32f4xx_hal.c ****       (+) Enable/Disable Debug module during STOP mode
 297:Drivers/STM32F4xx_HAL_Driver/Src/stm32f4xx_hal.c ****       (+) Enable/Disable Debug module during STANDBY mode
 298:Drivers/STM32F4xx_HAL_Driver/Src/stm32f4xx_hal.c **** 
 299:Drivers/STM32F4xx_HAL_Driver/Src/stm32f4xx_hal.c **** @endverbatim
 300:Drivers/STM32F4xx_HAL_Driver/Src/stm32f4xx_hal.c ****   * @{
 301:Drivers/STM32F4xx_HAL_Driver/Src/stm32f4xx_hal.c ****   */
 302:Drivers/STM32F4xx_HAL_Driver/Src/stm32f4xx_hal.c **** 
 303:Drivers/STM32F4xx_HAL_Driver/Src/stm32f4xx_hal.c **** /**
 304:Drivers/STM32F4xx_HAL_Driver/Src/stm32f4xx_hal.c ****   * @brief This function is called to increment  a global variable "uwTick"
 305:Drivers/STM32F4xx_HAL_Driver/Src/stm32f4xx_hal.c ****   *        used as application time base.
 306:Drivers/STM32F4xx_HAL_Driver/Src/stm32f4xx_hal.c ****   * @note In the default implementation, this variable is incremented each 1ms
 307:Drivers/STM32F4xx_HAL_Driver/Src/stm32f4xx_hal.c ****   *       in SysTick ISR.
 308:Drivers/STM32F4xx_HAL_Driver/Src/stm32f4xx_hal.c ****  * @note This function is declared as __weak to be overwritten in case of other 
 309:Drivers/STM32F4xx_HAL_Driver/Src/stm32f4xx_hal.c ****   *      implementations in user file.
 310:Drivers/STM32F4xx_HAL_Driver/Src/stm32f4xx_hal.c ****   * @retval None
 311:Drivers/STM32F4xx_HAL_Driver/Src/stm32f4xx_hal.c ****   */
 312:Drivers/STM32F4xx_HAL_Driver/Src/stm32f4xx_hal.c **** __weak void HAL_IncTick(void)
 313:Drivers/STM32F4xx_HAL_Driver/Src/stm32f4xx_hal.c **** {
 244              		.loc 1 313 0
ARM GAS  /tmp/ccJWaHdN.s 			page 11


 245              		.cfi_startproc
 246              		@ args = 0, pretend = 0, frame = 0
 247              		@ frame_needed = 0, uses_anonymous_args = 0
 248              		@ link register save eliminated.
 314:Drivers/STM32F4xx_HAL_Driver/Src/stm32f4xx_hal.c ****   uwTick += uwTickFreq;
 249              		.loc 1 314 0
 250 0000 034A     		ldr	r2, .L20
 251 0002 1168     		ldr	r1, [r2]
 252 0004 034B     		ldr	r3, .L20+4
 253 0006 1B78     		ldrb	r3, [r3]	@ zero_extendqisi2
 254 0008 0B44     		add	r3, r3, r1
 255 000a 1360     		str	r3, [r2]
 315:Drivers/STM32F4xx_HAL_Driver/Src/stm32f4xx_hal.c **** }
 256              		.loc 1 315 0
 257 000c 7047     		bx	lr
 258              	.L21:
 259 000e 00BF     		.align	2
 260              	.L20:
 261 0010 00000000 		.word	uwTick
 262 0014 00000000 		.word	.LANCHOR0
 263              		.cfi_endproc
 264              	.LFE135:
 266              		.section	.text.HAL_GetTick,"ax",%progbits
 267              		.align	1
 268              		.weak	HAL_GetTick
 269              		.syntax unified
 270              		.thumb
 271              		.thumb_func
 272              		.fpu fpv4-sp-d16
 274              	HAL_GetTick:
 275              	.LFB136:
 316:Drivers/STM32F4xx_HAL_Driver/Src/stm32f4xx_hal.c **** 
 317:Drivers/STM32F4xx_HAL_Driver/Src/stm32f4xx_hal.c **** /**
 318:Drivers/STM32F4xx_HAL_Driver/Src/stm32f4xx_hal.c ****   * @brief Provides a tick value in millisecond.
 319:Drivers/STM32F4xx_HAL_Driver/Src/stm32f4xx_hal.c ****   * @note This function is declared as __weak to be overwritten in case of other 
 320:Drivers/STM32F4xx_HAL_Driver/Src/stm32f4xx_hal.c ****   *       implementations in user file.
 321:Drivers/STM32F4xx_HAL_Driver/Src/stm32f4xx_hal.c ****   * @retval tick value
 322:Drivers/STM32F4xx_HAL_Driver/Src/stm32f4xx_hal.c ****   */
 323:Drivers/STM32F4xx_HAL_Driver/Src/stm32f4xx_hal.c **** __weak uint32_t HAL_GetTick(void)
 324:Drivers/STM32F4xx_HAL_Driver/Src/stm32f4xx_hal.c **** {
 276              		.loc 1 324 0
 277              		.cfi_startproc
 278              		@ args = 0, pretend = 0, frame = 0
 279              		@ frame_needed = 0, uses_anonymous_args = 0
 280              		@ link register save eliminated.
 325:Drivers/STM32F4xx_HAL_Driver/Src/stm32f4xx_hal.c ****   return uwTick;
 281              		.loc 1 325 0
 282 0000 014B     		ldr	r3, .L23
 283 0002 1868     		ldr	r0, [r3]
 326:Drivers/STM32F4xx_HAL_Driver/Src/stm32f4xx_hal.c **** }
 284              		.loc 1 326 0
 285 0004 7047     		bx	lr
 286              	.L24:
 287 0006 00BF     		.align	2
 288              	.L23:
 289 0008 00000000 		.word	uwTick
 290              		.cfi_endproc
ARM GAS  /tmp/ccJWaHdN.s 			page 12


 291              	.LFE136:
 293              		.section	.text.HAL_GetTickPrio,"ax",%progbits
 294              		.align	1
 295              		.global	HAL_GetTickPrio
 296              		.syntax unified
 297              		.thumb
 298              		.thumb_func
 299              		.fpu fpv4-sp-d16
 301              	HAL_GetTickPrio:
 302              	.LFB137:
 327:Drivers/STM32F4xx_HAL_Driver/Src/stm32f4xx_hal.c **** 
 328:Drivers/STM32F4xx_HAL_Driver/Src/stm32f4xx_hal.c **** /**
 329:Drivers/STM32F4xx_HAL_Driver/Src/stm32f4xx_hal.c ****   * @brief This function returns a tick priority.
 330:Drivers/STM32F4xx_HAL_Driver/Src/stm32f4xx_hal.c ****   * @retval tick priority
 331:Drivers/STM32F4xx_HAL_Driver/Src/stm32f4xx_hal.c ****   */
 332:Drivers/STM32F4xx_HAL_Driver/Src/stm32f4xx_hal.c **** uint32_t HAL_GetTickPrio(void)
 333:Drivers/STM32F4xx_HAL_Driver/Src/stm32f4xx_hal.c **** {
 303              		.loc 1 333 0
 304              		.cfi_startproc
 305              		@ args = 0, pretend = 0, frame = 0
 306              		@ frame_needed = 0, uses_anonymous_args = 0
 307              		@ link register save eliminated.
 334:Drivers/STM32F4xx_HAL_Driver/Src/stm32f4xx_hal.c ****   return uwTickPrio;
 335:Drivers/STM32F4xx_HAL_Driver/Src/stm32f4xx_hal.c **** }
 308              		.loc 1 335 0
 309 0000 014B     		ldr	r3, .L26
 310 0002 1868     		ldr	r0, [r3]
 311 0004 7047     		bx	lr
 312              	.L27:
 313 0006 00BF     		.align	2
 314              	.L26:
 315 0008 00000000 		.word	.LANCHOR1
 316              		.cfi_endproc
 317              	.LFE137:
 319              		.section	.text.HAL_SetTickFreq,"ax",%progbits
 320              		.align	1
 321              		.global	HAL_SetTickFreq
 322              		.syntax unified
 323              		.thumb
 324              		.thumb_func
 325              		.fpu fpv4-sp-d16
 327              	HAL_SetTickFreq:
 328              	.LFB138:
 336:Drivers/STM32F4xx_HAL_Driver/Src/stm32f4xx_hal.c **** 
 337:Drivers/STM32F4xx_HAL_Driver/Src/stm32f4xx_hal.c **** /**
 338:Drivers/STM32F4xx_HAL_Driver/Src/stm32f4xx_hal.c ****   * @brief Set new tick Freq.
 339:Drivers/STM32F4xx_HAL_Driver/Src/stm32f4xx_hal.c ****   * @retval Status
 340:Drivers/STM32F4xx_HAL_Driver/Src/stm32f4xx_hal.c ****   */
 341:Drivers/STM32F4xx_HAL_Driver/Src/stm32f4xx_hal.c **** HAL_StatusTypeDef HAL_SetTickFreq(HAL_TickFreqTypeDef Freq)
 342:Drivers/STM32F4xx_HAL_Driver/Src/stm32f4xx_hal.c **** {
 329              		.loc 1 342 0
 330              		.cfi_startproc
 331              		@ args = 0, pretend = 0, frame = 0
 332              		@ frame_needed = 0, uses_anonymous_args = 0
 333              	.LVL9:
 334 0000 08B5     		push	{r3, lr}
 335              	.LCFI3:
ARM GAS  /tmp/ccJWaHdN.s 			page 13


 336              		.cfi_def_cfa_offset 8
 337              		.cfi_offset 3, -8
 338              		.cfi_offset 14, -4
 339              	.LVL10:
 343:Drivers/STM32F4xx_HAL_Driver/Src/stm32f4xx_hal.c ****   HAL_StatusTypeDef status  = HAL_OK;
 344:Drivers/STM32F4xx_HAL_Driver/Src/stm32f4xx_hal.c ****   assert_param(IS_TICKFREQ(Freq));
 345:Drivers/STM32F4xx_HAL_Driver/Src/stm32f4xx_hal.c **** 
 346:Drivers/STM32F4xx_HAL_Driver/Src/stm32f4xx_hal.c ****   if (uwTickFreq != Freq)
 340              		.loc 1 346 0
 341 0002 064B     		ldr	r3, .L32
 342 0004 1B78     		ldrb	r3, [r3]	@ zero_extendqisi2
 343 0006 8342     		cmp	r3, r0
 344 0008 06D0     		beq	.L30
 347:Drivers/STM32F4xx_HAL_Driver/Src/stm32f4xx_hal.c ****   {
 348:Drivers/STM32F4xx_HAL_Driver/Src/stm32f4xx_hal.c ****     uwTickFreq = Freq;
 345              		.loc 1 348 0
 346 000a 044B     		ldr	r3, .L32
 347 000c 1870     		strb	r0, [r3]
 349:Drivers/STM32F4xx_HAL_Driver/Src/stm32f4xx_hal.c **** 
 350:Drivers/STM32F4xx_HAL_Driver/Src/stm32f4xx_hal.c ****     /* Apply the new tick Freq  */
 351:Drivers/STM32F4xx_HAL_Driver/Src/stm32f4xx_hal.c ****     status = HAL_InitTick(uwTickPrio);
 348              		.loc 1 351 0
 349 000e 044B     		ldr	r3, .L32+4
 350 0010 1868     		ldr	r0, [r3]
 351              	.LVL11:
 352 0012 FFF7FEFF 		bl	HAL_InitTick
 353              	.LVL12:
 354              	.L29:
 352:Drivers/STM32F4xx_HAL_Driver/Src/stm32f4xx_hal.c ****   }
 353:Drivers/STM32F4xx_HAL_Driver/Src/stm32f4xx_hal.c **** 
 354:Drivers/STM32F4xx_HAL_Driver/Src/stm32f4xx_hal.c ****   return status;
 355:Drivers/STM32F4xx_HAL_Driver/Src/stm32f4xx_hal.c **** }
 355              		.loc 1 355 0
 356 0016 08BD     		pop	{r3, pc}
 357              	.LVL13:
 358              	.L30:
 343:Drivers/STM32F4xx_HAL_Driver/Src/stm32f4xx_hal.c ****   assert_param(IS_TICKFREQ(Freq));
 359              		.loc 1 343 0
 360 0018 0020     		movs	r0, #0
 361              	.LVL14:
 362 001a FCE7     		b	.L29
 363              	.L33:
 364              		.align	2
 365              	.L32:
 366 001c 00000000 		.word	.LANCHOR0
 367 0020 00000000 		.word	.LANCHOR1
 368              		.cfi_endproc
 369              	.LFE138:
 371              		.section	.text.HAL_GetTickFreq,"ax",%progbits
 372              		.align	1
 373              		.global	HAL_GetTickFreq
 374              		.syntax unified
 375              		.thumb
 376              		.thumb_func
 377              		.fpu fpv4-sp-d16
 379              	HAL_GetTickFreq:
 380              	.LFB139:
ARM GAS  /tmp/ccJWaHdN.s 			page 14


 356:Drivers/STM32F4xx_HAL_Driver/Src/stm32f4xx_hal.c **** 
 357:Drivers/STM32F4xx_HAL_Driver/Src/stm32f4xx_hal.c **** /**
 358:Drivers/STM32F4xx_HAL_Driver/Src/stm32f4xx_hal.c ****   * @brief Return tick frequency.
 359:Drivers/STM32F4xx_HAL_Driver/Src/stm32f4xx_hal.c ****   * @retval tick period in Hz
 360:Drivers/STM32F4xx_HAL_Driver/Src/stm32f4xx_hal.c ****   */
 361:Drivers/STM32F4xx_HAL_Driver/Src/stm32f4xx_hal.c **** HAL_TickFreqTypeDef HAL_GetTickFreq(void)
 362:Drivers/STM32F4xx_HAL_Driver/Src/stm32f4xx_hal.c **** {
 381              		.loc 1 362 0
 382              		.cfi_startproc
 383              		@ args = 0, pretend = 0, frame = 0
 384              		@ frame_needed = 0, uses_anonymous_args = 0
 385              		@ link register save eliminated.
 363:Drivers/STM32F4xx_HAL_Driver/Src/stm32f4xx_hal.c ****   return uwTickFreq;
 364:Drivers/STM32F4xx_HAL_Driver/Src/stm32f4xx_hal.c **** }
 386              		.loc 1 364 0
 387 0000 014B     		ldr	r3, .L35
 388 0002 1878     		ldrb	r0, [r3]	@ zero_extendqisi2
 389 0004 7047     		bx	lr
 390              	.L36:
 391 0006 00BF     		.align	2
 392              	.L35:
 393 0008 00000000 		.word	.LANCHOR0
 394              		.cfi_endproc
 395              	.LFE139:
 397              		.section	.text.HAL_Delay,"ax",%progbits
 398              		.align	1
 399              		.weak	HAL_Delay
 400              		.syntax unified
 401              		.thumb
 402              		.thumb_func
 403              		.fpu fpv4-sp-d16
 405              	HAL_Delay:
 406              	.LFB140:
 365:Drivers/STM32F4xx_HAL_Driver/Src/stm32f4xx_hal.c **** 
 366:Drivers/STM32F4xx_HAL_Driver/Src/stm32f4xx_hal.c **** /**
 367:Drivers/STM32F4xx_HAL_Driver/Src/stm32f4xx_hal.c ****   * @brief This function provides minimum delay (in milliseconds) based 
 368:Drivers/STM32F4xx_HAL_Driver/Src/stm32f4xx_hal.c ****   *        on variable incremented.
 369:Drivers/STM32F4xx_HAL_Driver/Src/stm32f4xx_hal.c ****   * @note In the default implementation , SysTick timer is the source of time base.
 370:Drivers/STM32F4xx_HAL_Driver/Src/stm32f4xx_hal.c ****   *       It is used to generate interrupts at regular time intervals where uwTick
 371:Drivers/STM32F4xx_HAL_Driver/Src/stm32f4xx_hal.c ****   *       is incremented.
 372:Drivers/STM32F4xx_HAL_Driver/Src/stm32f4xx_hal.c ****   * @note This function is declared as __weak to be overwritten in case of other
 373:Drivers/STM32F4xx_HAL_Driver/Src/stm32f4xx_hal.c ****   *       implementations in user file.
 374:Drivers/STM32F4xx_HAL_Driver/Src/stm32f4xx_hal.c ****   * @param Delay specifies the delay time length, in milliseconds.
 375:Drivers/STM32F4xx_HAL_Driver/Src/stm32f4xx_hal.c ****   * @retval None
 376:Drivers/STM32F4xx_HAL_Driver/Src/stm32f4xx_hal.c ****   */
 377:Drivers/STM32F4xx_HAL_Driver/Src/stm32f4xx_hal.c **** __weak void HAL_Delay(uint32_t Delay)
 378:Drivers/STM32F4xx_HAL_Driver/Src/stm32f4xx_hal.c **** {
 407              		.loc 1 378 0
 408              		.cfi_startproc
 409              		@ args = 0, pretend = 0, frame = 0
 410              		@ frame_needed = 0, uses_anonymous_args = 0
 411              	.LVL15:
 412 0000 38B5     		push	{r3, r4, r5, lr}
 413              	.LCFI4:
 414              		.cfi_def_cfa_offset 16
 415              		.cfi_offset 3, -16
 416              		.cfi_offset 4, -12
ARM GAS  /tmp/ccJWaHdN.s 			page 15


 417              		.cfi_offset 5, -8
 418              		.cfi_offset 14, -4
 419 0002 0446     		mov	r4, r0
 379:Drivers/STM32F4xx_HAL_Driver/Src/stm32f4xx_hal.c ****   uint32_t tickstart = HAL_GetTick();
 420              		.loc 1 379 0
 421 0004 FFF7FEFF 		bl	HAL_GetTick
 422              	.LVL16:
 423 0008 0546     		mov	r5, r0
 424              	.LVL17:
 380:Drivers/STM32F4xx_HAL_Driver/Src/stm32f4xx_hal.c ****   uint32_t wait = Delay;
 381:Drivers/STM32F4xx_HAL_Driver/Src/stm32f4xx_hal.c **** 
 382:Drivers/STM32F4xx_HAL_Driver/Src/stm32f4xx_hal.c ****   /* Add a freq to guarantee minimum wait */
 383:Drivers/STM32F4xx_HAL_Driver/Src/stm32f4xx_hal.c ****   if (wait < HAL_MAX_DELAY)
 425              		.loc 1 383 0
 426 000a B4F1FF3F 		cmp	r4, #-1
 427 000e 02D0     		beq	.L39
 384:Drivers/STM32F4xx_HAL_Driver/Src/stm32f4xx_hal.c ****   {
 385:Drivers/STM32F4xx_HAL_Driver/Src/stm32f4xx_hal.c ****     wait += (uint32_t)(uwTickFreq);
 428              		.loc 1 385 0
 429 0010 044B     		ldr	r3, .L41
 430 0012 1B78     		ldrb	r3, [r3]	@ zero_extendqisi2
 431 0014 1C44     		add	r4, r4, r3
 432              	.LVL18:
 433              	.L39:
 386:Drivers/STM32F4xx_HAL_Driver/Src/stm32f4xx_hal.c ****   }
 387:Drivers/STM32F4xx_HAL_Driver/Src/stm32f4xx_hal.c **** 
 388:Drivers/STM32F4xx_HAL_Driver/Src/stm32f4xx_hal.c ****   while((HAL_GetTick() - tickstart) < wait)
 434              		.loc 1 388 0 discriminator 1
 435 0016 FFF7FEFF 		bl	HAL_GetTick
 436              	.LVL19:
 437 001a 401B     		subs	r0, r0, r5
 438 001c A042     		cmp	r0, r4
 439 001e FAD3     		bcc	.L39
 389:Drivers/STM32F4xx_HAL_Driver/Src/stm32f4xx_hal.c ****   {
 390:Drivers/STM32F4xx_HAL_Driver/Src/stm32f4xx_hal.c ****   }
 391:Drivers/STM32F4xx_HAL_Driver/Src/stm32f4xx_hal.c **** }
 440              		.loc 1 391 0
 441 0020 38BD     		pop	{r3, r4, r5, pc}
 442              	.LVL20:
 443              	.L42:
 444 0022 00BF     		.align	2
 445              	.L41:
 446 0024 00000000 		.word	.LANCHOR0
 447              		.cfi_endproc
 448              	.LFE140:
 450              		.section	.text.HAL_SuspendTick,"ax",%progbits
 451              		.align	1
 452              		.weak	HAL_SuspendTick
 453              		.syntax unified
 454              		.thumb
 455              		.thumb_func
 456              		.fpu fpv4-sp-d16
 458              	HAL_SuspendTick:
 459              	.LFB141:
 392:Drivers/STM32F4xx_HAL_Driver/Src/stm32f4xx_hal.c **** 
 393:Drivers/STM32F4xx_HAL_Driver/Src/stm32f4xx_hal.c **** /**
 394:Drivers/STM32F4xx_HAL_Driver/Src/stm32f4xx_hal.c ****   * @brief Suspend Tick increment.
ARM GAS  /tmp/ccJWaHdN.s 			page 16


 395:Drivers/STM32F4xx_HAL_Driver/Src/stm32f4xx_hal.c ****   * @note In the default implementation , SysTick timer is the source of time base. It is
 396:Drivers/STM32F4xx_HAL_Driver/Src/stm32f4xx_hal.c ****   *       used to generate interrupts at regular time intervals. Once HAL_SuspendTick()
 397:Drivers/STM32F4xx_HAL_Driver/Src/stm32f4xx_hal.c ****   *       is called, the SysTick interrupt will be disabled and so Tick increment 
 398:Drivers/STM32F4xx_HAL_Driver/Src/stm32f4xx_hal.c ****   *       is suspended.
 399:Drivers/STM32F4xx_HAL_Driver/Src/stm32f4xx_hal.c ****   * @note This function is declared as __weak to be overwritten in case of other
 400:Drivers/STM32F4xx_HAL_Driver/Src/stm32f4xx_hal.c ****   *       implementations in user file.
 401:Drivers/STM32F4xx_HAL_Driver/Src/stm32f4xx_hal.c ****   * @retval None
 402:Drivers/STM32F4xx_HAL_Driver/Src/stm32f4xx_hal.c ****   */
 403:Drivers/STM32F4xx_HAL_Driver/Src/stm32f4xx_hal.c **** __weak void HAL_SuspendTick(void)
 404:Drivers/STM32F4xx_HAL_Driver/Src/stm32f4xx_hal.c **** {
 460              		.loc 1 404 0
 461              		.cfi_startproc
 462              		@ args = 0, pretend = 0, frame = 0
 463              		@ frame_needed = 0, uses_anonymous_args = 0
 464              		@ link register save eliminated.
 405:Drivers/STM32F4xx_HAL_Driver/Src/stm32f4xx_hal.c ****   /* Disable SysTick Interrupt */
 406:Drivers/STM32F4xx_HAL_Driver/Src/stm32f4xx_hal.c ****   SysTick->CTRL &= ~SysTick_CTRL_TICKINT_Msk;
 465              		.loc 1 406 0
 466 0000 024A     		ldr	r2, .L44
 467 0002 1368     		ldr	r3, [r2]
 468 0004 23F00203 		bic	r3, r3, #2
 469 0008 1360     		str	r3, [r2]
 407:Drivers/STM32F4xx_HAL_Driver/Src/stm32f4xx_hal.c **** }
 470              		.loc 1 407 0
 471 000a 7047     		bx	lr
 472              	.L45:
 473              		.align	2
 474              	.L44:
 475 000c 10E000E0 		.word	-536813552
 476              		.cfi_endproc
 477              	.LFE141:
 479              		.section	.text.HAL_ResumeTick,"ax",%progbits
 480              		.align	1
 481              		.weak	HAL_ResumeTick
 482              		.syntax unified
 483              		.thumb
 484              		.thumb_func
 485              		.fpu fpv4-sp-d16
 487              	HAL_ResumeTick:
 488              	.LFB142:
 408:Drivers/STM32F4xx_HAL_Driver/Src/stm32f4xx_hal.c **** 
 409:Drivers/STM32F4xx_HAL_Driver/Src/stm32f4xx_hal.c **** /**
 410:Drivers/STM32F4xx_HAL_Driver/Src/stm32f4xx_hal.c ****   * @brief Resume Tick increment.
 411:Drivers/STM32F4xx_HAL_Driver/Src/stm32f4xx_hal.c ****   * @note In the default implementation , SysTick timer is the source of time base. It is
 412:Drivers/STM32F4xx_HAL_Driver/Src/stm32f4xx_hal.c ****   *       used to generate interrupts at regular time intervals. Once HAL_ResumeTick()
 413:Drivers/STM32F4xx_HAL_Driver/Src/stm32f4xx_hal.c ****   *       is called, the SysTick interrupt will be enabled and so Tick increment 
 414:Drivers/STM32F4xx_HAL_Driver/Src/stm32f4xx_hal.c ****   *       is resumed.
 415:Drivers/STM32F4xx_HAL_Driver/Src/stm32f4xx_hal.c ****   * @note This function is declared as __weak to be overwritten in case of other
 416:Drivers/STM32F4xx_HAL_Driver/Src/stm32f4xx_hal.c ****   *       implementations in user file.
 417:Drivers/STM32F4xx_HAL_Driver/Src/stm32f4xx_hal.c ****   * @retval None
 418:Drivers/STM32F4xx_HAL_Driver/Src/stm32f4xx_hal.c ****   */
 419:Drivers/STM32F4xx_HAL_Driver/Src/stm32f4xx_hal.c **** __weak void HAL_ResumeTick(void)
 420:Drivers/STM32F4xx_HAL_Driver/Src/stm32f4xx_hal.c **** {
 489              		.loc 1 420 0
 490              		.cfi_startproc
 491              		@ args = 0, pretend = 0, frame = 0
 492              		@ frame_needed = 0, uses_anonymous_args = 0
ARM GAS  /tmp/ccJWaHdN.s 			page 17


 493              		@ link register save eliminated.
 421:Drivers/STM32F4xx_HAL_Driver/Src/stm32f4xx_hal.c ****   /* Enable SysTick Interrupt */
 422:Drivers/STM32F4xx_HAL_Driver/Src/stm32f4xx_hal.c ****   SysTick->CTRL  |= SysTick_CTRL_TICKINT_Msk;
 494              		.loc 1 422 0
 495 0000 024A     		ldr	r2, .L47
 496 0002 1368     		ldr	r3, [r2]
 497 0004 43F00203 		orr	r3, r3, #2
 498 0008 1360     		str	r3, [r2]
 423:Drivers/STM32F4xx_HAL_Driver/Src/stm32f4xx_hal.c **** }
 499              		.loc 1 423 0
 500 000a 7047     		bx	lr
 501              	.L48:
 502              		.align	2
 503              	.L47:
 504 000c 10E000E0 		.word	-536813552
 505              		.cfi_endproc
 506              	.LFE142:
 508              		.section	.text.HAL_GetHalVersion,"ax",%progbits
 509              		.align	1
 510              		.global	HAL_GetHalVersion
 511              		.syntax unified
 512              		.thumb
 513              		.thumb_func
 514              		.fpu fpv4-sp-d16
 516              	HAL_GetHalVersion:
 517              	.LFB143:
 424:Drivers/STM32F4xx_HAL_Driver/Src/stm32f4xx_hal.c **** 
 425:Drivers/STM32F4xx_HAL_Driver/Src/stm32f4xx_hal.c **** /**
 426:Drivers/STM32F4xx_HAL_Driver/Src/stm32f4xx_hal.c ****   * @brief  Returns the HAL revision
 427:Drivers/STM32F4xx_HAL_Driver/Src/stm32f4xx_hal.c ****   * @retval version : 0xXYZR (8bits for each decimal, R for RC)
 428:Drivers/STM32F4xx_HAL_Driver/Src/stm32f4xx_hal.c ****   */
 429:Drivers/STM32F4xx_HAL_Driver/Src/stm32f4xx_hal.c **** uint32_t HAL_GetHalVersion(void)
 430:Drivers/STM32F4xx_HAL_Driver/Src/stm32f4xx_hal.c **** {
 518              		.loc 1 430 0
 519              		.cfi_startproc
 520              		@ args = 0, pretend = 0, frame = 0
 521              		@ frame_needed = 0, uses_anonymous_args = 0
 522              		@ link register save eliminated.
 431:Drivers/STM32F4xx_HAL_Driver/Src/stm32f4xx_hal.c ****   return __STM32F4xx_HAL_VERSION;
 432:Drivers/STM32F4xx_HAL_Driver/Src/stm32f4xx_hal.c **** }
 523              		.loc 1 432 0
 524 0000 0048     		ldr	r0, .L50
 525 0002 7047     		bx	lr
 526              	.L51:
 527              		.align	2
 528              	.L50:
 529 0004 00060701 		.word	17237504
 530              		.cfi_endproc
 531              	.LFE143:
 533              		.section	.text.HAL_GetREVID,"ax",%progbits
 534              		.align	1
 535              		.global	HAL_GetREVID
 536              		.syntax unified
 537              		.thumb
 538              		.thumb_func
 539              		.fpu fpv4-sp-d16
 541              	HAL_GetREVID:
ARM GAS  /tmp/ccJWaHdN.s 			page 18


 542              	.LFB144:
 433:Drivers/STM32F4xx_HAL_Driver/Src/stm32f4xx_hal.c **** 
 434:Drivers/STM32F4xx_HAL_Driver/Src/stm32f4xx_hal.c **** /**
 435:Drivers/STM32F4xx_HAL_Driver/Src/stm32f4xx_hal.c ****   * @brief  Returns the device revision identifier.
 436:Drivers/STM32F4xx_HAL_Driver/Src/stm32f4xx_hal.c ****   * @retval Device revision identifier
 437:Drivers/STM32F4xx_HAL_Driver/Src/stm32f4xx_hal.c ****   */
 438:Drivers/STM32F4xx_HAL_Driver/Src/stm32f4xx_hal.c **** uint32_t HAL_GetREVID(void)
 439:Drivers/STM32F4xx_HAL_Driver/Src/stm32f4xx_hal.c **** {
 543              		.loc 1 439 0
 544              		.cfi_startproc
 545              		@ args = 0, pretend = 0, frame = 0
 546              		@ frame_needed = 0, uses_anonymous_args = 0
 547              		@ link register save eliminated.
 440:Drivers/STM32F4xx_HAL_Driver/Src/stm32f4xx_hal.c ****   return((DBGMCU->IDCODE) >> 16U);
 548              		.loc 1 440 0
 549 0000 014B     		ldr	r3, .L53
 550 0002 1868     		ldr	r0, [r3]
 441:Drivers/STM32F4xx_HAL_Driver/Src/stm32f4xx_hal.c **** }
 551              		.loc 1 441 0
 552 0004 000C     		lsrs	r0, r0, #16
 553 0006 7047     		bx	lr
 554              	.L54:
 555              		.align	2
 556              	.L53:
 557 0008 002004E0 		.word	-536600576
 558              		.cfi_endproc
 559              	.LFE144:
 561              		.section	.text.HAL_GetDEVID,"ax",%progbits
 562              		.align	1
 563              		.global	HAL_GetDEVID
 564              		.syntax unified
 565              		.thumb
 566              		.thumb_func
 567              		.fpu fpv4-sp-d16
 569              	HAL_GetDEVID:
 570              	.LFB145:
 442:Drivers/STM32F4xx_HAL_Driver/Src/stm32f4xx_hal.c **** 
 443:Drivers/STM32F4xx_HAL_Driver/Src/stm32f4xx_hal.c **** /**
 444:Drivers/STM32F4xx_HAL_Driver/Src/stm32f4xx_hal.c ****   * @brief  Returns the device identifier.
 445:Drivers/STM32F4xx_HAL_Driver/Src/stm32f4xx_hal.c ****   * @retval Device identifier
 446:Drivers/STM32F4xx_HAL_Driver/Src/stm32f4xx_hal.c ****   */
 447:Drivers/STM32F4xx_HAL_Driver/Src/stm32f4xx_hal.c **** uint32_t HAL_GetDEVID(void)
 448:Drivers/STM32F4xx_HAL_Driver/Src/stm32f4xx_hal.c **** {
 571              		.loc 1 448 0
 572              		.cfi_startproc
 573              		@ args = 0, pretend = 0, frame = 0
 574              		@ frame_needed = 0, uses_anonymous_args = 0
 575              		@ link register save eliminated.
 449:Drivers/STM32F4xx_HAL_Driver/Src/stm32f4xx_hal.c ****   return((DBGMCU->IDCODE) & IDCODE_DEVID_MASK);
 576              		.loc 1 449 0
 577 0000 024B     		ldr	r3, .L56
 578 0002 1868     		ldr	r0, [r3]
 450:Drivers/STM32F4xx_HAL_Driver/Src/stm32f4xx_hal.c **** }
 579              		.loc 1 450 0
 580 0004 C0F30B00 		ubfx	r0, r0, #0, #12
 581 0008 7047     		bx	lr
 582              	.L57:
ARM GAS  /tmp/ccJWaHdN.s 			page 19


 583 000a 00BF     		.align	2
 584              	.L56:
 585 000c 002004E0 		.word	-536600576
 586              		.cfi_endproc
 587              	.LFE145:
 589              		.section	.text.HAL_DBGMCU_EnableDBGSleepMode,"ax",%progbits
 590              		.align	1
 591              		.global	HAL_DBGMCU_EnableDBGSleepMode
 592              		.syntax unified
 593              		.thumb
 594              		.thumb_func
 595              		.fpu fpv4-sp-d16
 597              	HAL_DBGMCU_EnableDBGSleepMode:
 598              	.LFB146:
 451:Drivers/STM32F4xx_HAL_Driver/Src/stm32f4xx_hal.c **** 
 452:Drivers/STM32F4xx_HAL_Driver/Src/stm32f4xx_hal.c **** /**
 453:Drivers/STM32F4xx_HAL_Driver/Src/stm32f4xx_hal.c ****   * @brief  Enable the Debug Module during SLEEP mode
 454:Drivers/STM32F4xx_HAL_Driver/Src/stm32f4xx_hal.c ****   * @retval None
 455:Drivers/STM32F4xx_HAL_Driver/Src/stm32f4xx_hal.c ****   */
 456:Drivers/STM32F4xx_HAL_Driver/Src/stm32f4xx_hal.c **** void HAL_DBGMCU_EnableDBGSleepMode(void)
 457:Drivers/STM32F4xx_HAL_Driver/Src/stm32f4xx_hal.c **** {
 599              		.loc 1 457 0
 600              		.cfi_startproc
 601              		@ args = 0, pretend = 0, frame = 0
 602              		@ frame_needed = 0, uses_anonymous_args = 0
 603              		@ link register save eliminated.
 458:Drivers/STM32F4xx_HAL_Driver/Src/stm32f4xx_hal.c ****   SET_BIT(DBGMCU->CR, DBGMCU_CR_DBG_SLEEP);
 604              		.loc 1 458 0
 605 0000 024A     		ldr	r2, .L59
 606 0002 5368     		ldr	r3, [r2, #4]
 607 0004 43F00103 		orr	r3, r3, #1
 608 0008 5360     		str	r3, [r2, #4]
 459:Drivers/STM32F4xx_HAL_Driver/Src/stm32f4xx_hal.c **** }
 609              		.loc 1 459 0
 610 000a 7047     		bx	lr
 611              	.L60:
 612              		.align	2
 613              	.L59:
 614 000c 002004E0 		.word	-536600576
 615              		.cfi_endproc
 616              	.LFE146:
 618              		.section	.text.HAL_DBGMCU_DisableDBGSleepMode,"ax",%progbits
 619              		.align	1
 620              		.global	HAL_DBGMCU_DisableDBGSleepMode
 621              		.syntax unified
 622              		.thumb
 623              		.thumb_func
 624              		.fpu fpv4-sp-d16
 626              	HAL_DBGMCU_DisableDBGSleepMode:
 627              	.LFB147:
 460:Drivers/STM32F4xx_HAL_Driver/Src/stm32f4xx_hal.c **** 
 461:Drivers/STM32F4xx_HAL_Driver/Src/stm32f4xx_hal.c **** /**
 462:Drivers/STM32F4xx_HAL_Driver/Src/stm32f4xx_hal.c ****   * @brief  Disable the Debug Module during SLEEP mode
 463:Drivers/STM32F4xx_HAL_Driver/Src/stm32f4xx_hal.c ****   * @retval None
 464:Drivers/STM32F4xx_HAL_Driver/Src/stm32f4xx_hal.c ****   */
 465:Drivers/STM32F4xx_HAL_Driver/Src/stm32f4xx_hal.c **** void HAL_DBGMCU_DisableDBGSleepMode(void)
 466:Drivers/STM32F4xx_HAL_Driver/Src/stm32f4xx_hal.c **** {
ARM GAS  /tmp/ccJWaHdN.s 			page 20


 628              		.loc 1 466 0
 629              		.cfi_startproc
 630              		@ args = 0, pretend = 0, frame = 0
 631              		@ frame_needed = 0, uses_anonymous_args = 0
 632              		@ link register save eliminated.
 467:Drivers/STM32F4xx_HAL_Driver/Src/stm32f4xx_hal.c ****   CLEAR_BIT(DBGMCU->CR, DBGMCU_CR_DBG_SLEEP);
 633              		.loc 1 467 0
 634 0000 024A     		ldr	r2, .L62
 635 0002 5368     		ldr	r3, [r2, #4]
 636 0004 23F00103 		bic	r3, r3, #1
 637 0008 5360     		str	r3, [r2, #4]
 468:Drivers/STM32F4xx_HAL_Driver/Src/stm32f4xx_hal.c **** }
 638              		.loc 1 468 0
 639 000a 7047     		bx	lr
 640              	.L63:
 641              		.align	2
 642              	.L62:
 643 000c 002004E0 		.word	-536600576
 644              		.cfi_endproc
 645              	.LFE147:
 647              		.section	.text.HAL_DBGMCU_EnableDBGStopMode,"ax",%progbits
 648              		.align	1
 649              		.global	HAL_DBGMCU_EnableDBGStopMode
 650              		.syntax unified
 651              		.thumb
 652              		.thumb_func
 653              		.fpu fpv4-sp-d16
 655              	HAL_DBGMCU_EnableDBGStopMode:
 656              	.LFB148:
 469:Drivers/STM32F4xx_HAL_Driver/Src/stm32f4xx_hal.c **** 
 470:Drivers/STM32F4xx_HAL_Driver/Src/stm32f4xx_hal.c **** /**
 471:Drivers/STM32F4xx_HAL_Driver/Src/stm32f4xx_hal.c ****   * @brief  Enable the Debug Module during STOP mode
 472:Drivers/STM32F4xx_HAL_Driver/Src/stm32f4xx_hal.c ****   * @retval None
 473:Drivers/STM32F4xx_HAL_Driver/Src/stm32f4xx_hal.c ****   */
 474:Drivers/STM32F4xx_HAL_Driver/Src/stm32f4xx_hal.c **** void HAL_DBGMCU_EnableDBGStopMode(void)
 475:Drivers/STM32F4xx_HAL_Driver/Src/stm32f4xx_hal.c **** {
 657              		.loc 1 475 0
 658              		.cfi_startproc
 659              		@ args = 0, pretend = 0, frame = 0
 660              		@ frame_needed = 0, uses_anonymous_args = 0
 661              		@ link register save eliminated.
 476:Drivers/STM32F4xx_HAL_Driver/Src/stm32f4xx_hal.c ****   SET_BIT(DBGMCU->CR, DBGMCU_CR_DBG_STOP);
 662              		.loc 1 476 0
 663 0000 024A     		ldr	r2, .L65
 664 0002 5368     		ldr	r3, [r2, #4]
 665 0004 43F00203 		orr	r3, r3, #2
 666 0008 5360     		str	r3, [r2, #4]
 477:Drivers/STM32F4xx_HAL_Driver/Src/stm32f4xx_hal.c **** }
 667              		.loc 1 477 0
 668 000a 7047     		bx	lr
 669              	.L66:
 670              		.align	2
 671              	.L65:
 672 000c 002004E0 		.word	-536600576
 673              		.cfi_endproc
 674              	.LFE148:
 676              		.section	.text.HAL_DBGMCU_DisableDBGStopMode,"ax",%progbits
ARM GAS  /tmp/ccJWaHdN.s 			page 21


 677              		.align	1
 678              		.global	HAL_DBGMCU_DisableDBGStopMode
 679              		.syntax unified
 680              		.thumb
 681              		.thumb_func
 682              		.fpu fpv4-sp-d16
 684              	HAL_DBGMCU_DisableDBGStopMode:
 685              	.LFB149:
 478:Drivers/STM32F4xx_HAL_Driver/Src/stm32f4xx_hal.c **** 
 479:Drivers/STM32F4xx_HAL_Driver/Src/stm32f4xx_hal.c **** /**
 480:Drivers/STM32F4xx_HAL_Driver/Src/stm32f4xx_hal.c ****   * @brief  Disable the Debug Module during STOP mode
 481:Drivers/STM32F4xx_HAL_Driver/Src/stm32f4xx_hal.c ****   * @retval None
 482:Drivers/STM32F4xx_HAL_Driver/Src/stm32f4xx_hal.c ****   */
 483:Drivers/STM32F4xx_HAL_Driver/Src/stm32f4xx_hal.c **** void HAL_DBGMCU_DisableDBGStopMode(void)
 484:Drivers/STM32F4xx_HAL_Driver/Src/stm32f4xx_hal.c **** {
 686              		.loc 1 484 0
 687              		.cfi_startproc
 688              		@ args = 0, pretend = 0, frame = 0
 689              		@ frame_needed = 0, uses_anonymous_args = 0
 690              		@ link register save eliminated.
 485:Drivers/STM32F4xx_HAL_Driver/Src/stm32f4xx_hal.c ****   CLEAR_BIT(DBGMCU->CR, DBGMCU_CR_DBG_STOP);
 691              		.loc 1 485 0
 692 0000 024A     		ldr	r2, .L68
 693 0002 5368     		ldr	r3, [r2, #4]
 694 0004 23F00203 		bic	r3, r3, #2
 695 0008 5360     		str	r3, [r2, #4]
 486:Drivers/STM32F4xx_HAL_Driver/Src/stm32f4xx_hal.c **** }
 696              		.loc 1 486 0
 697 000a 7047     		bx	lr
 698              	.L69:
 699              		.align	2
 700              	.L68:
 701 000c 002004E0 		.word	-536600576
 702              		.cfi_endproc
 703              	.LFE149:
 705              		.section	.text.HAL_DBGMCU_EnableDBGStandbyMode,"ax",%progbits
 706              		.align	1
 707              		.global	HAL_DBGMCU_EnableDBGStandbyMode
 708              		.syntax unified
 709              		.thumb
 710              		.thumb_func
 711              		.fpu fpv4-sp-d16
 713              	HAL_DBGMCU_EnableDBGStandbyMode:
 714              	.LFB150:
 487:Drivers/STM32F4xx_HAL_Driver/Src/stm32f4xx_hal.c **** 
 488:Drivers/STM32F4xx_HAL_Driver/Src/stm32f4xx_hal.c **** /**
 489:Drivers/STM32F4xx_HAL_Driver/Src/stm32f4xx_hal.c ****   * @brief  Enable the Debug Module during STANDBY mode
 490:Drivers/STM32F4xx_HAL_Driver/Src/stm32f4xx_hal.c ****   * @retval None
 491:Drivers/STM32F4xx_HAL_Driver/Src/stm32f4xx_hal.c ****   */
 492:Drivers/STM32F4xx_HAL_Driver/Src/stm32f4xx_hal.c **** void HAL_DBGMCU_EnableDBGStandbyMode(void)
 493:Drivers/STM32F4xx_HAL_Driver/Src/stm32f4xx_hal.c **** {
 715              		.loc 1 493 0
 716              		.cfi_startproc
 717              		@ args = 0, pretend = 0, frame = 0
 718              		@ frame_needed = 0, uses_anonymous_args = 0
 719              		@ link register save eliminated.
 494:Drivers/STM32F4xx_HAL_Driver/Src/stm32f4xx_hal.c ****   SET_BIT(DBGMCU->CR, DBGMCU_CR_DBG_STANDBY);
ARM GAS  /tmp/ccJWaHdN.s 			page 22


 720              		.loc 1 494 0
 721 0000 024A     		ldr	r2, .L71
 722 0002 5368     		ldr	r3, [r2, #4]
 723 0004 43F00403 		orr	r3, r3, #4
 724 0008 5360     		str	r3, [r2, #4]
 495:Drivers/STM32F4xx_HAL_Driver/Src/stm32f4xx_hal.c **** }
 725              		.loc 1 495 0
 726 000a 7047     		bx	lr
 727              	.L72:
 728              		.align	2
 729              	.L71:
 730 000c 002004E0 		.word	-536600576
 731              		.cfi_endproc
 732              	.LFE150:
 734              		.section	.text.HAL_DBGMCU_DisableDBGStandbyMode,"ax",%progbits
 735              		.align	1
 736              		.global	HAL_DBGMCU_DisableDBGStandbyMode
 737              		.syntax unified
 738              		.thumb
 739              		.thumb_func
 740              		.fpu fpv4-sp-d16
 742              	HAL_DBGMCU_DisableDBGStandbyMode:
 743              	.LFB151:
 496:Drivers/STM32F4xx_HAL_Driver/Src/stm32f4xx_hal.c **** 
 497:Drivers/STM32F4xx_HAL_Driver/Src/stm32f4xx_hal.c **** /**
 498:Drivers/STM32F4xx_HAL_Driver/Src/stm32f4xx_hal.c ****   * @brief  Disable the Debug Module during STANDBY mode
 499:Drivers/STM32F4xx_HAL_Driver/Src/stm32f4xx_hal.c ****   * @retval None
 500:Drivers/STM32F4xx_HAL_Driver/Src/stm32f4xx_hal.c ****   */
 501:Drivers/STM32F4xx_HAL_Driver/Src/stm32f4xx_hal.c **** void HAL_DBGMCU_DisableDBGStandbyMode(void)
 502:Drivers/STM32F4xx_HAL_Driver/Src/stm32f4xx_hal.c **** {
 744              		.loc 1 502 0
 745              		.cfi_startproc
 746              		@ args = 0, pretend = 0, frame = 0
 747              		@ frame_needed = 0, uses_anonymous_args = 0
 748              		@ link register save eliminated.
 503:Drivers/STM32F4xx_HAL_Driver/Src/stm32f4xx_hal.c ****   CLEAR_BIT(DBGMCU->CR, DBGMCU_CR_DBG_STANDBY);
 749              		.loc 1 503 0
 750 0000 024A     		ldr	r2, .L74
 751 0002 5368     		ldr	r3, [r2, #4]
 752 0004 23F00403 		bic	r3, r3, #4
 753 0008 5360     		str	r3, [r2, #4]
 504:Drivers/STM32F4xx_HAL_Driver/Src/stm32f4xx_hal.c **** }
 754              		.loc 1 504 0
 755 000a 7047     		bx	lr
 756              	.L75:
 757              		.align	2
 758              	.L74:
 759 000c 002004E0 		.word	-536600576
 760              		.cfi_endproc
 761              	.LFE151:
 763              		.section	.text.HAL_EnableCompensationCell,"ax",%progbits
 764              		.align	1
 765              		.global	HAL_EnableCompensationCell
 766              		.syntax unified
 767              		.thumb
 768              		.thumb_func
 769              		.fpu fpv4-sp-d16
ARM GAS  /tmp/ccJWaHdN.s 			page 23


 771              	HAL_EnableCompensationCell:
 772              	.LFB152:
 505:Drivers/STM32F4xx_HAL_Driver/Src/stm32f4xx_hal.c **** 
 506:Drivers/STM32F4xx_HAL_Driver/Src/stm32f4xx_hal.c **** /**
 507:Drivers/STM32F4xx_HAL_Driver/Src/stm32f4xx_hal.c ****   * @brief  Enables the I/O Compensation Cell.
 508:Drivers/STM32F4xx_HAL_Driver/Src/stm32f4xx_hal.c ****   * @note   The I/O compensation cell can be used only when the device supply
 509:Drivers/STM32F4xx_HAL_Driver/Src/stm32f4xx_hal.c ****   *         voltage ranges from 2.4 to 3.6 V.  
 510:Drivers/STM32F4xx_HAL_Driver/Src/stm32f4xx_hal.c ****   * @retval None
 511:Drivers/STM32F4xx_HAL_Driver/Src/stm32f4xx_hal.c ****   */
 512:Drivers/STM32F4xx_HAL_Driver/Src/stm32f4xx_hal.c **** void HAL_EnableCompensationCell(void)
 513:Drivers/STM32F4xx_HAL_Driver/Src/stm32f4xx_hal.c **** {
 773              		.loc 1 513 0
 774              		.cfi_startproc
 775              		@ args = 0, pretend = 0, frame = 0
 776              		@ frame_needed = 0, uses_anonymous_args = 0
 777              		@ link register save eliminated.
 514:Drivers/STM32F4xx_HAL_Driver/Src/stm32f4xx_hal.c ****   *(__IO uint32_t *)CMPCR_CMP_PD_BB = (uint32_t)ENABLE;
 778              		.loc 1 514 0
 779 0000 014B     		ldr	r3, .L77
 780 0002 0122     		movs	r2, #1
 781 0004 1A60     		str	r2, [r3]
 515:Drivers/STM32F4xx_HAL_Driver/Src/stm32f4xx_hal.c **** }
 782              		.loc 1 515 0
 783 0006 7047     		bx	lr
 784              	.L78:
 785              		.align	2
 786              	.L77:
 787 0008 00042742 		.word	1109853184
 788              		.cfi_endproc
 789              	.LFE152:
 791              		.section	.text.HAL_DisableCompensationCell,"ax",%progbits
 792              		.align	1
 793              		.global	HAL_DisableCompensationCell
 794              		.syntax unified
 795              		.thumb
 796              		.thumb_func
 797              		.fpu fpv4-sp-d16
 799              	HAL_DisableCompensationCell:
 800              	.LFB153:
 516:Drivers/STM32F4xx_HAL_Driver/Src/stm32f4xx_hal.c **** 
 517:Drivers/STM32F4xx_HAL_Driver/Src/stm32f4xx_hal.c **** /**
 518:Drivers/STM32F4xx_HAL_Driver/Src/stm32f4xx_hal.c ****   * @brief  Power-down the I/O Compensation Cell.
 519:Drivers/STM32F4xx_HAL_Driver/Src/stm32f4xx_hal.c ****   * @note   The I/O compensation cell can be used only when the device supply
 520:Drivers/STM32F4xx_HAL_Driver/Src/stm32f4xx_hal.c ****   *         voltage ranges from 2.4 to 3.6 V.  
 521:Drivers/STM32F4xx_HAL_Driver/Src/stm32f4xx_hal.c ****   * @retval None
 522:Drivers/STM32F4xx_HAL_Driver/Src/stm32f4xx_hal.c ****   */
 523:Drivers/STM32F4xx_HAL_Driver/Src/stm32f4xx_hal.c **** void HAL_DisableCompensationCell(void)
 524:Drivers/STM32F4xx_HAL_Driver/Src/stm32f4xx_hal.c **** {
 801              		.loc 1 524 0
 802              		.cfi_startproc
 803              		@ args = 0, pretend = 0, frame = 0
 804              		@ frame_needed = 0, uses_anonymous_args = 0
 805              		@ link register save eliminated.
 525:Drivers/STM32F4xx_HAL_Driver/Src/stm32f4xx_hal.c ****   *(__IO uint32_t *)CMPCR_CMP_PD_BB = (uint32_t)DISABLE;
 806              		.loc 1 525 0
 807 0000 014B     		ldr	r3, .L80
 808 0002 0022     		movs	r2, #0
ARM GAS  /tmp/ccJWaHdN.s 			page 24


 809 0004 1A60     		str	r2, [r3]
 526:Drivers/STM32F4xx_HAL_Driver/Src/stm32f4xx_hal.c **** }
 810              		.loc 1 526 0
 811 0006 7047     		bx	lr
 812              	.L81:
 813              		.align	2
 814              	.L80:
 815 0008 00042742 		.word	1109853184
 816              		.cfi_endproc
 817              	.LFE153:
 819              		.section	.text.HAL_GetUIDw0,"ax",%progbits
 820              		.align	1
 821              		.global	HAL_GetUIDw0
 822              		.syntax unified
 823              		.thumb
 824              		.thumb_func
 825              		.fpu fpv4-sp-d16
 827              	HAL_GetUIDw0:
 828              	.LFB154:
 527:Drivers/STM32F4xx_HAL_Driver/Src/stm32f4xx_hal.c **** 
 528:Drivers/STM32F4xx_HAL_Driver/Src/stm32f4xx_hal.c **** /**
 529:Drivers/STM32F4xx_HAL_Driver/Src/stm32f4xx_hal.c ****   * @brief  Returns first word of the unique device identifier (UID based on 96 bits)
 530:Drivers/STM32F4xx_HAL_Driver/Src/stm32f4xx_hal.c ****   * @retval Device identifier
 531:Drivers/STM32F4xx_HAL_Driver/Src/stm32f4xx_hal.c ****   */
 532:Drivers/STM32F4xx_HAL_Driver/Src/stm32f4xx_hal.c **** uint32_t HAL_GetUIDw0(void)
 533:Drivers/STM32F4xx_HAL_Driver/Src/stm32f4xx_hal.c **** {
 829              		.loc 1 533 0
 830              		.cfi_startproc
 831              		@ args = 0, pretend = 0, frame = 0
 832              		@ frame_needed = 0, uses_anonymous_args = 0
 833              		@ link register save eliminated.
 534:Drivers/STM32F4xx_HAL_Driver/Src/stm32f4xx_hal.c ****   return (READ_REG(*((uint32_t *)UID_BASE)));
 535:Drivers/STM32F4xx_HAL_Driver/Src/stm32f4xx_hal.c **** }
 834              		.loc 1 535 0
 835 0000 014B     		ldr	r3, .L83
 836 0002 1868     		ldr	r0, [r3]
 837 0004 7047     		bx	lr
 838              	.L84:
 839 0006 00BF     		.align	2
 840              	.L83:
 841 0008 107AFF1F 		.word	536836624
 842              		.cfi_endproc
 843              	.LFE154:
 845              		.section	.text.HAL_GetUIDw1,"ax",%progbits
 846              		.align	1
 847              		.global	HAL_GetUIDw1
 848              		.syntax unified
 849              		.thumb
 850              		.thumb_func
 851              		.fpu fpv4-sp-d16
 853              	HAL_GetUIDw1:
 854              	.LFB155:
 536:Drivers/STM32F4xx_HAL_Driver/Src/stm32f4xx_hal.c **** 
 537:Drivers/STM32F4xx_HAL_Driver/Src/stm32f4xx_hal.c **** /**
 538:Drivers/STM32F4xx_HAL_Driver/Src/stm32f4xx_hal.c ****   * @brief  Returns second word of the unique device identifier (UID based on 96 bits)
 539:Drivers/STM32F4xx_HAL_Driver/Src/stm32f4xx_hal.c ****   * @retval Device identifier
 540:Drivers/STM32F4xx_HAL_Driver/Src/stm32f4xx_hal.c ****   */
ARM GAS  /tmp/ccJWaHdN.s 			page 25


 541:Drivers/STM32F4xx_HAL_Driver/Src/stm32f4xx_hal.c **** uint32_t HAL_GetUIDw1(void)
 542:Drivers/STM32F4xx_HAL_Driver/Src/stm32f4xx_hal.c **** {
 855              		.loc 1 542 0
 856              		.cfi_startproc
 857              		@ args = 0, pretend = 0, frame = 0
 858              		@ frame_needed = 0, uses_anonymous_args = 0
 859              		@ link register save eliminated.
 543:Drivers/STM32F4xx_HAL_Driver/Src/stm32f4xx_hal.c ****   return (READ_REG(*((uint32_t *)(UID_BASE + 4U))));
 544:Drivers/STM32F4xx_HAL_Driver/Src/stm32f4xx_hal.c **** }
 860              		.loc 1 544 0
 861 0000 014B     		ldr	r3, .L86
 862 0002 1868     		ldr	r0, [r3]
 863 0004 7047     		bx	lr
 864              	.L87:
 865 0006 00BF     		.align	2
 866              	.L86:
 867 0008 147AFF1F 		.word	536836628
 868              		.cfi_endproc
 869              	.LFE155:
 871              		.section	.text.HAL_GetUIDw2,"ax",%progbits
 872              		.align	1
 873              		.global	HAL_GetUIDw2
 874              		.syntax unified
 875              		.thumb
 876              		.thumb_func
 877              		.fpu fpv4-sp-d16
 879              	HAL_GetUIDw2:
 880              	.LFB156:
 545:Drivers/STM32F4xx_HAL_Driver/Src/stm32f4xx_hal.c **** 
 546:Drivers/STM32F4xx_HAL_Driver/Src/stm32f4xx_hal.c **** /**
 547:Drivers/STM32F4xx_HAL_Driver/Src/stm32f4xx_hal.c ****   * @brief  Returns third word of the unique device identifier (UID based on 96 bits)
 548:Drivers/STM32F4xx_HAL_Driver/Src/stm32f4xx_hal.c ****   * @retval Device identifier
 549:Drivers/STM32F4xx_HAL_Driver/Src/stm32f4xx_hal.c ****   */
 550:Drivers/STM32F4xx_HAL_Driver/Src/stm32f4xx_hal.c **** uint32_t HAL_GetUIDw2(void)
 551:Drivers/STM32F4xx_HAL_Driver/Src/stm32f4xx_hal.c **** {
 881              		.loc 1 551 0
 882              		.cfi_startproc
 883              		@ args = 0, pretend = 0, frame = 0
 884              		@ frame_needed = 0, uses_anonymous_args = 0
 885              		@ link register save eliminated.
 552:Drivers/STM32F4xx_HAL_Driver/Src/stm32f4xx_hal.c ****   return (READ_REG(*((uint32_t *)(UID_BASE + 8U))));
 553:Drivers/STM32F4xx_HAL_Driver/Src/stm32f4xx_hal.c **** }
 886              		.loc 1 553 0
 887 0000 014B     		ldr	r3, .L89
 888 0002 1868     		ldr	r0, [r3]
 889 0004 7047     		bx	lr
 890              	.L90:
 891 0006 00BF     		.align	2
 892              	.L89:
 893 0008 187AFF1F 		.word	536836632
 894              		.cfi_endproc
 895              	.LFE156:
 897              		.global	uwTickFreq
 898              		.global	uwTickPrio
 899              		.comm	uwTick,4,4
 900              		.section	.data.uwTickFreq,"aw",%progbits
 901              		.set	.LANCHOR0,. + 0
ARM GAS  /tmp/ccJWaHdN.s 			page 26


 904              	uwTickFreq:
 905 0000 01       		.byte	1
 906              		.section	.data.uwTickPrio,"aw",%progbits
 907              		.align	2
 908              		.set	.LANCHOR1,. + 0
 911              	uwTickPrio:
 912 0000 10000000 		.word	16
 913              		.text
 914              	.Letext0:
 915              		.file 2 "/home/gianluca/gcc-arm-none-eabi-7-2018-q2-update/arm-none-eabi/include/machine/_default_
 916              		.file 3 "/home/gianluca/gcc-arm-none-eabi-7-2018-q2-update/arm-none-eabi/include/sys/_stdint.h"
 917              		.file 4 "Drivers/CMSIS/Include/core_cm4.h"
 918              		.file 5 "Drivers/CMSIS/Device/ST/STM32F4xx/Include/system_stm32f4xx.h"
 919              		.file 6 "Drivers/CMSIS/Device/ST/STM32F4xx/Include/stm32f407xx.h"
 920              		.file 7 "Drivers/CMSIS/Device/ST/STM32F4xx/Include/stm32f4xx.h"
 921              		.file 8 "Drivers/STM32F4xx_HAL_Driver/Inc/stm32f4xx_hal_def.h"
 922              		.file 9 "Drivers/STM32F4xx_HAL_Driver/Inc/stm32f4xx_hal.h"
 923              		.file 10 "Drivers/STM32F4xx_HAL_Driver/Inc/stm32f4xx_hal_cortex.h"
ARM GAS  /tmp/ccJWaHdN.s 			page 27


DEFINED SYMBOLS
                            *ABS*:0000000000000000 stm32f4xx_hal.c
     /tmp/ccJWaHdN.s:18     .text.HAL_MspInit:0000000000000000 $t
     /tmp/ccJWaHdN.s:25     .text.HAL_MspInit:0000000000000000 HAL_MspInit
     /tmp/ccJWaHdN.s:39     .text.HAL_MspDeInit:0000000000000000 $t
     /tmp/ccJWaHdN.s:46     .text.HAL_MspDeInit:0000000000000000 HAL_MspDeInit
     /tmp/ccJWaHdN.s:59     .text.HAL_DeInit:0000000000000000 $t
     /tmp/ccJWaHdN.s:66     .text.HAL_DeInit:0000000000000000 HAL_DeInit
     /tmp/ccJWaHdN.s:109    .text.HAL_DeInit:0000000000000028 $d
     /tmp/ccJWaHdN.s:114    .text.HAL_InitTick:0000000000000000 $t
     /tmp/ccJWaHdN.s:121    .text.HAL_InitTick:0000000000000000 HAL_InitTick
     /tmp/ccJWaHdN.s:175    .text.HAL_InitTick:0000000000000040 $d
     /tmp/ccJWaHdN.s:182    .text.HAL_Init:0000000000000000 $t
     /tmp/ccJWaHdN.s:189    .text.HAL_Init:0000000000000000 HAL_Init
     /tmp/ccJWaHdN.s:230    .text.HAL_Init:0000000000000030 $d
     /tmp/ccJWaHdN.s:235    .text.HAL_IncTick:0000000000000000 $t
     /tmp/ccJWaHdN.s:242    .text.HAL_IncTick:0000000000000000 HAL_IncTick
     /tmp/ccJWaHdN.s:261    .text.HAL_IncTick:0000000000000010 $d
                            *COM*:0000000000000004 uwTick
     /tmp/ccJWaHdN.s:267    .text.HAL_GetTick:0000000000000000 $t
     /tmp/ccJWaHdN.s:274    .text.HAL_GetTick:0000000000000000 HAL_GetTick
     /tmp/ccJWaHdN.s:289    .text.HAL_GetTick:0000000000000008 $d
     /tmp/ccJWaHdN.s:294    .text.HAL_GetTickPrio:0000000000000000 $t
     /tmp/ccJWaHdN.s:301    .text.HAL_GetTickPrio:0000000000000000 HAL_GetTickPrio
     /tmp/ccJWaHdN.s:315    .text.HAL_GetTickPrio:0000000000000008 $d
     /tmp/ccJWaHdN.s:320    .text.HAL_SetTickFreq:0000000000000000 $t
     /tmp/ccJWaHdN.s:327    .text.HAL_SetTickFreq:0000000000000000 HAL_SetTickFreq
     /tmp/ccJWaHdN.s:366    .text.HAL_SetTickFreq:000000000000001c $d
     /tmp/ccJWaHdN.s:372    .text.HAL_GetTickFreq:0000000000000000 $t
     /tmp/ccJWaHdN.s:379    .text.HAL_GetTickFreq:0000000000000000 HAL_GetTickFreq
     /tmp/ccJWaHdN.s:393    .text.HAL_GetTickFreq:0000000000000008 $d
     /tmp/ccJWaHdN.s:398    .text.HAL_Delay:0000000000000000 $t
     /tmp/ccJWaHdN.s:405    .text.HAL_Delay:0000000000000000 HAL_Delay
     /tmp/ccJWaHdN.s:446    .text.HAL_Delay:0000000000000024 $d
     /tmp/ccJWaHdN.s:451    .text.HAL_SuspendTick:0000000000000000 $t
     /tmp/ccJWaHdN.s:458    .text.HAL_SuspendTick:0000000000000000 HAL_SuspendTick
     /tmp/ccJWaHdN.s:475    .text.HAL_SuspendTick:000000000000000c $d
     /tmp/ccJWaHdN.s:480    .text.HAL_ResumeTick:0000000000000000 $t
     /tmp/ccJWaHdN.s:487    .text.HAL_ResumeTick:0000000000000000 HAL_ResumeTick
     /tmp/ccJWaHdN.s:504    .text.HAL_ResumeTick:000000000000000c $d
     /tmp/ccJWaHdN.s:509    .text.HAL_GetHalVersion:0000000000000000 $t
     /tmp/ccJWaHdN.s:516    .text.HAL_GetHalVersion:0000000000000000 HAL_GetHalVersion
     /tmp/ccJWaHdN.s:529    .text.HAL_GetHalVersion:0000000000000004 $d
     /tmp/ccJWaHdN.s:534    .text.HAL_GetREVID:0000000000000000 $t
     /tmp/ccJWaHdN.s:541    .text.HAL_GetREVID:0000000000000000 HAL_GetREVID
     /tmp/ccJWaHdN.s:557    .text.HAL_GetREVID:0000000000000008 $d
     /tmp/ccJWaHdN.s:562    .text.HAL_GetDEVID:0000000000000000 $t
     /tmp/ccJWaHdN.s:569    .text.HAL_GetDEVID:0000000000000000 HAL_GetDEVID
     /tmp/ccJWaHdN.s:585    .text.HAL_GetDEVID:000000000000000c $d
     /tmp/ccJWaHdN.s:590    .text.HAL_DBGMCU_EnableDBGSleepMode:0000000000000000 $t
     /tmp/ccJWaHdN.s:597    .text.HAL_DBGMCU_EnableDBGSleepMode:0000000000000000 HAL_DBGMCU_EnableDBGSleepMode
     /tmp/ccJWaHdN.s:614    .text.HAL_DBGMCU_EnableDBGSleepMode:000000000000000c $d
     /tmp/ccJWaHdN.s:619    .text.HAL_DBGMCU_DisableDBGSleepMode:0000000000000000 $t
     /tmp/ccJWaHdN.s:626    .text.HAL_DBGMCU_DisableDBGSleepMode:0000000000000000 HAL_DBGMCU_DisableDBGSleepMode
     /tmp/ccJWaHdN.s:643    .text.HAL_DBGMCU_DisableDBGSleepMode:000000000000000c $d
     /tmp/ccJWaHdN.s:648    .text.HAL_DBGMCU_EnableDBGStopMode:0000000000000000 $t
     /tmp/ccJWaHdN.s:655    .text.HAL_DBGMCU_EnableDBGStopMode:0000000000000000 HAL_DBGMCU_EnableDBGStopMode
ARM GAS  /tmp/ccJWaHdN.s 			page 28


     /tmp/ccJWaHdN.s:672    .text.HAL_DBGMCU_EnableDBGStopMode:000000000000000c $d
     /tmp/ccJWaHdN.s:677    .text.HAL_DBGMCU_DisableDBGStopMode:0000000000000000 $t
     /tmp/ccJWaHdN.s:684    .text.HAL_DBGMCU_DisableDBGStopMode:0000000000000000 HAL_DBGMCU_DisableDBGStopMode
     /tmp/ccJWaHdN.s:701    .text.HAL_DBGMCU_DisableDBGStopMode:000000000000000c $d
     /tmp/ccJWaHdN.s:706    .text.HAL_DBGMCU_EnableDBGStandbyMode:0000000000000000 $t
     /tmp/ccJWaHdN.s:713    .text.HAL_DBGMCU_EnableDBGStandbyMode:0000000000000000 HAL_DBGMCU_EnableDBGStandbyMode
     /tmp/ccJWaHdN.s:730    .text.HAL_DBGMCU_EnableDBGStandbyMode:000000000000000c $d
     /tmp/ccJWaHdN.s:735    .text.HAL_DBGMCU_DisableDBGStandbyMode:0000000000000000 $t
     /tmp/ccJWaHdN.s:742    .text.HAL_DBGMCU_DisableDBGStandbyMode:0000000000000000 HAL_DBGMCU_DisableDBGStandbyMode
     /tmp/ccJWaHdN.s:759    .text.HAL_DBGMCU_DisableDBGStandbyMode:000000000000000c $d
     /tmp/ccJWaHdN.s:764    .text.HAL_EnableCompensationCell:0000000000000000 $t
     /tmp/ccJWaHdN.s:771    .text.HAL_EnableCompensationCell:0000000000000000 HAL_EnableCompensationCell
     /tmp/ccJWaHdN.s:787    .text.HAL_EnableCompensationCell:0000000000000008 $d
     /tmp/ccJWaHdN.s:792    .text.HAL_DisableCompensationCell:0000000000000000 $t
     /tmp/ccJWaHdN.s:799    .text.HAL_DisableCompensationCell:0000000000000000 HAL_DisableCompensationCell
     /tmp/ccJWaHdN.s:815    .text.HAL_DisableCompensationCell:0000000000000008 $d
     /tmp/ccJWaHdN.s:820    .text.HAL_GetUIDw0:0000000000000000 $t
     /tmp/ccJWaHdN.s:827    .text.HAL_GetUIDw0:0000000000000000 HAL_GetUIDw0
     /tmp/ccJWaHdN.s:841    .text.HAL_GetUIDw0:0000000000000008 $d
     /tmp/ccJWaHdN.s:846    .text.HAL_GetUIDw1:0000000000000000 $t
     /tmp/ccJWaHdN.s:853    .text.HAL_GetUIDw1:0000000000000000 HAL_GetUIDw1
     /tmp/ccJWaHdN.s:867    .text.HAL_GetUIDw1:0000000000000008 $d
     /tmp/ccJWaHdN.s:872    .text.HAL_GetUIDw2:0000000000000000 $t
     /tmp/ccJWaHdN.s:879    .text.HAL_GetUIDw2:0000000000000000 HAL_GetUIDw2
     /tmp/ccJWaHdN.s:893    .text.HAL_GetUIDw2:0000000000000008 $d
     /tmp/ccJWaHdN.s:904    .data.uwTickFreq:0000000000000000 uwTickFreq
     /tmp/ccJWaHdN.s:911    .data.uwTickPrio:0000000000000000 uwTickPrio
     /tmp/ccJWaHdN.s:907    .data.uwTickPrio:0000000000000000 $d

UNDEFINED SYMBOLS
HAL_SYSTICK_Config
HAL_NVIC_SetPriority
SystemCoreClock
HAL_NVIC_SetPriorityGrouping
